2023-05-31 04:46:38,205 [INFO] MainUpdater:2854 - connection check result : 10
2023-05-31 04:46:38,261 [INFO] McuFinderGlobals:66 - Set McuFinderConnectedMode to true
2023-05-31 04:46:40,391 [INFO] ServerAccessManage:473 - Download File mcusAds.json._tmp_
2023-05-31 04:46:40,528 [INFO] LoadUrlFilesThread:156 - End of LoadUrlFiles Thread
2023-05-31 04:46:41,746 [INFO] ServerAccessManage:473 - Download File cube-finder-db.zip
2023-05-31 04:47:34,248 [INFO] FileExtend:240 - Unzip File : cube-finder-db.zip
2023-05-31 04:47:34,248 [INFO] FileExtend:255 - Standard Zip Deflate
2023-05-31 04:47:35,189 [INFO] LoadUrlFilesThread:156 - End of LoadUrlFiles Thread
2023-05-31 04:47:36,915 [INFO] ServerAccessManage:473 - Download File crdb.zip
2023-05-31 04:47:37,970 [INFO] FileExtend:240 - Unzip File : crdb.zip
2023-05-31 04:47:37,970 [INFO] FileExtend:255 - Standard Zip Deflate
2023-05-31 04:47:38,105 [INFO] LoadUrlFilesThread:156 - End of LoadUrlFiles Thread
2023-05-31 04:47:38,151 [INFO] ServerAccessManage:473 - Download File tutoVideoDB.zip
2023-05-31 04:47:38,161 [INFO] FileExtend:240 - Unzip File : tutoVideoDB.zip
2023-05-31 04:47:38,161 [INFO] FileExtend:255 - Standard Zip Deflate
2023-05-31 04:47:38,293 [INFO] LoadUrlFilesThread:156 - End of LoadUrlFiles Thread
2023-05-31 04:47:38,306 [WARN] DbFile:41 - Overriding database path with different value: C:\Users\mfern\.stmcufinder\plugins\mcufinder/ => C:\Users\mfern\.stmcufinder\plugins\mcufinder
2023-05-31 04:47:38,370 [INFO] ServerAccessManage:473 - Download File api_config.json
2023-05-31 04:47:38,494 [INFO] LoadUrlFilesThread:156 - End of LoadUrlFiles Thread
2023-05-31 04:47:38,497 [INFO] DbMcusAds:53 - JSON generation date=Tue Mar 07 02:50:55 CST 2023 (1678179055335)
2023-05-31 04:47:38,505 [INFO] ApiDb:448 - Save user favorites file C:\Users\mfern/.stm32cubeide/favorites.mcus.txt: 0 item(s)
2023-05-31 04:47:38,509 [INFO] ApiDb:452 - User favorites MCUs=[]
2023-05-31 04:47:38,526 [INFO] ApiDb:581 - Connected to CubeFinder SQLite database (C:\Users\mfern\.stmcufinder\plugins\mcufinder\mcu\cube-finder-db.db)
2023-05-31 04:47:38,570 [INFO] ApiDb:668 - CubeFinder database Data Model version=2.1
2023-05-31 04:47:38,570 [INFO] ApiDb:669 - CubeFinder database Configuration version=3.0.35
2023-05-31 04:47:38,570 [INFO] ApiDb:670 - CubeFinder database generation date=2023-05-12 (1683877179)
2023-05-31 04:47:38,570 [INFO] ApiDb:671 - CubeFinder database FW Pack versions=[FP-ATR-ASTRA1_V2.0.0, FP-SNS-FLIGHT1_V5.0.0, FP-SNS-MOTENV1_V4.3.0, STM32Cube_FW_C0_V1.0.1, STM32Cube_FW_F0_V1.11.4, STM32Cube_FW_F3_V1.11.4, STM32Cube_FW_F4_V1.27.1, STM32Cube_FW_F7_V1.17.0, STM32Cube_FW_G0_V1.6.1, STM32Cube_FW_G4_V1.5.1, STM32Cube_FW_H5_V0.5.1, STM32Cube_FW_H5_V1.0.0, STM32Cube_FW_H7_V1.11.0, STM32Cube_FW_L0_V1.12.2, STM32Cube_FW_L5_V1.5.0, STM32Cube_FW_U5_V1.2.0, STM32Cube_FW_WBA_V1.0.0, STM32Cube_FW_WBA_V1.0.0RC1, STM32Cube_FW_WBA_V1.0.0RC3, STM32Cube_FW_WB_V1.15.0RC1, STM32Cube_FW_WB_V1.16.0, STM32Cube_FW_WB_V1.16.0RC2, STM32Cube_FW_WL_V1.3.0, X-CUBE-ALGOBUILD_V1.3.0, X-CUBE-ALS_V1.0.1, X-CUBE-AZRTOS-F4_V1.1.0, X-CUBE-AZRTOS-F7_V1.1.0, X-CUBE-AZRTOS-G0_V1.1.0, X-CUBE-AZRTOS-G4_V2.0.0, X-CUBE-AZRTOS-H7_V3.1.0, X-CUBE-AZRTOS-L4_V1.0.0, X-CUBE-AZRTOS-L5_V1.1.0, X-CUBE-AZRTOS-WB_V1.1.0, X-CUBE-AZRTOS-WL_V1.0.0, X-CUBE-BLE1_V6.2.4, X-CUBE-BLE2_V3.3.0, X-CUBE-BLEMGR_V2.0.0, X-CUBE-EEPRMA1_V4.1.0, X-CUBE-FREERTOS_V1.0.1, X-CUBE-GNSS1_V6.0.0, X-CUBE-MEMS1_V9.1.0, X-CUBE-MEMS1_V9.4.0, X-CUBE-MEMS1_V9.6.0, X-CUBE-NFC4_V3.0.0, X-CUBE-NFC7_V1.0.0, X-CUBE-SFXS2LP1_V4.0.0, X-CUBE-SUBG2_V5.0.0]
2023-05-31 04:47:40,030 [INFO] ApiDb:240 - Found 297 in-development CPN: [B-G473E-ZEST1S, B-WB1M-WPAN1, B-WL5M-SUBG1, NUCLEO-C031C6, NUCLEO-H503RB, NUCLEO-H563ZI, NUCLEO-U545RE-Q, NUCLEO-U5A5ZJ-Q, NUCLEO-WBA52CG, STEVAL-PROTEUS1, STEVAL-STWINBX1, STM320518-EVAL, STM32C0116-DK, STM32C011D6Y3TR, STM32C011D6Y6TR, STM32C011F4P3, STM32C011F4P6, STM32C011F4U3, STM32C011F4U6TR, STM32C011F6P3, STM32C011F6P6, STM32C011F6U3, STM32C011F6U6TR, STM32C011J4M3, STM32C011J4M6, STM32C011J6M3, STM32C011J6M6, STM32C0316-DK, STM32C031C4T3, STM32C031C4T6, STM32C031C4U3, STM32C031C4U6, STM32C031C6T3, STM32C031C6T6, STM32C031C6U3, STM32C031C6U6, STM32C031F4P3, STM32C031F4P6, STM32C031F6P3, STM32C031F6P6, STM32C031G4U3, STM32C031G4U6, STM32C031G6U3, STM32C031G6U6, STM32C031K4T3, STM32C031K4T6, STM32C031K4U3, STM32C031K4U6, STM32C031K6T3, STM32C031K6T6, STM32C031K6U3, STM32C031K6U6, STM32G071K8TXN, STM32G071K8UXN, STM32G081GBU6N, STM32G081KBT6N, STM32G081KBUXN, STM32G0B1CCT6N, STM32G0B1KCT6, STM32G0B1NEY6TR, STM32G0B1RCT6N, STM32G0C1CCT6, STM32G0C1CCT6N, STM32G0C1CCU6N, STM32G0C1CET6N, STM32G0C1CEU6N, STM32G0C1KCT6, STM32G0C1NEY6TR, STM32G0C1RCI6N, STM32G0C1RCT6N, STM32G0C1REI6N, STM32G0C1RET6N, STM32G0C1VCI6, STM32G0C1VEI6, STM32G471CCT6, STM32G471CCU6, STM32G471CET3, STM32G471CET6, STM32G471CEU3, STM32G471CEU6, STM32G471MCT6, STM32G471MET3, STM32G471MET6, STM32G471MEY6TR, STM32G471QCT6, STM32G471QET3, STM32G471RCT6, STM32G471RET3, STM32G471RET6, STM32G471VCH6, STM32G471VCI6, STM32G471VCT6, STM32G471VEH3, STM32G471VEH6, STM32G471VEI3, STM32G471VEI6, STM32G471VET3, STM32G471VET6, STM32G474CCT6, STM32H503CBT6, STM32H503CBU6, STM32H503EBY6TR, STM32H503KBU6, STM32H503RBT6, STM32H562AGI6, STM32H562AII6, STM32H562IGK6, STM32H562IGT6, STM32H562IIK6, STM32H562IIT6, STM32H562RGT6, STM32H562RGV6, STM32H562RIT6, STM32H562RIV6, STM32H562VGT6, STM32H562VIT6, STM32H562ZGT6, STM32H562ZIT6, STM32H563AGI6, STM32H563AII3Q, STM32H563AII6, STM32H563IGK6, STM32H563IGT6, STM32H563IIK3Q, STM32H563IIK6, STM32H563IIT3Q, STM32H563IIT6, STM32H563MIY3QTR, STM32H563RGT6, STM32H563RGV6, STM32H563RIT6, STM32H563RIV6, STM32H563VGT6, STM32H563VIT3Q, STM32H563VIT6, STM32H563ZGT6, STM32H563ZIT3Q, STM32H563ZIT6, STM32H573AII3Q, STM32H573AII6, STM32H573I-DK, STM32H573IIK3Q, STM32H573IIK6, STM32H573IIT3Q, STM32H573IIT6, STM32H573MIY3QTR, STM32H573RIT6, STM32H573RIV6, STM32H573VIT3Q, STM32H573VIT6, STM32H573ZIT3Q, STM32H573ZIT6, STM32L4R5QGI6STR, STM32MP131AAE3, STM32MP131AAF3, STM32MP131AAG3, STM32MP131CAE3, STM32MP131CAF3, STM32MP131CAG3, STM32MP131DAE7, STM32MP131DAF7, STM32MP131DAG7, STM32MP131FAE7, STM32MP131FAF7, STM32MP131FAG7, STM32MP133AAE3, STM32MP133AAF3, STM32MP133AAG3, STM32MP133CAE3, STM32MP133CAF3, STM32MP133CAG3, STM32MP133DAE7, STM32MP133DAF7, STM32MP133DAG7, STM32MP133FAE7, STM32MP133FAF7, STM32MP133FAG7, STM32MP135AAE3, STM32MP135AAF3, STM32MP135AAG3, STM32MP135CAE3, STM32MP135CAF3, STM32MP135CAG3, STM32MP135DAE7, STM32MP135DAF7, STM32MP135DAG7, STM32MP135F-DK, STM32MP135FAE7, STM32MP135FAF7, STM32MP135FAF7T, STM32MP135FAF7U, STM32MP135FAG7, STM32U535CBT6, STM32U535CBT6Q, STM32U535CBU6, STM32U535CBU6Q, STM32U535CCT6, STM32U535CCT6Q, STM32U535CCU6, STM32U535CCU6Q, STM32U535CET6, STM32U535CET6Q, STM32U535CEU6, STM32U535CEU6Q, STM32U535JEY6QTR, STM32U535NCY6QTR, STM32U535NEY6QTR, STM32U535RBI6, STM32U535RBI6Q, STM32U535RBT6, STM32U535RBT6Q, STM32U535RCI6, STM32U535RCI6Q, STM32U535RCT6, STM32U535RCT6Q, STM32U535REI6, STM32U535REI6Q, STM32U535RET6, STM32U535RET6Q, STM32U535VCI6, STM32U535VCI6Q, STM32U535VCT6, STM32U535VCT6Q, STM32U535VEI6, STM32U535VEI6Q, STM32U535VET6, STM32U535VET6Q, STM32U545CET6, STM32U545CET6Q, STM32U545CEU6, STM32U545CEU6Q, STM32U545JEY6QTR, STM32U545NEY6QTR, STM32U545REI6, STM32U545REI6Q, STM32U545RET6, STM32U545RET6Q, STM32U545VEI6, STM32U545VEI6Q, STM32U545VET6, STM32U545VET6Q, STM32U595AIH6, STM32U595AIH6Q, STM32U595AJH6, STM32U595AJH6Q, STM32U595QII6, STM32U595QII6Q, STM32U595QJI6, STM32U595QJI6Q, STM32U595RIT6, STM32U595RIT6Q, STM32U595RJT6, STM32U595RJT6Q, STM32U595VIT6, STM32U595VIT6Q, STM32U595VJT6, STM32U595VJT6Q, STM32U595ZIT6, STM32U595ZIT6Q, STM32U595ZIY6QTR, STM32U595ZJT6, STM32U595ZJT6Q, STM32U595ZJY6QTR, STM32U599BJY6QTR, STM32U599NIH6Q, STM32U599NJH6Q, STM32U599VIT6Q, STM32U599VJT6, STM32U599VJT6Q, STM32U599ZIT6Q, STM32U599ZIY6QTR, STM32U599ZJT6Q, STM32U599ZJY6QTR, STM32U5A5AJH6, STM32U5A5AJH6Q, STM32U5A5QJI6, STM32U5A5QJI6Q, STM32U5A5RJT6, STM32U5A5RJT6Q, STM32U5A5VJT6, STM32U5A5VJT6Q, STM32U5A5ZJT6, STM32U5A5ZJT6Q, STM32U5A5ZJY6QTR, STM32U5A9BJY6QTR, STM32U5A9J-DK, STM32U5A9NJH6Q, STM32U5A9VJT6Q, STM32U5A9ZJT6Q, STM32U5A9ZJY6QTR, STM32WB1MMCH6, STM32WBA52CEU6, STM32WBA52CEU6T, STM32WBA52CGU6, STM32WBA52CGU6T, STM32WL5MOCH6, STM32WL5MOCH6TR]
2023-05-31 04:47:40,033 [INFO] DbMcus:216 - Found 3775 MCUs, 3775 are supported
2023-05-31 04:47:40,033 [INFO] ApiDb:423 - Load user favorites file C:\Users\mfern/.stm32cubeide/favorites.mcus.txt: 0 item(s)
2023-05-31 04:47:40,033 [INFO] ApiDb:427 - User favorites MCUs=[]
2023-05-31 04:47:40,033 [INFO] DbMcus:222 - Set 0 / 0 favorites MCUs
2023-05-31 04:47:40,259 [INFO] LoadUrlFilesThread:185 - End of LoadServerUrlFiles without Thread
2023-05-31 04:47:40,259 [INFO] TargetSelectorAdapter:259 - Refresh data is successful
2023-05-31 04:47:40,263 [INFO] ApiDb:668 - CubeFinder database Data Model version=2.1
2023-05-31 04:47:40,263 [INFO] ApiDb:669 - CubeFinder database Configuration version=3.0.35
2023-05-31 04:47:40,263 [INFO] ApiDb:670 - CubeFinder database generation date=2023-05-12 (1683877179)
2023-05-31 04:47:40,263 [INFO] ApiDb:671 - CubeFinder database FW Pack versions=[FP-ATR-ASTRA1_V2.0.0, FP-SNS-FLIGHT1_V5.0.0, FP-SNS-MOTENV1_V4.3.0, STM32Cube_FW_C0_V1.0.1, STM32Cube_FW_F0_V1.11.4, STM32Cube_FW_F3_V1.11.4, STM32Cube_FW_F4_V1.27.1, STM32Cube_FW_F7_V1.17.0, STM32Cube_FW_G0_V1.6.1, STM32Cube_FW_G4_V1.5.1, STM32Cube_FW_H5_V0.5.1, STM32Cube_FW_H5_V1.0.0, STM32Cube_FW_H7_V1.11.0, STM32Cube_FW_L0_V1.12.2, STM32Cube_FW_L5_V1.5.0, STM32Cube_FW_U5_V1.2.0, STM32Cube_FW_WBA_V1.0.0, STM32Cube_FW_WBA_V1.0.0RC1, STM32Cube_FW_WBA_V1.0.0RC3, STM32Cube_FW_WB_V1.15.0RC1, STM32Cube_FW_WB_V1.16.0, STM32Cube_FW_WB_V1.16.0RC2, STM32Cube_FW_WL_V1.3.0, X-CUBE-ALGOBUILD_V1.3.0, X-CUBE-ALS_V1.0.1, X-CUBE-AZRTOS-F4_V1.1.0, X-CUBE-AZRTOS-F7_V1.1.0, X-CUBE-AZRTOS-G0_V1.1.0, X-CUBE-AZRTOS-G4_V2.0.0, X-CUBE-AZRTOS-H7_V3.1.0, X-CUBE-AZRTOS-L4_V1.0.0, X-CUBE-AZRTOS-L5_V1.1.0, X-CUBE-AZRTOS-WB_V1.1.0, X-CUBE-AZRTOS-WL_V1.0.0, X-CUBE-BLE1_V6.2.4, X-CUBE-BLE2_V3.3.0, X-CUBE-BLEMGR_V2.0.0, X-CUBE-EEPRMA1_V4.1.0, X-CUBE-FREERTOS_V1.0.1, X-CUBE-GNSS1_V6.0.0, X-CUBE-MEMS1_V9.1.0, X-CUBE-MEMS1_V9.4.0, X-CUBE-MEMS1_V9.6.0, X-CUBE-NFC4_V3.0.0, X-CUBE-NFC7_V1.0.0, X-CUBE-SFXS2LP1_V4.0.0, X-CUBE-SUBG2_V5.0.0]
2023-05-31 04:47:40,301 [INFO] DbBoardsSqlite:226 - include board P-NUCLEO-WB55-NUCLEO as a kit item of type 'Nucleo-64'
2023-05-31 04:47:40,301 [INFO] DbBoardsSqlite:226 - include board P-NUCLEO-WB55-USBDONGLE as a kit item of type 'Nucleo USB Dongle'
2023-05-31 04:47:40,301 [INFO] DbBoardsSqlite:226 - include board STEVAL-IDP005V1 as a kit item of type 'Evaluation Board'
2023-05-31 04:47:40,301 [INFO] DbBoardsSqlite:226 - include board STEVAL-IDP005V2 as a kit item of type 'Evaluation Board'
2023-05-31 04:47:40,349 [INFO] ApiDb:240 - Found 297 in-development CPN: [B-G473E-ZEST1S, B-WB1M-WPAN1, B-WL5M-SUBG1, NUCLEO-C031C6, NUCLEO-H503RB, NUCLEO-H563ZI, NUCLEO-U545RE-Q, NUCLEO-U5A5ZJ-Q, NUCLEO-WBA52CG, STEVAL-PROTEUS1, STEVAL-STWINBX1, STM320518-EVAL, STM32C0116-DK, STM32C011D6Y3TR, STM32C011D6Y6TR, STM32C011F4P3, STM32C011F4P6, STM32C011F4U3, STM32C011F4U6TR, STM32C011F6P3, STM32C011F6P6, STM32C011F6U3, STM32C011F6U6TR, STM32C011J4M3, STM32C011J4M6, STM32C011J6M3, STM32C011J6M6, STM32C0316-DK, STM32C031C4T3, STM32C031C4T6, STM32C031C4U3, STM32C031C4U6, STM32C031C6T3, STM32C031C6T6, STM32C031C6U3, STM32C031C6U6, STM32C031F4P3, STM32C031F4P6, STM32C031F6P3, STM32C031F6P6, STM32C031G4U3, STM32C031G4U6, STM32C031G6U3, STM32C031G6U6, STM32C031K4T3, STM32C031K4T6, STM32C031K4U3, STM32C031K4U6, STM32C031K6T3, STM32C031K6T6, STM32C031K6U3, STM32C031K6U6, STM32G071K8TXN, STM32G071K8UXN, STM32G081GBU6N, STM32G081KBT6N, STM32G081KBUXN, STM32G0B1CCT6N, STM32G0B1KCT6, STM32G0B1NEY6TR, STM32G0B1RCT6N, STM32G0C1CCT6, STM32G0C1CCT6N, STM32G0C1CCU6N, STM32G0C1CET6N, STM32G0C1CEU6N, STM32G0C1KCT6, STM32G0C1NEY6TR, STM32G0C1RCI6N, STM32G0C1RCT6N, STM32G0C1REI6N, STM32G0C1RET6N, STM32G0C1VCI6, STM32G0C1VEI6, STM32G471CCT6, STM32G471CCU6, STM32G471CET3, STM32G471CET6, STM32G471CEU3, STM32G471CEU6, STM32G471MCT6, STM32G471MET3, STM32G471MET6, STM32G471MEY6TR, STM32G471QCT6, STM32G471QET3, STM32G471RCT6, STM32G471RET3, STM32G471RET6, STM32G471VCH6, STM32G471VCI6, STM32G471VCT6, STM32G471VEH3, STM32G471VEH6, STM32G471VEI3, STM32G471VEI6, STM32G471VET3, STM32G471VET6, STM32G474CCT6, STM32H503CBT6, STM32H503CBU6, STM32H503EBY6TR, STM32H503KBU6, STM32H503RBT6, STM32H562AGI6, STM32H562AII6, STM32H562IGK6, STM32H562IGT6, STM32H562IIK6, STM32H562IIT6, STM32H562RGT6, STM32H562RGV6, STM32H562RIT6, STM32H562RIV6, STM32H562VGT6, STM32H562VIT6, STM32H562ZGT6, STM32H562ZIT6, STM32H563AGI6, STM32H563AII3Q, STM32H563AII6, STM32H563IGK6, STM32H563IGT6, STM32H563IIK3Q, STM32H563IIK6, STM32H563IIT3Q, STM32H563IIT6, STM32H563MIY3QTR, STM32H563RGT6, STM32H563RGV6, STM32H563RIT6, STM32H563RIV6, STM32H563VGT6, STM32H563VIT3Q, STM32H563VIT6, STM32H563ZGT6, STM32H563ZIT3Q, STM32H563ZIT6, STM32H573AII3Q, STM32H573AII6, STM32H573I-DK, STM32H573IIK3Q, STM32H573IIK6, STM32H573IIT3Q, STM32H573IIT6, STM32H573MIY3QTR, STM32H573RIT6, STM32H573RIV6, STM32H573VIT3Q, STM32H573VIT6, STM32H573ZIT3Q, STM32H573ZIT6, STM32L4R5QGI6STR, STM32MP131AAE3, STM32MP131AAF3, STM32MP131AAG3, STM32MP131CAE3, STM32MP131CAF3, STM32MP131CAG3, STM32MP131DAE7, STM32MP131DAF7, STM32MP131DAG7, STM32MP131FAE7, STM32MP131FAF7, STM32MP131FAG7, STM32MP133AAE3, STM32MP133AAF3, STM32MP133AAG3, STM32MP133CAE3, STM32MP133CAF3, STM32MP133CAG3, STM32MP133DAE7, STM32MP133DAF7, STM32MP133DAG7, STM32MP133FAE7, STM32MP133FAF7, STM32MP133FAG7, STM32MP135AAE3, STM32MP135AAF3, STM32MP135AAG3, STM32MP135CAE3, STM32MP135CAF3, STM32MP135CAG3, STM32MP135DAE7, STM32MP135DAF7, STM32MP135DAG7, STM32MP135F-DK, STM32MP135FAE7, STM32MP135FAF7, STM32MP135FAF7T, STM32MP135FAF7U, STM32MP135FAG7, STM32U535CBT6, STM32U535CBT6Q, STM32U535CBU6, STM32U535CBU6Q, STM32U535CCT6, STM32U535CCT6Q, STM32U535CCU6, STM32U535CCU6Q, STM32U535CET6, STM32U535CET6Q, STM32U535CEU6, STM32U535CEU6Q, STM32U535JEY6QTR, STM32U535NCY6QTR, STM32U535NEY6QTR, STM32U535RBI6, STM32U535RBI6Q, STM32U535RBT6, STM32U535RBT6Q, STM32U535RCI6, STM32U535RCI6Q, STM32U535RCT6, STM32U535RCT6Q, STM32U535REI6, STM32U535REI6Q, STM32U535RET6, STM32U535RET6Q, STM32U535VCI6, STM32U535VCI6Q, STM32U535VCT6, STM32U535VCT6Q, STM32U535VEI6, STM32U535VEI6Q, STM32U535VET6, STM32U535VET6Q, STM32U545CET6, STM32U545CET6Q, STM32U545CEU6, STM32U545CEU6Q, STM32U545JEY6QTR, STM32U545NEY6QTR, STM32U545REI6, STM32U545REI6Q, STM32U545RET6, STM32U545RET6Q, STM32U545VEI6, STM32U545VEI6Q, STM32U545VET6, STM32U545VET6Q, STM32U595AIH6, STM32U595AIH6Q, STM32U595AJH6, STM32U595AJH6Q, STM32U595QII6, STM32U595QII6Q, STM32U595QJI6, STM32U595QJI6Q, STM32U595RIT6, STM32U595RIT6Q, STM32U595RJT6, STM32U595RJT6Q, STM32U595VIT6, STM32U595VIT6Q, STM32U595VJT6, STM32U595VJT6Q, STM32U595ZIT6, STM32U595ZIT6Q, STM32U595ZIY6QTR, STM32U595ZJT6, STM32U595ZJT6Q, STM32U595ZJY6QTR, STM32U599BJY6QTR, STM32U599NIH6Q, STM32U599NJH6Q, STM32U599VIT6Q, STM32U599VJT6, STM32U599VJT6Q, STM32U599ZIT6Q, STM32U599ZIY6QTR, STM32U599ZJT6Q, STM32U599ZJY6QTR, STM32U5A5AJH6, STM32U5A5AJH6Q, STM32U5A5QJI6, STM32U5A5QJI6Q, STM32U5A5RJT6, STM32U5A5RJT6Q, STM32U5A5VJT6, STM32U5A5VJT6Q, STM32U5A5ZJT6, STM32U5A5ZJT6Q, STM32U5A5ZJY6QTR, STM32U5A9BJY6QTR, STM32U5A9J-DK, STM32U5A9NJH6Q, STM32U5A9VJT6Q, STM32U5A9ZJT6Q, STM32U5A9ZJY6QTR, STM32WB1MMCH6, STM32WBA52CEU6, STM32WBA52CEU6T, STM32WBA52CGU6, STM32WBA52CGU6T, STM32WL5MOCH6, STM32WL5MOCH6TR]
2023-05-31 04:47:40,439 [INFO] BoardInfo:880 - No configuration file found for board P-NUCLEO-WB55
2023-05-31 04:47:40,439 [INFO] DbBoards:157 - Kit is not supported: P-NUCLEO-WB55
2023-05-31 04:47:40,439 [INFO] BoardInfo:880 - No configuration file found for board STEVAL-BFA001V1B
2023-05-31 04:47:40,439 [INFO] DbBoards:157 - Kit is not supported: STEVAL-BFA001V1B
2023-05-31 04:47:40,439 [INFO] BoardInfo:880 - No configuration file found for board STEVAL-BFA001V2B
2023-05-31 04:47:40,439 [INFO] DbBoards:157 - Kit is not supported: STEVAL-BFA001V2B
2023-05-31 04:47:40,539 [INFO] DbBoards:161 - Found 187 boards, 184 are supported
2023-05-31 04:47:40,541 [INFO] ApiDb:423 - Load user favorites file C:\Users\mfern/.stm32cubeide/favorites.boards.txt: 0 item(s)
2023-05-31 04:47:40,541 [INFO] ApiDb:427 - User favorites Boards=[]
2023-05-31 04:47:40,541 [INFO] DbBoards:190 - Set 0 / 0 favorites Boards
2023-05-31 04:47:40,544 [INFO] ApiDb:668 - CubeFinder database Data Model version=2.1
2023-05-31 04:47:40,544 [INFO] ApiDb:669 - CubeFinder database Configuration version=3.0.35
2023-05-31 04:47:40,545 [INFO] ApiDb:670 - CubeFinder database generation date=2023-05-12 (1683877179)
2023-05-31 04:47:40,545 [INFO] ApiDb:671 - CubeFinder database FW Pack versions=[FP-ATR-ASTRA1_V2.0.0, FP-SNS-FLIGHT1_V5.0.0, FP-SNS-MOTENV1_V4.3.0, STM32Cube_FW_C0_V1.0.1, STM32Cube_FW_F0_V1.11.4, STM32Cube_FW_F3_V1.11.4, STM32Cube_FW_F4_V1.27.1, STM32Cube_FW_F7_V1.17.0, STM32Cube_FW_G0_V1.6.1, STM32Cube_FW_G4_V1.5.1, STM32Cube_FW_H5_V0.5.1, STM32Cube_FW_H5_V1.0.0, STM32Cube_FW_H7_V1.11.0, STM32Cube_FW_L0_V1.12.2, STM32Cube_FW_L5_V1.5.0, STM32Cube_FW_U5_V1.2.0, STM32Cube_FW_WBA_V1.0.0, STM32Cube_FW_WBA_V1.0.0RC1, STM32Cube_FW_WBA_V1.0.0RC3, STM32Cube_FW_WB_V1.15.0RC1, STM32Cube_FW_WB_V1.16.0, STM32Cube_FW_WB_V1.16.0RC2, STM32Cube_FW_WL_V1.3.0, X-CUBE-ALGOBUILD_V1.3.0, X-CUBE-ALS_V1.0.1, X-CUBE-AZRTOS-F4_V1.1.0, X-CUBE-AZRTOS-F7_V1.1.0, X-CUBE-AZRTOS-G0_V1.1.0, X-CUBE-AZRTOS-G4_V2.0.0, X-CUBE-AZRTOS-H7_V3.1.0, X-CUBE-AZRTOS-L4_V1.0.0, X-CUBE-AZRTOS-L5_V1.1.0, X-CUBE-AZRTOS-WB_V1.1.0, X-CUBE-AZRTOS-WL_V1.0.0, X-CUBE-BLE1_V6.2.4, X-CUBE-BLE2_V3.3.0, X-CUBE-BLEMGR_V2.0.0, X-CUBE-EEPRMA1_V4.1.0, X-CUBE-FREERTOS_V1.0.1, X-CUBE-GNSS1_V6.0.0, X-CUBE-MEMS1_V9.1.0, X-CUBE-MEMS1_V9.4.0, X-CUBE-MEMS1_V9.6.0, X-CUBE-NFC4_V3.0.0, X-CUBE-NFC7_V1.0.0, X-CUBE-SFXS2LP1_V4.0.0, X-CUBE-SUBG2_V5.0.0]
2023-05-31 04:47:41,108 [INFO] DbExamplesSqlite:376 - Ignored 45 examples not supported by CubeIDE
2023-05-31 04:47:41,108 [INFO] DbExamplesSqlite:377 - Found 7342 examples active
2023-05-31 04:47:41,109 [INFO] DbExamplesSqlite:378 - Found 1107 examples obsolete
2023-05-31 04:47:41,109 [INFO] DbExamplesSqlite:379 - Found 0 examples under development
2023-05-31 04:47:41,109 [INFO] DbExamplesSqlite:380 - Found 77 examples not building
2023-05-31 04:47:41,109 [INFO] DbExamples:125 - Found 7374 examples
2023-05-31 04:47:41,120 [INFO] DbExamples:222 - Found 92 boards with related examples
2023-05-31 04:47:41,121 [INFO] DbExamples:235 - Found 78 MCUs with related examples
2023-05-31 04:47:41,141 [INFO] ApiDb:414 - User favorites file not found: C:\Users\mfern/.stm32cubeide/favorites.examples.txt
2023-05-31 04:47:41,141 [INFO] DbExamples:250 - Set 0 / 0 favorites Examples
2023-05-31 04:47:41,248 [INFO] McuFinderGlobals:66 - Set McuFinderConnectedMode to true
2023-05-31 04:47:41,257 [INFO] MultiScanPanel:200 - Auto-refresh data requested => check proxy status ongoing
2023-05-31 04:47:41,261 [INFO] FinderPluginLoader:95 - Searching for filters in installed packs
2023-05-31 04:47:42,256 [INFO] LoadUrlFilesThread:185 - End of LoadServerUrlFiles without Thread
2023-05-31 04:47:42,267 [INFO] DetailPanel:341 - Set advertising image to C:/Users/mfern/STM32Cube/Repository/\en.prom-stm32h5-mcu-finder.jpg
2023-05-31 04:48:45,509 [INFO] McuFinderGlobals:66 - Set McuFinderConnectedMode to true
2023-05-31 04:48:45,965 [INFO] ApiDb:448 - Save user favorites file C:\Users\mfern/.stm32cubeide/favorites.mcus.txt: 0 item(s)
2023-05-31 04:48:45,966 [INFO] ApiDb:452 - User favorites MCUs=[]
2023-05-31 04:49:53,951 [INFO] MainUpdater:2854 - connection check result : 10
2023-05-31 04:49:53,951 [INFO] MainUpdater:2854 - connection check result : 10
2023-05-31 04:49:54,296 [INFO] MicroXplorer:468 - Change Database Path : 
2023-05-31 04:49:54,296 [INFO] MicroXplorer:498 - Change Database Version : DB.6.0.81
2023-05-31 04:49:54,314 [WARN] ThirdParty:871 - waiting for thirdparty lock release [close project]
2023-05-31 04:49:54,315 [INFO] ThirdParty:873 - entering critical section [close project]
2023-05-31 04:49:54,315 [INFO] ThirdParty:883 - exiting critical section [close project]
2023-05-31 04:49:54,316 [INFO] PinOutPanel:1499 - setPackage(No Configuration,No Configuration)
2023-05-31 04:49:54,331 [WARN] IpParametersView:150 - Warning: This peripheral hasn't parameters
2023-05-31 04:49:54,349 [WARN] MainPanel:257 - <html><b><center>Warning: This peripheral has no parameters to be configured<br></b></html>
2023-05-31 04:49:54,365 [INFO] UtilMem:75 - Begin LoadConfig() Used Memory: 296613992 Bytes (473956352)
2023-05-31 04:49:54,365 [INFO] MicroXplorer:468 - Change Database Path : 
2023-05-31 04:49:54,365 [INFO] MicroXplorer:498 - Change Database Version : DB.6.0.81
2023-05-31 04:49:54,365 [INFO] OpenFileManager:308 - Change cursor
2023-05-31 04:49:54,374 [INFO] Mcu:1937 - Initializing MCU STM32F411C(C-E)Ux STM32F411CEUx STM32F411CEU6
2023-05-31 04:49:55,077 [INFO] Context:659 - Trying to add GPIOservice into a context  which must be forbidden
2023-05-31 04:49:55,354 [INFO] RtosManager:555 - Registered RTOS mode: class=CMSIS, group=RTOS, mode=CMSIS_V1, owner=FREERTOS
2023-05-31 04:49:55,354 [INFO] RtosManager:555 - Registered RTOS mode: class=CMSIS, group=RTOS2, mode=CMSIS_V2, owner=FREERTOS
2023-05-31 04:49:55,354 [INFO] RtosManager:555 - Registered RTOS mode: class=RTOS, group=Core, mode=CMSIS_V1, owner=FREERTOS
2023-05-31 04:49:55,354 [INFO] RtosManager:555 - Registered RTOS mode: class=RTOS, group=Core, mode=CMSIS_V2, owner=FREERTOS
2023-05-31 04:49:55,354 [WARN] ModelIntegratedComponent:184 - Missing modes for component STMicroelectronics:FreeRTOS:0.0.1:STMicroelectronics:RTOS:FreeRTOS:Core:::10.2.0:
2023-05-31 04:49:55,360 [WARN] ModelIntegratedComponent:182 - Modes not found for component STMicroelectronics:USB_HOST:1.0.0:STMicroelectronics:USB::USB Host:Audio HS::1.0:USB_HOST_1_0_RESTRICTED_HS
2023-05-31 04:49:55,361 [WARN] ModelIntegratedComponent:188 - Modes not found for component STMicroelectronics:USB_HOST:1.0.0:STMicroelectronics:USB::USB Host:Audio HS::1.0:USB_HOST_1_0_RESTRICTED_HS
2023-05-31 04:49:55,361 [WARN] ModelIntegratedComponent:182 - Modes not found for component STMicroelectronics:USB_HOST:1.0.0:STMicroelectronics:USB::USB Host:CDC HS::1.0:USB_HOST_1_0_RESTRICTED_HS
2023-05-31 04:49:55,361 [WARN] ModelIntegratedComponent:188 - Modes not found for component STMicroelectronics:USB_HOST:1.0.0:STMicroelectronics:USB::USB Host:CDC HS::1.0:USB_HOST_1_0_RESTRICTED_HS
2023-05-31 04:49:55,361 [WARN] ModelIntegratedComponent:182 - Modes not found for component STMicroelectronics:USB_HOST:1.0.0:STMicroelectronics:USB::USB Host:MSC HS::1.0:USB_HOST_1_0_RESTRICTED_HS
2023-05-31 04:49:55,361 [WARN] ModelIntegratedComponent:188 - Modes not found for component STMicroelectronics:USB_HOST:1.0.0:STMicroelectronics:USB::USB Host:MSC HS::1.0:USB_HOST_1_0_RESTRICTED_HS
2023-05-31 04:49:55,361 [WARN] ModelIntegratedComponent:182 - Modes not found for component STMicroelectronics:USB_HOST:1.0.0:STMicroelectronics:USB::USB Host:HID HS::1.0:USB_HOST_1_0_RESTRICTED_HS
2023-05-31 04:49:55,361 [WARN] ModelIntegratedComponent:188 - Modes not found for component STMicroelectronics:USB_HOST:1.0.0:STMicroelectronics:USB::USB Host:HID HS::1.0:USB_HOST_1_0_RESTRICTED_HS
2023-05-31 04:49:55,361 [WARN] ModelIntegratedComponent:182 - Modes not found for component STMicroelectronics:USB_HOST:1.0.0:STMicroelectronics:USB::USB Host:MTP HS::1.0:USB_HOST_1_0_RESTRICTED_HS
2023-05-31 04:49:55,361 [WARN] ModelIntegratedComponent:188 - Modes not found for component STMicroelectronics:USB_HOST:1.0.0:STMicroelectronics:USB::USB Host:MTP HS::1.0:USB_HOST_1_0_RESTRICTED_HS
2023-05-31 04:49:55,365 [WARN] ModelIntegratedComponent:63 - No mode defined for component null
2023-05-31 04:49:55,365 [WARN] ModelIntegratedComponent:63 - No mode defined for component null
2023-05-31 04:49:55,365 [WARN] ModelIntegratedComponent:63 - No mode defined for component null
2023-05-31 04:49:55,365 [WARN] ModelIntegratedComponent:63 - No mode defined for component null
2023-05-31 04:49:55,365 [WARN] ModelIntegratedComponent:63 - No mode defined for component null
2023-05-31 04:49:55,365 [WARN] ModelIntegratedComponent:63 - No mode defined for component null
2023-05-31 04:49:55,365 [WARN] ModelIntegratedComponent:63 - No mode defined for component null
2023-05-31 04:49:55,365 [WARN] ModelIntegratedComponent:63 - No mode defined for component null
2023-05-31 04:49:55,366 [WARN] ModelIntegratedComponent:63 - No mode defined for component null
2023-05-31 04:49:55,366 [WARN] ModelIntegratedComponent:63 - No mode defined for component null
2023-05-31 04:49:55,366 [WARN] ModelIntegratedComponent:63 - No mode defined for component null
2023-05-31 04:49:55,366 [WARN] ModelIntegratedComponent:63 - No mode defined for component null
2023-05-31 04:49:55,366 [WARN] ModelIntegratedComponent:63 - No mode defined for component null
2023-05-31 04:49:55,366 [WARN] ModelIntegratedComponent:63 - No mode defined for component null
2023-05-31 04:49:55,366 [WARN] ModelIntegratedComponent:63 - No mode defined for component null
2023-05-31 04:49:55,366 [WARN] ModelIntegratedComponent:63 - No mode defined for component null
2023-05-31 04:49:55,366 [WARN] ModelIntegratedComponent:63 - No mode defined for component null
2023-05-31 04:49:55,366 [WARN] ModelIntegratedComponent:63 - No mode defined for component null
2023-05-31 04:49:55,367 [WARN] ModelIntegratedComponent:63 - No mode defined for component null
2023-05-31 04:49:55,367 [WARN] ModelIntegratedComponent:63 - No mode defined for component null
2023-05-31 04:49:55,367 [WARN] ModelIntegratedComponent:63 - No mode defined for component null
2023-05-31 04:49:55,367 [WARN] ModelIntegratedComponent:63 - No mode defined for component null
2023-05-31 04:49:55,367 [WARN] ModelIntegratedComponent:63 - No mode defined for component null
2023-05-31 04:49:55,367 [WARN] ModelIntegratedComponent:63 - No mode defined for component null
2023-05-31 04:49:55,367 [WARN] ModelIntegratedComponent:63 - No mode defined for component null
2023-05-31 04:49:55,367 [WARN] ModelIntegratedComponent:63 - No mode defined for component null
2023-05-31 04:49:55,367 [WARN] ModelIntegratedComponent:63 - No mode defined for component null
2023-05-31 04:49:55,367 [WARN] ModelIntegratedComponent:63 - No mode defined for component null
2023-05-31 04:49:55,367 [WARN] ModelIntegratedComponent:63 - No mode defined for component null
2023-05-31 04:49:55,367 [WARN] ModelIntegratedComponent:63 - No mode defined for component null
2023-05-31 04:49:55,367 [WARN] ModelIntegratedComponent:63 - No mode defined for component null
2023-05-31 04:49:55,367 [WARN] ModelIntegratedComponent:63 - No mode defined for component null
2023-05-31 04:49:55,367 [WARN] ModelIntegratedComponent:63 - No mode defined for component null
2023-05-31 04:49:55,370 [WARN] ModelIntegratedComponent:182 - Modes not found for component STMicroelectronics:USB_DEVICE:1.0.0:STMicroelectronics:USB::USB Device:Audio HS::1.0:USB_DEVICE_1_0_RESTRICTED_HS
2023-05-31 04:49:55,370 [WARN] ModelIntegratedComponent:188 - Modes not found for component STMicroelectronics:USB_DEVICE:1.0.0:STMicroelectronics:USB::USB Device:Audio HS::1.0:USB_DEVICE_1_0_RESTRICTED_HS
2023-05-31 04:49:55,370 [WARN] ModelIntegratedComponent:182 - Modes not found for component STMicroelectronics:USB_DEVICE:1.0.0:STMicroelectronics:USB::USB Device:CDC HS::1.0:USB_DEVICE_1_0_RESTRICTED_HS
2023-05-31 04:49:55,370 [WARN] ModelIntegratedComponent:188 - Modes not found for component STMicroelectronics:USB_DEVICE:1.0.0:STMicroelectronics:USB::USB Device:CDC HS::1.0:USB_DEVICE_1_0_RESTRICTED_HS
2023-05-31 04:49:55,370 [WARN] ModelIntegratedComponent:182 - Modes not found for component STMicroelectronics:USB_DEVICE:1.0.0:STMicroelectronics:USB::USB Device:DFU HS::1.0:USB_DEVICE_1_0_RESTRICTED_HS
2023-05-31 04:49:55,370 [WARN] ModelIntegratedComponent:188 - Modes not found for component STMicroelectronics:USB_DEVICE:1.0.0:STMicroelectronics:USB::USB Device:DFU HS::1.0:USB_DEVICE_1_0_RESTRICTED_HS
2023-05-31 04:49:55,370 [WARN] ModelIntegratedComponent:182 - Modes not found for component STMicroelectronics:USB_DEVICE:1.0.0:STMicroelectronics:USB::USB Device:HID HS::1.0:USB_DEVICE_1_0_RESTRICTED_HS
2023-05-31 04:49:55,370 [WARN] ModelIntegratedComponent:188 - Modes not found for component STMicroelectronics:USB_DEVICE:1.0.0:STMicroelectronics:USB::USB Device:HID HS::1.0:USB_DEVICE_1_0_RESTRICTED_HS
2023-05-31 04:49:55,371 [WARN] ModelIntegratedComponent:182 - Modes not found for component STMicroelectronics:USB_DEVICE:1.0.0:STMicroelectronics:USB::USB Device:Custom HID HS::1.0:USB_DEVICE_1_0_RESTRICTED_HS
2023-05-31 04:49:55,371 [WARN] ModelIntegratedComponent:188 - Modes not found for component STMicroelectronics:USB_DEVICE:1.0.0:STMicroelectronics:USB::USB Device:Custom HID HS::1.0:USB_DEVICE_1_0_RESTRICTED_HS
2023-05-31 04:49:55,371 [WARN] ModelIntegratedComponent:182 - Modes not found for component STMicroelectronics:USB_DEVICE:1.0.0:STMicroelectronics:USB::USB Device:MSC HS::1.0:USB_DEVICE_1_0_RESTRICTED_HS
2023-05-31 04:49:55,371 [WARN] ModelIntegratedComponent:188 - Modes not found for component STMicroelectronics:USB_DEVICE:1.0.0:STMicroelectronics:USB::USB Device:MSC HS::1.0:USB_DEVICE_1_0_RESTRICTED_HS
2023-05-31 04:49:55,376 [INFO] ThirdPartyModel:298 - Start build external matchings
2023-05-31 04:49:55,492 [INFO] ThirdPartyModel:316 - End build external matchings
2023-05-31 04:49:55,517 [INFO] RtosManager:919 - Current active RTOS is FREERTOS [Cortex-M4NS]
2023-05-31 04:49:55,526 [INFO] ImportTextPane:194 - (OptionalMessage_ERROR) IP (RCC) : Parameter (RTCHSEDivFreq_Value) has invalid value (12500000)
2023-05-31 04:49:55,710 [INFO] UtilMem:75 - End LoadConfig() Used Memory: 237386704 Bytes (473956352)
2023-05-31 04:49:55,751 [WARN] ThirdParty:833 - waiting for thirdparty lock release [change project]
2023-05-31 04:49:55,752 [INFO] ThirdParty:835 - entering critical section [change project]
2023-05-31 04:49:55,752 [INFO] ThirdParty:1030 - CMSIS Pack Vendor :STMicroelectronics X-CUBE-ISPU 1.1.0
2023-05-31 04:49:55,752 [INFO] ThirdParty:1030 - CMSIS Pack Vendor :STMicroelectronics X-CUBE-GNSS1 6.0.0
2023-05-31 04:49:55,752 [INFO] ThirdParty:1030 - CMSIS Pack Vendor :STMicroelectronics USB_HOST 2.0.0
2023-05-31 04:49:55,752 [INFO] ThirdParty:1030 - CMSIS Pack Vendor :STMicroelectronics X-CUBE-AZRTOS-F4 1.1.0
2023-05-31 04:49:55,752 [INFO] ThirdParty:1030 - CMSIS Pack Vendor :STMicroelectronics LIBJPEG 8.0.0
2023-05-31 04:49:55,752 [INFO] ThirdParty:1030 - CMSIS Pack Vendor :STMicroelectronics X-CUBE-SMBUS 2.1.0
2023-05-31 04:49:55,752 [INFO] ThirdParty:1030 - CMSIS Pack Vendor :wolfSSL I-CUBE-wolfSSL 5.6.0
2023-05-31 04:49:55,752 [INFO] ThirdParty:1030 - CMSIS Pack Vendor :STMicroelectronics USB_DEVICE 3.0.0
2023-05-31 04:49:55,752 [INFO] ThirdParty:1030 - CMSIS Pack Vendor :STMicroelectronics X-CUBE-AI 8.0.0
2023-05-31 04:49:55,752 [INFO] ThirdParty:1030 - CMSIS Pack Vendor :STMicroelectronics X-CUBE-FREERTOS 1.0.1
2023-05-31 04:49:55,752 [INFO] ThirdParty:1030 - CMSIS Pack Vendor :STMicroelectronics X-CUBE-TOUCHGFX 4.21.3
2023-05-31 04:49:55,752 [INFO] ThirdParty:1030 - CMSIS Pack Vendor :STMicroelectronics X-CUBE-AZRTOS-F7 1.1.0
2023-05-31 04:49:55,752 [INFO] ThirdParty:1030 - CMSIS Pack Vendor :STMicroelectronics X-CUBE-TOUCHGFX 4.21.4
2023-05-31 04:49:55,752 [INFO] ThirdParty:1030 - CMSIS Pack Vendor :STMicroelectronics USB_DEVICE 2.0.0
2023-05-31 04:49:55,752 [INFO] ThirdParty:1030 - CMSIS Pack Vendor :STMicroelectronics X-CUBE-MEMS1 9.6.0
2023-05-31 04:49:55,752 [INFO] ThirdParty:1030 - CMSIS Pack Vendor :STMicroelectronics FP-SNS-MOTENV1 4.3.0
2023-05-31 04:49:55,752 [INFO] ThirdParty:1030 - CMSIS Pack Vendor :STMicroelectronics FP-SNS-FLIGHT1 5.0.0
2023-05-31 04:49:55,752 [INFO] ThirdParty:1030 - CMSIS Pack Vendor :STMicroelectronics FP-SNS-MOTENV1 4.3.1
2023-05-31 04:49:55,752 [INFO] ThirdParty:1030 - CMSIS Pack Vendor :STMicroelectronics FP-SNS-FLIGHT1 5.0.1
2023-05-31 04:49:55,752 [INFO] ThirdParty:1030 - CMSIS Pack Vendor :STMicroelectronics X-CUBE-ALGOBUILD 1.3.0
2023-05-31 04:49:55,752 [INFO] ThirdParty:1030 - CMSIS Pack Vendor :STMicroelectronics X-CUBE-BLE1 6.2.4
2023-05-31 04:49:55,753 [INFO] ThirdParty:1030 - CMSIS Pack Vendor :STMicroelectronics X-CUBE-AZRTOS-L5 1.1.0
2023-05-31 04:49:55,753 [INFO] ThirdParty:1030 - CMSIS Pack Vendor :STMicroelectronics FreeRTOS 0.0.1
2023-05-31 04:49:55,753 [INFO] ThirdParty:1030 - CMSIS Pack Vendor :emotas I-CUBE-CANOPEN 1.1.3
2023-05-31 04:49:55,753 [INFO] ThirdParty:1030 - CMSIS Pack Vendor :STMicroelectronics X-CUBE-AZRTOS-G0 1.1.0
2023-05-31 04:49:55,753 [INFO] ThirdParty:1030 - CMSIS Pack Vendor :STMicroelectronics X-CUBE-BLEMGR 2.0.0
2023-05-31 04:49:55,753 [INFO] ThirdParty:1030 - CMSIS Pack Vendor :STMicroelectronics X-CUBE-AI 8.0.1
2023-05-31 04:49:55,753 [INFO] ThirdParty:1030 - CMSIS Pack Vendor :STMicroelectronics X-CUBE-SUBG2 5.0.0
2023-05-31 04:49:55,753 [INFO] ThirdParty:1030 - CMSIS Pack Vendor :STMicroelectronics X-CUBE-NFC4 3.0.0
2023-05-31 04:49:55,753 [INFO] ThirdParty:1030 - CMSIS Pack Vendor :STMicroelectronics STM32_WPAN 1.0.0
2023-05-31 04:49:55,753 [INFO] ThirdParty:1030 - CMSIS Pack Vendor :STMicroelectronics lwIP 2.0.3
2023-05-31 04:49:55,753 [INFO] ThirdParty:1030 - CMSIS Pack Vendor :STMicroelectronics USB_HOST 1.0.0
2023-05-31 04:49:55,753 [INFO] ThirdParty:1030 - CMSIS Pack Vendor :STMicroelectronics X-CUBE-AZRTOS-G4 2.0.0
2023-05-31 04:49:55,753 [INFO] ThirdParty:1030 - CMSIS Pack Vendor :STMicroelectronics PDM2PCM 3.1.0
2023-05-31 04:49:55,753 [INFO] ThirdParty:1030 - CMSIS Pack Vendor :STMicroelectronics X-CUBE-AZRTOS-H7 3.1.0
2023-05-31 04:49:55,753 [INFO] ThirdParty:1030 - CMSIS Pack Vendor :STMicroelectronics X-CUBE-TOF1 3.3.0
2023-05-31 04:49:55,754 [INFO] ThirdParty:1030 - CMSIS Pack Vendor :STMicroelectronics PDM2PCM 3.3.0
2023-05-31 04:49:55,754 [INFO] ThirdParty:1030 - CMSIS Pack Vendor :STMicroelectronics X-CUBE-DISPLAY 3.0.0
2023-05-31 04:49:55,754 [INFO] ThirdParty:1030 - CMSIS Pack Vendor :STMicroelectronics FP-ATR-SIGFOX1 3.2.0
2023-05-31 04:49:55,754 [INFO] ThirdParty:1030 - CMSIS Pack Vendor :STMicroelectronics X-CUBE-AZRTOS-L4 1.0.0
2023-05-31 04:49:55,754 [INFO] ThirdParty:1030 - CMSIS Pack Vendor :STMicroelectronics HAL Drivers 0.0.0
2023-05-31 04:49:55,754 [INFO] ThirdParty:1030 - CMSIS Pack Vendor :STMicroelectronics MBEDTLS 2.16.2
2023-05-31 04:49:55,754 [INFO] ThirdParty:1030 - CMSIS Pack Vendor :STMicroelectronics MBEDTLS 2.14.1
2023-05-31 04:49:55,754 [INFO] ThirdParty:1030 - CMSIS Pack Vendor :STMicroelectronics X-CUBE-NFC7 1.0.0
2023-05-31 04:49:55,754 [INFO] ThirdParty:1030 - CMSIS Pack Vendor :STMicroelectronics X-CUBE-AZRTOS-WL 1.0.0
2023-05-31 04:49:55,754 [INFO] ThirdParty:1030 - CMSIS Pack Vendor :STMicroelectronics X-CUBE-EEPRMA1 4.1.0
2023-05-31 04:49:55,754 [INFO] ThirdParty:1030 - CMSIS Pack Vendor :portGmbH I-Cube-SoM-uGOAL 1.1.0
2023-05-31 04:49:55,754 [INFO] ThirdParty:1030 - CMSIS Pack Vendor :STMicroelectronics X-CUBE-ALS 1.0.1
2023-05-31 04:49:55,754 [INFO] ThirdParty:1030 - CMSIS Pack Vendor :STMicroelectronics ThreadX 1.0.0
2023-05-31 04:49:55,754 [INFO] ThirdParty:1030 - CMSIS Pack Vendor :STMicroelectronics X-CUBE-AZRTOS-WB 1.1.0
2023-05-31 04:49:55,754 [INFO] ThirdParty:1030 - CMSIS Pack Vendor :SEGGER I-CUBE-embOS 1.3.1
2023-05-31 04:49:55,754 [INFO] ThirdParty:1030 - CMSIS Pack Vendor :STMicroelectronics USB_DEVICE 1.0.0
2023-05-31 04:49:55,754 [INFO] ThirdParty:1030 - CMSIS Pack Vendor :STMicroelectronics X-CUBE-AZRTOS-L4 2.0.0
2023-05-31 04:49:55,754 [INFO] ThirdParty:1030 - CMSIS Pack Vendor :STMicroelectronics ThreadX 0.0.2
2023-05-31 04:49:55,754 [INFO] ThirdParty:1030 - CMSIS Pack Vendor :WES I-CUBE-Cesium 1.3.0
2023-05-31 04:49:55,754 [INFO] ThirdParty:1030 - CMSIS Pack Vendor :STMicroelectronics FP-ATR-ASTRA1 2.0.0
2023-05-31 04:49:55,754 [INFO] ThirdParty:1030 - CMSIS Pack Vendor :STMicroelectronics lwIP 2.1.2
2023-05-31 04:49:55,754 [INFO] ThirdParty:1030 - CMSIS Pack Vendor :STMicroelectronics X-CUBE-SFXS2LP1 4.0.0
2023-05-31 04:49:55,754 [INFO] ThirdParty:1030 - CMSIS Pack Vendor :STMicroelectronics X-CUBE-BLE2 3.3.0
2023-05-31 04:49:55,754 [INFO] ThirdParty:1030 - CMSIS Pack Vendor :STMicroelectronics PDM2PCM 3.2.0
2023-05-31 04:49:55,756 [INFO] ThirdParty:841 - exiting critical section [change project]
2023-05-31 04:49:55,907 [INFO] PinOutPanel:1499 - setPackage(No Configuration,No Configuration)
2023-05-31 04:49:55,908 [INFO] PinOutPanel:1499 - setPackage(STM32F411CEUx,UFQFPN48)
2023-05-31 04:49:56,112 [INFO] UtilMem:75 - Before build in PCC Used Memory: 275462160 Bytes (473956352)
2023-05-31 04:49:56,315 [INFO] UtilMem:75 - After build in PCC Used Memory: 317927440 Bytes (473956352)
2023-05-31 04:49:56,331 [INFO] ApiDbMcu:507 - Load IP Config File for FREERTOS
2023-05-31 04:49:56,345 [INFO] IPUIPlugin:80 - create IPUIPlugin
2023-05-31 04:49:56,345 [INFO] IPUIPlugin:80 - create IPUIPlugin
2023-05-31 04:49:56,345 [INFO] IPUIPlugin:80 - create IPUIPlugin
2023-05-31 04:49:56,346 [INFO] IPUIPlugin:80 - create IPUIPlugin
2023-05-31 04:49:56,346 [INFO] IPUIPlugin:80 - create IPUIPlugin
2023-05-31 04:49:56,346 [INFO] IPUIPlugin:80 - create IPUIPlugin
2023-05-31 04:49:56,346 [INFO] IPUIPlugin:80 - create IPUIPlugin
2023-05-31 04:49:56,346 [INFO] IPUIPlugin:80 - create IPUIPlugin
2023-05-31 04:49:56,346 [INFO] IPUIPlugin:80 - create IPUIPlugin
2023-05-31 04:49:56,346 [INFO] IPUIPlugin:80 - create IPUIPlugin
2023-05-31 04:49:56,346 [INFO] IPUIPlugin:80 - create IPUIPlugin
2023-05-31 04:49:56,346 [INFO] IPUIPlugin:80 - create IPUIPlugin
2023-05-31 04:49:56,346 [INFO] IPUIPlugin:80 - create IPUIPlugin
2023-05-31 04:49:56,346 [INFO] IPUIPlugin:80 - create IPUIPlugin
2023-05-31 04:49:56,346 [INFO] IPUIPlugin:80 - create IPUIPlugin
2023-05-31 04:49:56,347 [INFO] IPUIPlugin:80 - create IPUIPlugin
2023-05-31 04:49:56,347 [INFO] IPUIPlugin:80 - create IPUIPlugin
2023-05-31 04:49:56,347 [INFO] IPUIPlugin:80 - create IPUIPlugin
2023-05-31 04:49:56,347 [INFO] IPUIPlugin:80 - create IPUIPlugin
2023-05-31 04:49:56,347 [INFO] IPUIPlugin:80 - create IPUIPlugin
2023-05-31 04:49:56,347 [INFO] IPUIPlugin:80 - create IPUIPlugin
2023-05-31 04:49:56,347 [INFO] IPUIPlugin:80 - create IPUIPlugin
2023-05-31 04:49:56,347 [INFO] IPUIPlugin:80 - create IPUIPlugin
2023-05-31 04:49:56,347 [INFO] IPUIPlugin:80 - create IPUIPlugin
2023-05-31 04:49:56,347 [INFO] IPUIPlugin:80 - create IPUIPlugin
2023-05-31 04:49:56,347 [INFO] IPUIPlugin:80 - create IPUIPlugin
2023-05-31 04:49:56,347 [INFO] IPUIPlugin:80 - create IPUIPlugin
2023-05-31 04:49:56,347 [INFO] IPUIPlugin:80 - create IPUIPlugin
2023-05-31 04:49:56,347 [INFO] IPUIPlugin:80 - create IPUIPlugin
2023-05-31 04:49:56,347 [INFO] IPUIPlugin:80 - create IPUIPlugin
2023-05-31 04:49:56,347 [INFO] IPUIPlugin:80 - create IPUIPlugin
2023-05-31 04:49:56,349 [INFO] IPUIPlugin:80 - create IPUIPlugin
2023-05-31 04:49:56,349 [INFO] IPUIPlugin:80 - create IPUIPlugin
2023-05-31 04:49:56,349 [INFO] IPUIPlugin:80 - create IPUIPlugin
2023-05-31 04:49:56,349 [INFO] IPUIPlugin:80 - create IPUIPlugin
2023-05-31 04:49:56,349 [INFO] IPUIPlugin:80 - create IPUIPlugin
2023-05-31 04:49:56,349 [INFO] IPUIPlugin:80 - create IPUIPlugin
2023-05-31 04:49:56,351 [INFO] IPUIPlugin:80 - create IPUIPlugin
2023-05-31 04:49:56,351 [INFO] IPUIPlugin:80 - create IPUIPlugin
2023-05-31 04:49:56,351 [INFO] IPUIPlugin:80 - create IPUIPlugin
2023-05-31 04:49:56,351 [INFO] IPUIPlugin:80 - create IPUIPlugin
2023-05-31 04:49:56,351 [INFO] IPUIPlugin:80 - create IPUIPlugin
2023-05-31 04:49:56,351 [INFO] IPUIPlugin:80 - create IPUIPlugin
2023-05-31 04:49:56,355 [INFO] ApiDbMcu:507 - Load IP Config File for PDM2PCM
2023-05-31 04:49:56,380 [WARN] FreeRTOS:1023 - Null or empty value: should not occur! (nothing added to the table)
2023-05-31 04:49:56,425 [INFO] CADModel:165 - CPN selected for project levelSTM32F411CEU6
2023-05-31 04:49:56,425 [INFO] CADModel:114 - Register for checkConnection events
2023-05-31 04:49:56,427 [INFO] RtosManager:697 - Active RTOS found at IOC load: FREERTOS [Cortex-M4NS]
2023-05-31 04:49:56,490 [INFO] OpenFileManager:328 - Restore cursor
2023-05-31 04:49:56,494 [INFO] ApiDb:581 - Connected to CubeFinder SQLite database (C:\Users\mfern\.stmcufinder\plugins\mcufinder\mcu\cube-finder-db.db)
2023-05-31 04:50:14,225 [INFO] ParamManager:886 - [Generic UI] PropertyChangeEvent: TAB_STATUS_CHANGED , "dont care", "never mind"
2023-05-31 04:50:14,277 [INFO] ParamManager:886 - [Generic UI] PropertyChangeEvent: TAB_STATUS_CHANGED , "dont care", "never mind"
2023-05-31 04:50:34,273 [INFO] Gpio:273 - dependency for GPIO [RCC, SYS, TIM2]
2023-05-31 04:50:36,434 [INFO] Gpio:273 - dependency for GPIO [RCC, SYS, TIM2]
2023-05-31 04:56:14,175 [INFO] NvicIntPanel:101 - NVIC parent = com.st.microxplorer.plugins.ip.nvic.MultiNvicIntPanel[,0,0,681x327,layout=javax.swing.BoxLayout,alignmentX=0.0,alignmentY=0.0,border=,flags=9,maximumSize=,minimumSize=,preferredSize=]
2023-05-31 04:57:11,927 [ERROR] RtosPanel:558 - Can not restore the selected Tab for FREERTOS(A reason can be that the tab is no more available.)
2023-05-31 04:57:29,178 [ERROR] RtosPanel:558 - Can not restore the selected Tab for FREERTOS(A reason can be that the tab is no more available.)
2023-05-31 04:57:29,272 [ERROR] RtosPanel:558 - Can not restore the selected Tab for FREERTOS(A reason can be that the tab is no more available.)
2023-05-31 04:57:43,484 [ERROR] RtosPanel:558 - Can not restore the selected Tab for FREERTOS(A reason can be that the tab is no more available.)
2023-05-31 04:57:48,491 [ERROR] RtosPanel:558 - Can not restore the selected Tab for FREERTOS(A reason can be that the tab is no more available.)
2023-05-31 04:58:02,281 [INFO] UtilMem:75 - End SaveConfig() Used Memory: 394781352 Bytes (473956352)
2023-05-31 04:58:02,803 [INFO] UtilMem:75 - End SaveConfig() Used Memory: 409759816 Bytes (473956352)
2023-05-31 04:58:03,297 [INFO] BlockDiagram:2759 - set Specific Code input for plugin: NVIC
2023-05-31 04:58:03,298 [INFO] BlockDiagram:2759 - set Specific Code input for plugin: FREERTOS
2023-05-31 04:58:03,298 [INFO] BlockDiagram:2759 - set Specific Code input for plugin: TIM1_8
2023-05-31 04:58:03,298 [INFO] BlockDiagram:2759 - set Specific Code input for plugin: SYS
2023-05-31 04:58:03,298 [INFO] BlockDiagram:2759 - set Specific Code input for plugin: GPIO
2023-05-31 04:58:03,298 [INFO] BlockDiagram:2759 - set Specific Code input for plugin: RCC
2023-05-31 04:58:03,300 [INFO] CodeGenerator:793 - code generatio: config db path: C:\ST\STM32CubeIDE_1.12.1\STM32CubeIDE\plugins\com.st.stm32cube.common.mx_6.8.1.202304191431\\db\
2023-05-31 04:58:03,713 [INFO] CodeEngine:255 - oldGeneratedFile, C:\Users\mfern\STM32CubeIDE\workspace_1.12.1\servoMotores_FREERTOS\MXTmpFiles\license.tmp_save
2023-05-31 04:58:04,166 [INFO] CodeEngine:279 - Generated code: C:\Users\mfern\STM32CubeIDE\workspace_1.12.1\servoMotores_FREERTOS\MXTmpFiles\license.tmp
2023-05-31 04:58:04,220 [INFO] CodeEngine:255 - oldGeneratedFile, C:\Users\mfern\STM32CubeIDE\workspace_1.12.1\servoMotores_FREERTOS\MXTmpFiles\gpio.tmp_save
2023-05-31 04:58:04,315 [INFO] CodeEngine:279 - Generated code: C:\Users\mfern\STM32CubeIDE\workspace_1.12.1\servoMotores_FREERTOS\MXTmpFiles\gpio.tmp
2023-05-31 04:58:04,423 [INFO] Middleware:1439 - No code input for Bsp Dependency
2023-05-31 04:58:04,428 [INFO] CodeEngine:255 - oldGeneratedFile, C:\Users\mfern\STM32CubeIDE\workspace_1.12.1\servoMotores_FREERTOS\MXTmpFiles\rtos_inc.tmp_save
2023-05-31 04:58:04,486 [INFO] CodeEngine:279 - Generated code: C:\Users\mfern\STM32CubeIDE\workspace_1.12.1\servoMotores_FREERTOS\MXTmpFiles\rtos_inc.tmp
2023-05-31 04:58:04,489 [INFO] CodeEngine:255 - oldGeneratedFile, C:\Users\mfern\STM32CubeIDE\workspace_1.12.1\servoMotores_FREERTOS\MXTmpFiles\rtos_kernelInit.tmp_save
2023-05-31 04:58:04,551 [INFO] CodeEngine:279 - Generated code: C:\Users\mfern\STM32CubeIDE\workspace_1.12.1\servoMotores_FREERTOS\MXTmpFiles\rtos_kernelInit.tmp
2023-05-31 04:58:04,554 [INFO] CodeEngine:255 - oldGeneratedFile, C:\Users\mfern\STM32CubeIDE\workspace_1.12.1\servoMotores_FREERTOS\MXTmpFiles\rtos_kernelStart.tmp_save
2023-05-31 04:58:04,614 [INFO] CodeEngine:279 - Generated code: C:\Users\mfern\STM32CubeIDE\workspace_1.12.1\servoMotores_FREERTOS\MXTmpFiles\rtos_kernelStart.tmp
2023-05-31 04:58:04,618 [INFO] CodeEngine:255 - oldGeneratedFile, C:\Users\mfern\STM32CubeIDE\workspace_1.12.1\servoMotores_FREERTOS\MXTmpFiles\rtos_typedefs.tmp_save
2023-05-31 04:58:04,686 [INFO] CodeEngine:279 - Generated code: C:\Users\mfern\STM32CubeIDE\workspace_1.12.1\servoMotores_FREERTOS\MXTmpFiles\rtos_typedefs.tmp
2023-05-31 04:58:04,690 [INFO] CodeEngine:255 - oldGeneratedFile, C:\Users\mfern\STM32CubeIDE\workspace_1.12.1\servoMotores_FREERTOS\MXTmpFiles\rtos_vars.tmp_save
2023-05-31 04:58:04,752 [INFO] CodeEngine:279 - Generated code: C:\Users\mfern\STM32CubeIDE\workspace_1.12.1\servoMotores_FREERTOS\MXTmpFiles\rtos_vars.tmp
2023-05-31 04:58:04,754 [INFO] CodeEngine:255 - oldGeneratedFile, C:\Users\mfern\STM32CubeIDE\workspace_1.12.1\servoMotores_FREERTOS\MXTmpFiles\rtos_pfp.tmp_save
2023-05-31 04:58:04,808 [INFO] CodeEngine:279 - Generated code: C:\Users\mfern\STM32CubeIDE\workspace_1.12.1\servoMotores_FREERTOS\MXTmpFiles\rtos_pfp.tmp
2023-05-31 04:58:04,810 [INFO] CodeEngine:255 - oldGeneratedFile, C:\Users\mfern\STM32CubeIDE\workspace_1.12.1\servoMotores_FREERTOS\MXTmpFiles\rtos_obj_creat.tmp_save
2023-05-31 04:58:04,867 [INFO] CodeEngine:279 - Generated code: C:\Users\mfern\STM32CubeIDE\workspace_1.12.1\servoMotores_FREERTOS\MXTmpFiles\rtos_obj_creat.tmp
2023-05-31 04:58:04,870 [INFO] CodeEngine:255 - oldGeneratedFile, C:\Users\mfern\STM32CubeIDE\workspace_1.12.1\servoMotores_FREERTOS\MXTmpFiles\rtos_default_thread.tmp_save
2023-05-31 04:58:04,923 [INFO] CodeEngine:279 - Generated code: C:\Users\mfern\STM32CubeIDE\workspace_1.12.1\servoMotores_FREERTOS\MXTmpFiles\rtos_default_thread.tmp
2023-05-31 04:58:04,925 [INFO] CodeEngine:255 - oldGeneratedFile, C:\Users\mfern\STM32CubeIDE\workspace_1.12.1\servoMotores_FREERTOS\MXTmpFiles\rtos_threads.tmp_save
2023-05-31 04:58:05,006 [INFO] CodeEngine:279 - Generated code: C:\Users\mfern\STM32CubeIDE\workspace_1.12.1\servoMotores_FREERTOS\MXTmpFiles\rtos_threads.tmp
2023-05-31 04:58:05,017 [INFO] Middleware:1439 - No code input for Bsp Dependency
2023-05-31 04:58:05,024 [INFO] CodeEngine:255 - oldGeneratedFile, C:\Users\mfern\STM32CubeIDE\workspace_1.12.1\servoMotores_FREERTOS\MXTmpFiles\rtos_inc.tmp_save
2023-05-31 04:58:05,111 [INFO] CodeEngine:279 - Generated code: C:\Users\mfern\STM32CubeIDE\workspace_1.12.1\servoMotores_FREERTOS\MXTmpFiles\rtos_inc.tmp
2023-05-31 04:58:05,115 [INFO] CodeEngine:255 - oldGeneratedFile, C:\Users\mfern\STM32CubeIDE\workspace_1.12.1\servoMotores_FREERTOS\MXTmpFiles\rtos_kernelInit.tmp_save
2023-05-31 04:58:05,176 [INFO] CodeEngine:279 - Generated code: C:\Users\mfern\STM32CubeIDE\workspace_1.12.1\servoMotores_FREERTOS\MXTmpFiles\rtos_kernelInit.tmp
2023-05-31 04:58:05,180 [INFO] CodeEngine:255 - oldGeneratedFile, C:\Users\mfern\STM32CubeIDE\workspace_1.12.1\servoMotores_FREERTOS\MXTmpFiles\rtos_kernelStart.tmp_save
2023-05-31 04:58:05,235 [INFO] CodeEngine:279 - Generated code: C:\Users\mfern\STM32CubeIDE\workspace_1.12.1\servoMotores_FREERTOS\MXTmpFiles\rtos_kernelStart.tmp
2023-05-31 04:58:05,240 [INFO] CodeEngine:255 - oldGeneratedFile, C:\Users\mfern\STM32CubeIDE\workspace_1.12.1\servoMotores_FREERTOS\MXTmpFiles\rtos_typedefs.tmp_save
2023-05-31 04:58:05,291 [INFO] CodeEngine:279 - Generated code: C:\Users\mfern\STM32CubeIDE\workspace_1.12.1\servoMotores_FREERTOS\MXTmpFiles\rtos_typedefs.tmp
2023-05-31 04:58:05,294 [INFO] CodeEngine:255 - oldGeneratedFile, C:\Users\mfern\STM32CubeIDE\workspace_1.12.1\servoMotores_FREERTOS\MXTmpFiles\rtos_vars.tmp_save
2023-05-31 04:58:05,341 [INFO] CodeEngine:279 - Generated code: C:\Users\mfern\STM32CubeIDE\workspace_1.12.1\servoMotores_FREERTOS\MXTmpFiles\rtos_vars.tmp
2023-05-31 04:58:05,345 [INFO] CodeEngine:255 - oldGeneratedFile, C:\Users\mfern\STM32CubeIDE\workspace_1.12.1\servoMotores_FREERTOS\MXTmpFiles\rtos_pfp.tmp_save
2023-05-31 04:58:05,388 [INFO] CodeEngine:279 - Generated code: C:\Users\mfern\STM32CubeIDE\workspace_1.12.1\servoMotores_FREERTOS\MXTmpFiles\rtos_pfp.tmp
2023-05-31 04:58:05,390 [INFO] CodeEngine:255 - oldGeneratedFile, C:\Users\mfern\STM32CubeIDE\workspace_1.12.1\servoMotores_FREERTOS\MXTmpFiles\rtos_obj_creat.tmp_save
2023-05-31 04:58:05,436 [INFO] CodeEngine:279 - Generated code: C:\Users\mfern\STM32CubeIDE\workspace_1.12.1\servoMotores_FREERTOS\MXTmpFiles\rtos_obj_creat.tmp
2023-05-31 04:58:05,441 [INFO] CodeEngine:255 - oldGeneratedFile, C:\Users\mfern\STM32CubeIDE\workspace_1.12.1\servoMotores_FREERTOS\MXTmpFiles\rtos_default_thread.tmp_save
2023-05-31 04:58:05,482 [INFO] CodeEngine:279 - Generated code: C:\Users\mfern\STM32CubeIDE\workspace_1.12.1\servoMotores_FREERTOS\MXTmpFiles\rtos_default_thread.tmp
2023-05-31 04:58:05,486 [INFO] CodeEngine:255 - oldGeneratedFile, C:\Users\mfern\STM32CubeIDE\workspace_1.12.1\servoMotores_FREERTOS\MXTmpFiles\rtos_threads.tmp_save
2023-05-31 04:58:05,531 [INFO] CodeEngine:279 - Generated code: C:\Users\mfern\STM32CubeIDE\workspace_1.12.1\servoMotores_FREERTOS\MXTmpFiles\rtos_threads.tmp
2023-05-31 04:58:05,535 [INFO] CodeEngine:255 - oldGeneratedFile, C:\Users\mfern\STM32CubeIDE\workspace_1.12.1\servoMotores_FREERTOS\Core\Inc\FreeRTOSConfig.h_save
2023-05-31 04:58:05,604 [INFO] CodeEngine:279 - Generated code: C:\Users\mfern\STM32CubeIDE\workspace_1.12.1\servoMotores_FREERTOS\Core\Inc\FreeRTOSConfig.h
2023-05-31 04:58:05,610 [INFO] CodeEngine:255 - oldGeneratedFile, C:\Users\mfern\STM32CubeIDE\workspace_1.12.1\servoMotores_FREERTOS\Core\Src\freertos.c_save
2023-05-31 04:58:05,692 [INFO] CodeEngine:279 - Generated code: C:\Users\mfern\STM32CubeIDE\workspace_1.12.1\servoMotores_FREERTOS\Core\Src\freertos.c
2023-05-31 04:58:05,701 [INFO] CodeEngine:255 - oldGeneratedFile, C:\Users\mfern\STM32CubeIDE\workspace_1.12.1\servoMotores_FREERTOS\Core\Src\stm32f4xx_it.c_save
2023-05-31 04:58:05,779 [INFO] CodeEngine:279 - Generated code: C:\Users\mfern\STM32CubeIDE\workspace_1.12.1\servoMotores_FREERTOS\Core\Src\stm32f4xx_it.c
2023-05-31 04:58:05,785 [INFO] CodeEngine:255 - oldGeneratedFile, C:\Users\mfern\STM32CubeIDE\workspace_1.12.1\servoMotores_FREERTOS\Core\Inc\stm32f4xx_it.h_save
2023-05-31 04:58:05,835 [INFO] CodeEngine:279 - Generated code: C:\Users\mfern\STM32CubeIDE\workspace_1.12.1\servoMotores_FREERTOS\Core\Inc\stm32f4xx_it.h
2023-05-31 04:58:05,847 [INFO] CodeEngine:255 - oldGeneratedFile, C:\Users\mfern\STM32CubeIDE\workspace_1.12.1\servoMotores_FREERTOS\Core\Src\stm32f4xx_hal_msp.c_save
2023-05-31 04:58:05,938 [INFO] CodeEngine:279 - Generated code: C:\Users\mfern\STM32CubeIDE\workspace_1.12.1\servoMotores_FREERTOS\Core\Src\stm32f4xx_hal_msp.c
2023-05-31 04:58:05,943 [INFO] CodeEngine:255 - oldGeneratedFile, C:\Users\mfern\STM32CubeIDE\workspace_1.12.1\servoMotores_FREERTOS\MXTmpFiles\system.tmp_save
2023-05-31 04:58:05,992 [INFO] CodeEngine:279 - Generated code: C:\Users\mfern\STM32CubeIDE\workspace_1.12.1\servoMotores_FREERTOS\MXTmpFiles\system.tmp
2023-05-31 04:58:05,997 [INFO] CodeEngine:255 - oldGeneratedFile, C:\Users\mfern\STM32CubeIDE\workspace_1.12.1\servoMotores_FREERTOS\Core\Src\stm32f4xx_hal_timebase_tim.c_save
2023-05-31 04:58:06,047 [INFO] CodeEngine:279 - Generated code: C:\Users\mfern\STM32CubeIDE\workspace_1.12.1\servoMotores_FREERTOS\Core\Src\stm32f4xx_hal_timebase_tim.c
2023-05-31 04:58:06,055 [INFO] CodeEngine:311 - oldGeneratedFile, C:\Users\mfern\STM32CubeIDE\workspace_1.12.1\servoMotores_FREERTOS\Core\Inc\stm32f4xx_hal_conf.h_save
2023-05-31 04:58:06,110 [INFO] CodeEngine:335 - Generated code: C:\Users\mfern\STM32CubeIDE\workspace_1.12.1\servoMotores_FREERTOS\Core\Inc\stm32f4xx_hal_conf.h
2023-05-31 04:58:06,133 [WARN] IPConfigManager:3431 - IP not found : TIM
2023-05-31 04:58:06,134 [WARN] CodeGenerator:3754 - IP not found : null
2023-05-31 04:58:06,140 [INFO] CodeEngine:255 - oldGeneratedFile, C:\Users\mfern\STM32CubeIDE\workspace_1.12.1\servoMotores_FREERTOS\Core\Inc\main.h_save
2023-05-31 04:58:06,219 [INFO] CodeEngine:279 - Generated code: C:\Users\mfern\STM32CubeIDE\workspace_1.12.1\servoMotores_FREERTOS\Core\Inc\main.h
2023-05-31 04:58:06,224 [INFO] CodeEngine:255 - oldGeneratedFile, C:\Users\mfern\STM32CubeIDE\workspace_1.12.1\servoMotores_FREERTOS\Core\Src\main.c_save
2023-05-31 04:58:06,400 [INFO] CodeEngine:279 - Generated code: C:\Users\mfern\STM32CubeIDE\workspace_1.12.1\servoMotores_FREERTOS\Core\Src\main.c
2023-05-31 04:58:07,246 [INFO] ProjectBuilder:2996 - Time for Copy HAL[1] : 260mS.
2023-05-31 04:58:07,260 [INFO] ProjectBuilder:4304 - Project Generator version: 3.19.2
2023-05-31 04:58:07,551 [INFO] ConfigFileManager:1483 - The Die is : DIE431
2023-05-31 04:58:07,559 [INFO] ApiDbMcu:507 - Load IP Config File for FATFS
2023-05-31 04:58:07,562 [INFO] ApiDbMcu:507 - Load IP Config File for LIBJPEG
2023-05-31 04:58:07,566 [INFO] ApiDbMcu:507 - Load IP Config File for MBEDTLS
2023-05-31 04:58:07,578 [INFO] ApiDbMcu:507 - Load IP Config File for USB_DEVICE
2023-05-31 04:58:07,585 [INFO] ApiDbMcu:507 - Load IP Config File for USB_HOST
