2023-05-28 02:15:44,140 [INFO] Activator:176 - 


2023-05-28 02:15:44,144 [INFO] Activator:177 - !SESSION log4j initialized
2023-05-28 02:15:47,524 [INFO] LogOutputStream:77 - [STDOUT_REDIRECT] 
2023-05-28 02:15:47,832 [ERROR] ConfigurationRetriever:142 - IOException on connection: sw-center.st.com
2023-05-28 02:15:47,834 [ERROR] ConfigurationRetriever:142 - IOException on connection: sw-center.st.com
2023-05-28 02:15:47,835 [ERROR] ConfigurationRetriever:142 - IOException on connection: sw-center.st.com
2023-05-28 02:16:08,886 [ERROR] LogOutputStream:75 - [STDERR_REDIRECT] SLF4J: Failed to load class "org.slf4j.impl.StaticLoggerBinder".
2023-05-28 02:16:08,888 [ERROR] LogOutputStream:75 - [STDERR_REDIRECT] SLF4J: Defaulting to no-operation (NOP) logger implementation
2023-05-28 02:16:08,889 [ERROR] LogOutputStream:75 - [STDERR_REDIRECT] SLF4J: See http://www.slf4j.org/codes.html#StaticLoggerBinder for further details.
2023-05-28 02:18:31,396 [INFO] ApplicationProperties:184 - Using Application install path: C:\ST\STM32CubeIDE_1.12.1\STM32CubeIDE\plugins\com.st.stm32cube.common.mx_6.8.1.202304191431
2023-05-28 02:18:31,416 [INFO] DbMcusXml:78 - Set database path to: C:\ST\STM32CubeIDE_1.12.1\STM32CubeIDE\plugins\com.st.stm32cube.common.mx_6.8.1.202304191431\\db\/mcu/
2023-05-28 02:18:31,417 [INFO] ApiDb:274 - Set plugin database path to: C:\ST\STM32CubeIDE_1.12.1\STM32CubeIDE\plugins\com.st.stm32cube.common.mx_6.8.1.202304191431\\db\/plugins/boardmanager/
2023-05-28 02:18:31,418 [WARN] ApiDb:259 - Overriding images path with different value:  => C:\ST\STM32CubeIDE_1.12.1\STM32CubeIDE\plugins\com.st.stm32cube.common.mx_6.8.1.202304191431\\db\/plugins/mcufinder/images/
2023-05-28 02:18:31,432 [INFO] ApiDb:250 - Set database path to: C:\Users\mfern\.stmcufinder\plugins\mcufinder//mcu/
2023-05-28 02:18:31,434 [INFO] DbMcusAds:125 - Set database path to: C:\Users\mfern\.stmcufinder\plugins\mcufinder//mcu/
2023-05-28 02:18:31,436 [INFO] CrossReferenceDbSqlite:203 - Set database path to: C:\Users\mfern\.stmcufinder\plugins\mcufinder//mcu/cs/
2023-05-28 02:18:31,519 [INFO] RulesReader:64 - Compatibility file has been processed (293 Rules)
2023-05-28 02:18:31,602 [INFO] DbMcusXml:78 - Set database path to: C:\ST\STM32CubeIDE_1.12.1\STM32CubeIDE\plugins\com.st.stm32cube.common.mx_6.8.1.202304191431\\db\/mcu/
2023-05-28 02:18:31,603 [INFO] ApiDb:274 - Set plugin database path to: C:\ST\STM32CubeIDE_1.12.1\STM32CubeIDE\plugins\com.st.stm32cube.common.mx_6.8.1.202304191431\\db\/plugins/boardmanager/
2023-05-28 02:18:31,603 [INFO] ApiDb:261 - Set plugin images path to: C:\ST\STM32CubeIDE_1.12.1\STM32CubeIDE\plugins\com.st.stm32cube.common.mx_6.8.1.202304191431\\db\/plugins/mcufinder/images/
2023-05-28 02:18:31,603 [WARN] DbFile:41 - Overriding database path with different value: C:\Users\mfern\.stmcufinder\plugins\mcufinder/ => C:\Users\mfern\.stmcufinder\plugins\mcufinder
2023-05-28 02:18:31,603 [INFO] ApiDb:250 - Set database path to: C:\Users\mfern\.stmcufinder\plugins\mcufinder//mcu/
2023-05-28 02:18:31,603 [WARN] DbFile:41 - Overriding database path with different value: C:\Users\mfern\.stmcufinder\plugins\mcufinder/ => C:\Users\mfern\.stmcufinder\plugins\mcufinder
2023-05-28 02:18:31,603 [INFO] DbMcusAds:125 - Set database path to: C:\Users\mfern\.stmcufinder\plugins\mcufinder//mcu/
2023-05-28 02:18:31,604 [WARN] DbFile:41 - Overriding database path with different value: C:\Users\mfern\.stmcufinder\plugins\mcufinder/ => C:\Users\mfern\.stmcufinder\plugins\mcufinder
2023-05-28 02:18:31,604 [WARN] DbFile:41 - Overriding database path with different value: C:\Users\mfern\.stmcufinder\plugins\mcufinder/ => C:\Users\mfern\.stmcufinder\plugins\mcufinder
2023-05-28 02:18:31,604 [INFO] CrossReferenceDbSqlite:203 - Set database path to: C:\Users\mfern\.stmcufinder\plugins\mcufinder//mcu/cs/
2023-05-28 02:18:31,676 [INFO] MainPanel:253 - HeapMemory: 268435456
2023-05-28 02:18:31,774 [INFO] DbMcusXml:78 - Set database path to: C:\ST\STM32CubeIDE_1.12.1\STM32CubeIDE\plugins\com.st.stm32cube.common.mx_6.8.1.202304191431\\db\/mcu/
2023-05-28 02:18:31,774 [INFO] ApiDb:274 - Set plugin database path to: C:\ST\STM32CubeIDE_1.12.1\STM32CubeIDE\plugins\com.st.stm32cube.common.mx_6.8.1.202304191431\\db\/plugins/boardmanager/
2023-05-28 02:18:31,774 [INFO] ApiDb:261 - Set plugin images path to: C:\ST\STM32CubeIDE_1.12.1\STM32CubeIDE\plugins\com.st.stm32cube.common.mx_6.8.1.202304191431\\db\/plugins/mcufinder/images/
2023-05-28 02:18:31,775 [WARN] DbFile:41 - Overriding database path with different value: C:\Users\mfern\.stmcufinder\plugins\mcufinder/ => C:\Users\mfern\.stmcufinder\plugins\mcufinder
2023-05-28 02:18:31,775 [INFO] ApiDb:250 - Set database path to: C:\Users\mfern\.stmcufinder\plugins\mcufinder//mcu/
2023-05-28 02:18:31,775 [WARN] DbFile:41 - Overriding database path with different value: C:\Users\mfern\.stmcufinder\plugins\mcufinder/ => C:\Users\mfern\.stmcufinder\plugins\mcufinder
2023-05-28 02:18:31,775 [INFO] DbMcusAds:125 - Set database path to: C:\Users\mfern\.stmcufinder\plugins\mcufinder//mcu/
2023-05-28 02:18:31,775 [WARN] DbFile:41 - Overriding database path with different value: C:\Users\mfern\.stmcufinder\plugins\mcufinder/ => C:\Users\mfern\.stmcufinder\plugins\mcufinder
2023-05-28 02:18:31,775 [WARN] DbFile:41 - Overriding database path with different value: C:\Users\mfern\.stmcufinder\plugins\mcufinder/ => C:\Users\mfern\.stmcufinder\plugins\mcufinder
2023-05-28 02:18:31,776 [INFO] CrossReferenceDbSqlite:203 - Set database path to: C:\Users\mfern\.stmcufinder\plugins\mcufinder//mcu/cs/
2023-05-28 02:18:31,793 [INFO] ApplicationProperties:184 - Using Application install path: C:\ST\STM32CubeIDE_1.12.1\STM32CubeIDE\plugins\com.st.stm32cube.common.mx_6.8.1.202304191431
2023-05-28 02:18:31,795 [INFO] PluginManage:196 - Search for loadable plugins [exclusion list=, ]
2023-05-28 02:18:31,796 [INFO] PluginManage:310 - Check plugin analytics
2023-05-28 02:18:31,934 [INFO] AnalyticsPlugin:253 - Accepted Software Licenses: STM32CubeMX.6.8.1
2023-05-28 02:18:31,935 [INFO] AnalyticsPlugin:255 - Accepted CMSIS Pack Licenses: 
2023-05-28 02:18:31,935 [INFO] AnalyticsPlugin:257 - Accepted Firmware Licenses: FW.F4.1.27.0
2023-05-28 02:18:31,939 [ERROR] ConfigurationRetriever:142 - IOException on connection: sw-center.st.com
2023-05-28 02:18:31,940 [ERROR] ConfigurationRetriever:142 - IOException on connection: sw-center.st.com
2023-05-28 02:18:31,941 [ERROR] ConfigurationRetriever:142 - IOException on connection: sw-center.st.com
2023-05-28 02:18:31,941 [INFO] PluginManage:359 - Loaded plugin analytics (category:tool,tabindex:-1)
2023-05-28 02:18:31,942 [INFO] PluginManage:310 - Check plugin cadmodel
2023-05-28 02:18:31,947 [INFO] CADModel:105 - Init CAD model plugin
2023-05-28 02:18:31,947 [INFO] PluginManage:359 - Loaded plugin cadmodel (category:power,tabindex:5)
2023-05-28 02:18:31,948 [INFO] PluginManage:310 - Check plugin clock
2023-05-28 02:18:31,958 [INFO] PluginManage:359 - Loaded plugin clock (category:base,tabindex:2)
2023-05-28 02:18:31,958 [INFO] PluginManage:310 - Check plugin ddr
2023-05-28 02:18:31,962 [INFO] PluginManage:359 - Loaded plugin ddr (category:tool,tabindex:6)
2023-05-28 02:18:31,962 [INFO] PluginManage:310 - Check plugin filemanager
2023-05-28 02:18:32,088 [INFO] PluginManage:359 - Loaded plugin filemanager (category:base,tabindex:10)
2023-05-28 02:18:32,088 [INFO] PluginManage:310 - Check plugin ipmanager
2023-05-28 02:18:32,094 [INFO] PluginManage:359 - Loaded plugin ipmanager (category:base,tabindex:5)
2023-05-28 02:18:32,094 [INFO] PluginManage:310 - Check plugin lpbam
2023-05-28 02:18:32,103 [INFO] PluginManage:359 - Loaded plugin lpbam (category:base,tabindex:0)
2023-05-28 02:18:32,103 [INFO] PluginManage:310 - Check plugin pinoutandconfiguration
2023-05-28 02:18:32,110 [INFO] PluginManage:359 - Loaded plugin pinoutandconfiguration (category:base,tabindex:1)
2023-05-28 02:18:32,111 [INFO] PluginManage:310 - Check plugin pinoutconfig
2023-05-28 02:18:32,186 [WARN] SupportedApi:132 - Cannot load RTOS API schema: s4s-elt-must-match.1: The content of 'definitions' must match (annotation?, (simpleType | complexType)?, (unique | key | keyref)*)). A problem was found starting at: attribute.
2023-05-28 02:18:32,323 [INFO] PluginManage:359 - Loaded plugin pinoutconfig (category:base,tabindex:0)
2023-05-28 02:18:32,323 [INFO] PluginManage:310 - Check plugin power
2023-05-28 02:18:32,333 [INFO] PluginManage:359 - Loaded plugin power (category:power,tabindex:4)
2023-05-28 02:18:32,333 [INFO] PluginManage:310 - Check plugin projectmanager
2023-05-28 02:18:32,347 [INFO] PluginManage:359 - Loaded plugin projectmanager (category:projectmanager,tabindex:3)
2023-05-28 02:18:32,347 [INFO] PluginManage:310 - Check plugin thirdparty
2023-05-28 02:18:32,451 [INFO] PluginManage:359 - Loaded plugin thirdparty (category:base,tabindex:-1)
2023-05-28 02:18:32,451 [WARN] IntegrityCheckThread:84 - waiting for thirdparty lock release [integrity check]
2023-05-28 02:18:32,451 [INFO] IntegrityCheckThread:86 - entering critical section [integrity check]
2023-05-28 02:18:32,451 [INFO] PluginManage:310 - Check plugin tools
2023-05-28 02:18:32,452 [INFO] ThirdPartyUpdaterWithRetryManager:70 - Updater plugin not ready yet. [1/15]
2023-05-28 02:18:32,453 [INFO] PluginManage:359 - Loaded plugin tools (category:base,tabindex:7)
2023-05-28 02:18:32,453 [INFO] PluginManage:310 - Check plugin tutovideos
2023-05-28 02:18:32,623 [INFO] PluginManage:359 - Loaded plugin tutovideos (category:base,tabindex:-1)
2023-05-28 02:18:32,623 [INFO] PluginManage:310 - Check plugin updater
2023-05-28 02:18:32,636 [INFO] PluginManage:359 - Loaded plugin updater (category:base,tabindex:12)
2023-05-28 02:18:32,637 [INFO] PluginManage:283 - PluginManage : Loaded plugins [15]
2023-05-28 02:18:32,856 [INFO] PinOutPanel:1499 - setPackage(No Configuration,No Configuration)
2023-05-28 02:18:32,906 [INFO] CADModel:165 - CPN selected for project level
2023-05-28 02:18:32,907 [INFO] CADModel:114 - Register for checkConnection events
2023-05-28 02:18:32,921 [INFO] IPUIPlugin:80 - create IPUIPlugin
2023-05-28 02:18:32,921 [INFO] PluginManager:220 - loadIPPluginJar : add adc
2023-05-28 02:18:32,924 [INFO] IPUIPlugin:80 - create IPUIPlugin
2023-05-28 02:18:32,924 [INFO] PluginManager:220 - loadIPPluginJar : add aes
2023-05-28 02:18:32,926 [INFO] IPUIPlugin:80 - create IPUIPlugin
2023-05-28 02:18:32,926 [INFO] PluginManager:220 - loadIPPluginJar : add can
2023-05-28 02:18:32,927 [INFO] IPUIPlugin:80 - create IPUIPlugin
2023-05-28 02:18:32,927 [INFO] PluginManager:220 - loadIPPluginJar : add comp
2023-05-28 02:18:32,929 [INFO] IPUIPlugin:80 - create IPUIPlugin
2023-05-28 02:18:32,929 [INFO] PluginManager:220 - loadIPPluginJar : add cryp
2023-05-28 02:18:32,931 [INFO] IPUIPlugin:80 - create IPUIPlugin
2023-05-28 02:18:32,931 [INFO] PluginManager:220 - loadIPPluginJar : add dfsdm
2023-05-28 02:18:32,937 [INFO] IPUIPlugin:80 - create IPUIPlugin
2023-05-28 02:18:32,938 [INFO] PluginManager:220 - loadIPPluginJar : add dma
2023-05-28 02:18:32,940 [INFO] IPUIPlugin:80 - create IPUIPlugin
2023-05-28 02:18:32,940 [INFO] PluginManager:220 - loadIPPluginJar : add dma3
2023-05-28 02:18:32,940 [INFO] IPUIPlugin:80 - create IPUIPlugin
2023-05-28 02:18:32,941 [INFO] PluginManager:220 - loadIPPluginJar : add fatfs
2023-05-28 02:18:32,943 [INFO] IPUIPlugin:80 - create IPUIPlugin
2023-05-28 02:18:32,943 [INFO] PluginManager:220 - loadIPPluginJar : add fmc
2023-05-28 02:18:32,949 [INFO] IPUIPlugin:80 - create IPUIPlugin
2023-05-28 02:18:32,949 [INFO] PluginManager:220 - loadIPPluginJar : add freertos
2023-05-28 02:18:32,951 [INFO] IPUIPlugin:80 - create IPUIPlugin
2023-05-28 02:18:32,951 [INFO] PluginManager:220 - loadIPPluginJar : add genericplugin
2023-05-28 02:18:32,952 [INFO] IPUIPlugin:80 - create IPUIPlugin
2023-05-28 02:18:32,953 [INFO] PluginManager:220 - loadIPPluginJar : add gfxmmu
2023-05-28 02:18:32,955 [INFO] IPUIPlugin:80 - create IPUIPlugin
2023-05-28 02:18:32,955 [INFO] PluginManager:220 - loadIPPluginJar : add gic
2023-05-28 02:18:32,959 [INFO] IPUIPlugin:80 - create IPUIPlugin
2023-05-28 02:18:32,959 [INFO] PluginManager:220 - loadIPPluginJar : add gpio
2023-05-28 02:18:32,962 [INFO] IPUIPlugin:80 - create IPUIPlugin
2023-05-28 02:18:32,962 [INFO] PluginManager:220 - loadIPPluginJar : add gtzc
2023-05-28 02:18:32,964 [INFO] IPUIPlugin:80 - create IPUIPlugin
2023-05-28 02:18:32,964 [INFO] PluginManager:220 - loadIPPluginJar : add hash
2023-05-28 02:18:32,966 [INFO] IPUIPlugin:80 - create IPUIPlugin
2023-05-28 02:18:32,966 [INFO] PluginManager:220 - loadIPPluginJar : add i2c
2023-05-28 02:18:32,968 [INFO] IPUIPlugin:80 - create IPUIPlugin
2023-05-28 02:18:32,968 [INFO] PluginManager:220 - loadIPPluginJar : add i2s
2023-05-28 02:18:32,970 [INFO] IPUIPlugin:80 - create IPUIPlugin
2023-05-28 02:18:32,970 [INFO] PluginManager:220 - loadIPPluginJar : add i3c
2023-05-28 02:18:32,975 [INFO] IPUIPlugin:80 - create IPUIPlugin
2023-05-28 02:18:32,975 [INFO] PluginManager:220 - loadIPPluginJar : add ipddr
2023-05-28 02:18:32,981 [INFO] IPUIPlugin:80 - create IPUIPlugin
2023-05-28 02:18:32,982 [INFO] PluginManager:220 - loadIPPluginJar : add linkedlist
2023-05-28 02:18:32,983 [INFO] IPUIPlugin:80 - create IPUIPlugin
2023-05-28 02:18:32,983 [INFO] PluginManager:220 - loadIPPluginJar : add lorawan
2023-05-28 02:18:32,985 [INFO] IPUIPlugin:80 - create IPUIPlugin
2023-05-28 02:18:32,985 [INFO] PluginManager:220 - loadIPPluginJar : add ltdc
2023-05-28 02:18:32,989 [INFO] IPUIPlugin:80 - create IPUIPlugin
2023-05-28 02:18:32,990 [INFO] PluginManager:220 - loadIPPluginJar : add mdma
2023-05-28 02:18:32,991 [INFO] IPUIPlugin:80 - create IPUIPlugin
2023-05-28 02:18:32,993 [INFO] PluginManager:220 - loadIPPluginJar : add nvic
2023-05-28 02:18:32,995 [INFO] IPUIPlugin:80 - create IPUIPlugin
2023-05-28 02:18:32,995 [INFO] PluginManager:220 - loadIPPluginJar : add opamp
2023-05-28 02:18:32,997 [INFO] IPUIPlugin:80 - create IPUIPlugin
2023-05-28 02:18:32,997 [INFO] PluginManager:220 - loadIPPluginJar : add openamp
2023-05-28 02:18:32,999 [INFO] IPUIPlugin:80 - create IPUIPlugin
2023-05-28 02:18:33,000 [INFO] PluginManager:220 - loadIPPluginJar : add pdm2pcm
2023-05-28 02:18:33,002 [INFO] IPUIPlugin:80 - create IPUIPlugin
2023-05-28 02:18:33,002 [INFO] PluginManager:220 - loadIPPluginJar : add plateformsettings
2023-05-28 02:18:33,002 [INFO] IPUIPlugin:80 - create IPUIPlugin
2023-05-28 02:18:33,002 [INFO] PluginManager:220 - loadIPPluginJar : add quadspi
2023-05-28 02:18:33,012 [INFO] IPUIPlugin:80 - create IPUIPlugin
2023-05-28 02:18:33,012 [INFO] PluginManager:220 - loadIPPluginJar : add resmgrutility
2023-05-28 02:18:33,015 [INFO] IPUIPlugin:80 - create IPUIPlugin
2023-05-28 02:18:33,016 [INFO] PluginManager:220 - loadIPPluginJar : add sai
2023-05-28 02:18:33,018 [INFO] IPUIPlugin:80 - create IPUIPlugin
2023-05-28 02:18:33,018 [INFO] PluginManager:220 - loadIPPluginJar : add spi
2023-05-28 02:18:33,019 [INFO] IPUIPlugin:80 - create IPUIPlugin
2023-05-28 02:18:33,019 [INFO] PluginManager:220 - loadIPPluginJar : add stm32_wpan
2023-05-28 02:18:33,023 [INFO] IPUIPlugin:80 - create IPUIPlugin
2023-05-28 02:18:33,023 [INFO] PluginManager:220 - loadIPPluginJar : add tim
2023-05-28 02:18:33,025 [INFO] IPUIPlugin:80 - create IPUIPlugin
2023-05-28 02:18:33,025 [INFO] PluginManager:220 - loadIPPluginJar : add touchsensing
2023-05-28 02:18:33,027 [INFO] IPUIPlugin:80 - create IPUIPlugin
2023-05-28 02:18:33,027 [INFO] PluginManager:220 - loadIPPluginJar : add tracer_emb
2023-05-28 02:18:33,029 [INFO] IPUIPlugin:80 - create IPUIPlugin
2023-05-28 02:18:33,029 [INFO] PluginManager:220 - loadIPPluginJar : add ts
2023-05-28 02:18:33,030 [INFO] IPUIPlugin:80 - create IPUIPlugin
2023-05-28 02:18:33,031 [INFO] PluginManager:220 - loadIPPluginJar : add tsc
2023-05-28 02:18:33,031 [INFO] IPUIPlugin:80 - create IPUIPlugin
2023-05-28 02:18:33,031 [INFO] PluginManager:220 - loadIPPluginJar : add ucpd
2023-05-28 02:18:33,034 [INFO] IPUIPlugin:80 - create IPUIPlugin
2023-05-28 02:18:33,034 [INFO] PluginManager:220 - loadIPPluginJar : add usart
2023-05-28 02:18:33,037 [INFO] IPUIPlugin:80 - create IPUIPlugin
2023-05-28 02:18:33,037 [INFO] PluginManager:220 - loadIPPluginJar : add usbx
2023-05-28 02:18:33,153 [INFO] CADModel:165 - CPN selected for project level
2023-05-28 02:18:33,153 [INFO] CADModel:114 - Register for checkConnection events
2023-05-28 02:18:33,154 [FATAL] Updater:308 - Updater called before beeing initialized
2023-05-28 02:18:33,154 [ERROR] CADModel:125 - Updater not yet initialized, retry later 
2023-05-28 02:18:33,289 [INFO] CADModel:165 - CPN selected for project level
2023-05-28 02:18:33,289 [INFO] CADModel:114 - Register for checkConnection events
2023-05-28 02:18:33,289 [FATAL] Updater:308 - Updater called before beeing initialized
2023-05-28 02:18:33,289 [ERROR] CADModel:125 - Updater not yet initialized, retry later 
2023-05-28 02:18:33,293 [FATAL] Updater:308 - Updater called before beeing initialized
2023-05-28 02:18:33,378 [FATAL] Updater:308 - Updater called before beeing initialized
2023-05-28 02:18:33,383 [INFO] DbMcusAds:53 - JSON generation date=Tue Mar 07 02:50:54 CST 2023 (1678179054945)
2023-05-28 02:18:33,384 [FATAL] Updater:308 - Updater called before beeing initialized
2023-05-28 02:18:33,415 [WARN] DetailPanel:346 - Failed to get advertising image, set to default
2023-05-28 02:18:33,503 [FATAL] Updater:308 - Updater called before beeing initialized
2023-05-28 02:18:33,505 [FATAL] Updater:308 - Updater called before beeing initialized
2023-05-28 02:18:33,505 [FATAL] Updater:308 - Updater called before beeing initialized
2023-05-28 02:18:33,505 [WARN] DetailPanel:346 - Failed to get advertising image, set to default
2023-05-28 02:18:33,505 [FATAL] Updater:308 - Updater called before beeing initialized
2023-05-28 02:18:33,544 [ERROR] Updater:1120 - MainUpdater not yet initialized. External WinMGr cannot be set.
2023-05-28 02:18:33,546 [INFO] Updater:1056 - Updater Version found : 6.8.1
2023-05-28 02:18:33,558 [INFO] ApplicationProperties:184 - Using Application install path: C:\ST\STM32CubeIDE_1.12.1\STM32CubeIDE\plugins\com.st.stm32cube.common.mx_6.8.1.202304191431
2023-05-28 02:18:33,620 [ERROR] ServerAccessManage:1146 - Warning during Server Connection :  Unknown host sw-center.st.com
2023-05-28 02:18:33,623 [INFO] MainUpdater:2854 - connection check result : 22
2023-05-28 02:18:33,624 [INFO] MainUpdater:283 - Updater Check For Update Now.
2023-05-28 02:18:33,624 [INFO] MicroXplorer:498 - Change Database Version : DB.6.0.81
2023-05-28 02:18:33,765 [INFO] CheckServerUpdateThread:120 - End of CheckServer Thread
2023-05-28 02:18:33,838 [ERROR] ServerAccessManage:1146 - Warning during Server Connection :  Unknown host sw-center.st.com
2023-05-28 02:18:33,839 [INFO] MainUpdater:2854 - connection check result : 22
2023-05-28 02:18:35,605 [WARN] PackLoader:240 - Cannot read IP mode file for STMicroelectronics.X-CUBE-GNSS1.6.0.0
2023-05-28 02:18:35,626 [WARN] PackLoader:240 - Cannot read IP mode file for STMicroelectronics.X-CUBE-AZRTOS-F4.1.1.0
2023-05-28 02:18:35,635 [WARN] PackLoader:240 - Cannot read IP mode file for STMicroelectronics.X-CUBE-SMBUS.2.1.0
2023-05-28 02:18:35,639 [WARN] PackLoader:240 - Cannot read IP mode file for wolfSSL.I-CUBE-wolfSSL.5.6.0
2023-05-28 02:18:35,653 [WARN] PackLoader:240 - Cannot read IP mode file for STMicroelectronics.X-CUBE-AZRTOS-F7.1.1.0
2023-05-28 02:18:35,695 [WARN] PackLoader:240 - Cannot read IP mode file for STMicroelectronics.X-CUBE-MEMS1.9.6.0
2023-05-28 02:18:35,820 [ERROR] RealEvaluatedCondition:428 - Found unsupported composite condition: CLASS='Data Exchange' GROUP='STM32_MetaDataManager'
2023-05-28 02:18:35,820 [ERROR] RealEvaluatedCondition:428 - Found unsupported composite condition: GROUP='STM32_MetaDataManager' CLASS='Data Exchange'
2023-05-28 02:18:35,822 [WARN] PackLoader:240 - Cannot read IP mode file for STMicroelectronics.FP-SNS-MOTENV1.4.3.0
2023-05-28 02:18:35,826 [WARN] PackLoader:240 - Cannot read IP mode file for STMicroelectronics.FP-SNS-FLIGHT1.5.0.0
2023-05-28 02:18:35,831 [WARN] PackLoader:240 - Cannot read IP mode file for STMicroelectronics.X-CUBE-BLE1.6.2.4
2023-05-28 02:18:35,837 [WARN] PackLoader:240 - Cannot read IP mode file for emotas.I-CUBE-CANOPEN.1.1.3
2023-05-28 02:18:35,842 [WARN] PackLoader:240 - Cannot read IP mode file for STMicroelectronics.X-CUBE-BLEMGR.2.0.0
2023-05-28 02:18:35,857 [WARN] ConditionMgr:438 - getConditionDescription Invalid condition id : UX DEVICE CLASS RTOS Condition cause : null
2023-05-28 02:18:35,857 [WARN] ConditionMgr:438 - getConditionDescription Invalid condition id : UX DEVICE CLASS RTOS Condition cause : null
2023-05-28 02:18:35,862 [WARN] PackLoader:240 - Cannot read IP mode file for STMicroelectronics.X-CUBE-AZRTOS-H7.3.1.0
2023-05-28 02:18:35,863 [WARN] ConditionMgr:1039 - genDependencies : Invalid condition id : UX DEVICE CLASS RTOS Condition cause : null
2023-05-28 02:18:35,863 [WARN] ConditionMgr:1039 - genDependencies : Invalid condition id : UX DEVICE CLASS RTOS Condition cause : null
2023-05-28 02:18:35,864 [WARN] ConditionMgr:1039 - genDependencies : Invalid condition id : UX DEVICE CLASS RTOS Condition cause : null
2023-05-28 02:18:35,864 [WARN] ConditionMgr:1039 - genDependencies : Invalid condition id : UX DEVICE CLASS RTOS Condition cause : null
2023-05-28 02:18:35,864 [WARN] ConditionMgr:1039 - genDependencies : Invalid condition id : UX DEVICE CLASS RTOS Condition cause : null
2023-05-28 02:18:35,871 [WARN] PackLoader:240 - Cannot read IP mode file for STMicroelectronics.X-CUBE-DISPLAY.3.0.0
2023-05-28 02:18:35,878 [WARN] PackLoader:240 - Cannot read IP mode file for STMicroelectronics.X-CUBE-NFC7.1.0.0
2023-05-28 02:18:35,883 [WARN] PackLoader:240 - Cannot read IP mode file for STMicroelectronics.X-CUBE-EEPRMA1.4.1.0
2023-05-28 02:18:35,889 [WARN] PackLoader:240 - Cannot read IP mode file for WES.I-CUBE-Cesium.1.3.0
2023-05-28 02:18:35,895 [WARN] PackLoader:240 - Cannot read IP mode file for STMicroelectronics.X-CUBE-SFXS2LP1.4.0.0
2023-05-28 02:18:35,899 [WARN] PackLoader:240 - Cannot read IP mode file for STMicroelectronics.X-CUBE-BLE2.3.3.0
2023-05-28 02:18:35,902 [WARN] PackLoader:240 - Cannot read IP mode file for STMicroelectronics.X-CUBE-ISPU.1.1.0
2023-05-28 02:18:35,906 [WARN] PackLoader:240 - Cannot read IP mode file for STMicroelectronics.X-CUBE-AI.8.0.0
2023-05-28 02:18:35,911 [WARN] PackLoader:240 - Cannot read IP mode file for STMicroelectronics.X-CUBE-FREERTOS.1.0.1
2023-05-28 02:18:35,915 [WARN] PackLoader:240 - Cannot read IP mode file for STMicroelectronics.X-CUBE-TOUCHGFX.4.21.3
2023-05-28 02:18:35,918 [WARN] PackLoader:240 - Cannot read IP mode file for STMicroelectronics.X-CUBE-TOUCHGFX.4.21.4
2023-05-28 02:18:35,922 [WARN] PackLoader:240 - Cannot read IP mode file for STMicroelectronics.X-CUBE-ALGOBUILD.1.3.0
2023-05-28 02:18:35,930 [WARN] PackLoader:240 - Cannot read IP mode file for STMicroelectronics.X-CUBE-AZRTOS-L5.1.1.0
2023-05-28 02:18:35,959 [WARN] PackLoader:240 - Cannot read IP mode file for STMicroelectronics.X-CUBE-AZRTOS-G0.1.1.0
2023-05-28 02:18:35,966 [WARN] PackLoader:240 - Cannot read IP mode file for STMicroelectronics.X-CUBE-AI.8.0.1
2023-05-28 02:18:35,980 [WARN] PackLoader:240 - Cannot read IP mode file for STMicroelectronics.X-CUBE-SUBG2.5.0.0
2023-05-28 02:18:35,994 [WARN] PackLoader:240 - Cannot read IP mode file for STMicroelectronics.X-CUBE-NFC4.3.0.0
2023-05-28 02:18:36,015 [WARN] PackLoader:240 - Cannot read IP mode file for STMicroelectronics.X-CUBE-AZRTOS-G4.2.0.0
2023-05-28 02:18:36,062 [WARN] PackLoader:240 - Cannot read IP mode file for STMicroelectronics.X-CUBE-TOF1.3.3.0
2023-05-28 02:18:36,076 [WARN] PackLoader:240 - Cannot read IP mode file for STMicroelectronics.FP-ATR-SIGFOX1.3.2.0
2023-05-28 02:18:36,093 [WARN] PackLoader:240 - Cannot read IP mode file for STMicroelectronics.X-CUBE-AZRTOS-L4.1.0.0
2023-05-28 02:18:36,106 [WARN] PackLoader:240 - Cannot read IP mode file for STMicroelectronics.X-CUBE-AZRTOS-WL.1.0.0
2023-05-28 02:18:36,112 [WARN] PackLoader:240 - Cannot read IP mode file for portGmbH.I-Cube-SoM-uGOAL.1.1.0
2023-05-28 02:18:36,116 [WARN] PackLoader:240 - Cannot read IP mode file for STMicroelectronics.X-CUBE-ALS.1.0.1
2023-05-28 02:18:36,126 [WARN] PackLoader:240 - Cannot read IP mode file for STMicroelectronics.X-CUBE-AZRTOS-WB.1.1.0
2023-05-28 02:18:36,166 [WARN] PackLoader:240 - Cannot read IP mode file for SEGGER.I-CUBE-embOS.1.3.1
2023-05-28 02:18:36,212 [WARN] PackLoader:240 - Cannot read IP mode file for STMicroelectronics.FP-ATR-ASTRA1.2.0.0
2023-05-28 02:18:36,213 [INFO] ThirdParty:978 - Integrity check success = true
2023-05-28 02:18:36,213 [INFO] IntegrityCheckThread:100 - exiting critical section [integrity check]
2023-05-28 02:18:36,213 [INFO] IntegrityCheckThread:103 - End integrity checks thread
2023-05-28 02:18:44,874 [ERROR] ServerAccessManage:1146 - Warning during Server Connection :  Unknown host sw-center.st.com
2023-05-28 02:18:44,876 [INFO] MainUpdater:2854 - connection check result : 22
2023-05-28 02:18:49,702 [INFO] ApiDb:581 - Connected to CubeFinder SQLite database (C:\Users\mfern\.stmcufinder\plugins\mcufinder\mcu\cube-finder-db.db)
2023-05-28 02:18:49,760 [INFO] ApiDb:668 - CubeFinder database Data Model version=2.1
2023-05-28 02:18:49,760 [INFO] ApiDb:669 - CubeFinder database Configuration version=3.0.35
2023-05-28 02:18:49,760 [INFO] ApiDb:670 - CubeFinder database generation date=2023-05-12 (1683877179)
2023-05-28 02:18:49,760 [INFO] ApiDb:671 - CubeFinder database FW Pack versions=[FP-ATR-ASTRA1_V2.0.0, FP-SNS-FLIGHT1_V5.0.0, FP-SNS-MOTENV1_V4.3.0, STM32Cube_FW_C0_V1.0.1, STM32Cube_FW_F0_V1.11.4, STM32Cube_FW_F3_V1.11.4, STM32Cube_FW_F4_V1.27.1, STM32Cube_FW_F7_V1.17.0, STM32Cube_FW_G0_V1.6.1, STM32Cube_FW_G4_V1.5.1, STM32Cube_FW_H5_V0.5.1, STM32Cube_FW_H5_V1.0.0, STM32Cube_FW_H7_V1.11.0, STM32Cube_FW_L0_V1.12.2, STM32Cube_FW_L5_V1.5.0, STM32Cube_FW_U5_V1.2.0, STM32Cube_FW_WBA_V1.0.0, STM32Cube_FW_WBA_V1.0.0RC1, STM32Cube_FW_WBA_V1.0.0RC3, STM32Cube_FW_WB_V1.15.0RC1, STM32Cube_FW_WB_V1.16.0, STM32Cube_FW_WB_V1.16.0RC2, STM32Cube_FW_WL_V1.3.0, X-CUBE-ALGOBUILD_V1.3.0, X-CUBE-ALS_V1.0.1, X-CUBE-AZRTOS-F4_V1.1.0, X-CUBE-AZRTOS-F7_V1.1.0, X-CUBE-AZRTOS-G0_V1.1.0, X-CUBE-AZRTOS-G4_V2.0.0, X-CUBE-AZRTOS-H7_V3.1.0, X-CUBE-AZRTOS-L4_V1.0.0, X-CUBE-AZRTOS-L5_V1.1.0, X-CUBE-AZRTOS-WB_V1.1.0, X-CUBE-AZRTOS-WL_V1.0.0, X-CUBE-BLE1_V6.2.4, X-CUBE-BLE2_V3.3.0, X-CUBE-BLEMGR_V2.0.0, X-CUBE-EEPRMA1_V4.1.0, X-CUBE-FREERTOS_V1.0.1, X-CUBE-GNSS1_V6.0.0, X-CUBE-MEMS1_V9.1.0, X-CUBE-MEMS1_V9.4.0, X-CUBE-MEMS1_V9.6.0, X-CUBE-NFC4_V3.0.0, X-CUBE-NFC7_V1.0.0, X-CUBE-SFXS2LP1_V4.0.0, X-CUBE-SUBG2_V5.0.0]
2023-05-28 02:18:49,872 [INFO] DbBoardsSqlite:226 - include board P-NUCLEO-WB55-NUCLEO as a kit item of type 'Nucleo-64'
2023-05-28 02:18:49,872 [INFO] DbBoardsSqlite:226 - include board P-NUCLEO-WB55-USBDONGLE as a kit item of type 'Nucleo USB Dongle'
2023-05-28 02:18:49,873 [INFO] DbBoardsSqlite:226 - include board STEVAL-IDP005V1 as a kit item of type 'Evaluation Board'
2023-05-28 02:18:49,874 [INFO] DbBoardsSqlite:226 - include board STEVAL-IDP005V2 as a kit item of type 'Evaluation Board'
2023-05-28 02:18:50,194 [INFO] ApiDb:240 - Found 297 in-development CPN: [B-G473E-ZEST1S, B-WB1M-WPAN1, B-WL5M-SUBG1, NUCLEO-C031C6, NUCLEO-H503RB, NUCLEO-H563ZI, NUCLEO-U545RE-Q, NUCLEO-U5A5ZJ-Q, NUCLEO-WBA52CG, STEVAL-PROTEUS1, STEVAL-STWINBX1, STM320518-EVAL, STM32C0116-DK, STM32C011D6Y3TR, STM32C011D6Y6TR, STM32C011F4P3, STM32C011F4P6, STM32C011F4U3, STM32C011F4U6TR, STM32C011F6P3, STM32C011F6P6, STM32C011F6U3, STM32C011F6U6TR, STM32C011J4M3, STM32C011J4M6, STM32C011J6M3, STM32C011J6M6, STM32C0316-DK, STM32C031C4T3, STM32C031C4T6, STM32C031C4U3, STM32C031C4U6, STM32C031C6T3, STM32C031C6T6, STM32C031C6U3, STM32C031C6U6, STM32C031F4P3, STM32C031F4P6, STM32C031F6P3, STM32C031F6P6, STM32C031G4U3, STM32C031G4U6, STM32C031G6U3, STM32C031G6U6, STM32C031K4T3, STM32C031K4T6, STM32C031K4U3, STM32C031K4U6, STM32C031K6T3, STM32C031K6T6, STM32C031K6U3, STM32C031K6U6, STM32G071K8TXN, STM32G071K8UXN, STM32G081GBU6N, STM32G081KBT6N, STM32G081KBUXN, STM32G0B1CCT6N, STM32G0B1KCT6, STM32G0B1NEY6TR, STM32G0B1RCT6N, STM32G0C1CCT6, STM32G0C1CCT6N, STM32G0C1CCU6N, STM32G0C1CET6N, STM32G0C1CEU6N, STM32G0C1KCT6, STM32G0C1NEY6TR, STM32G0C1RCI6N, STM32G0C1RCT6N, STM32G0C1REI6N, STM32G0C1RET6N, STM32G0C1VCI6, STM32G0C1VEI6, STM32G471CCT6, STM32G471CCU6, STM32G471CET3, STM32G471CET6, STM32G471CEU3, STM32G471CEU6, STM32G471MCT6, STM32G471MET3, STM32G471MET6, STM32G471MEY6TR, STM32G471QCT6, STM32G471QET3, STM32G471RCT6, STM32G471RET3, STM32G471RET6, STM32G471VCH6, STM32G471VCI6, STM32G471VCT6, STM32G471VEH3, STM32G471VEH6, STM32G471VEI3, STM32G471VEI6, STM32G471VET3, STM32G471VET6, STM32G474CCT6, STM32H503CBT6, STM32H503CBU6, STM32H503EBY6TR, STM32H503KBU6, STM32H503RBT6, STM32H562AGI6, STM32H562AII6, STM32H562IGK6, STM32H562IGT6, STM32H562IIK6, STM32H562IIT6, STM32H562RGT6, STM32H562RGV6, STM32H562RIT6, STM32H562RIV6, STM32H562VGT6, STM32H562VIT6, STM32H562ZGT6, STM32H562ZIT6, STM32H563AGI6, STM32H563AII3Q, STM32H563AII6, STM32H563IGK6, STM32H563IGT6, STM32H563IIK3Q, STM32H563IIK6, STM32H563IIT3Q, STM32H563IIT6, STM32H563MIY3QTR, STM32H563RGT6, STM32H563RGV6, STM32H563RIT6, STM32H563RIV6, STM32H563VGT6, STM32H563VIT3Q, STM32H563VIT6, STM32H563ZGT6, STM32H563ZIT3Q, STM32H563ZIT6, STM32H573AII3Q, STM32H573AII6, STM32H573I-DK, STM32H573IIK3Q, STM32H573IIK6, STM32H573IIT3Q, STM32H573IIT6, STM32H573MIY3QTR, STM32H573RIT6, STM32H573RIV6, STM32H573VIT3Q, STM32H573VIT6, STM32H573ZIT3Q, STM32H573ZIT6, STM32L4R5QGI6STR, STM32MP131AAE3, STM32MP131AAF3, STM32MP131AAG3, STM32MP131CAE3, STM32MP131CAF3, STM32MP131CAG3, STM32MP131DAE7, STM32MP131DAF7, STM32MP131DAG7, STM32MP131FAE7, STM32MP131FAF7, STM32MP131FAG7, STM32MP133AAE3, STM32MP133AAF3, STM32MP133AAG3, STM32MP133CAE3, STM32MP133CAF3, STM32MP133CAG3, STM32MP133DAE7, STM32MP133DAF7, STM32MP133DAG7, STM32MP133FAE7, STM32MP133FAF7, STM32MP133FAG7, STM32MP135AAE3, STM32MP135AAF3, STM32MP135AAG3, STM32MP135CAE3, STM32MP135CAF3, STM32MP135CAG3, STM32MP135DAE7, STM32MP135DAF7, STM32MP135DAG7, STM32MP135F-DK, STM32MP135FAE7, STM32MP135FAF7, STM32MP135FAF7T, STM32MP135FAF7U, STM32MP135FAG7, STM32U535CBT6, STM32U535CBT6Q, STM32U535CBU6, STM32U535CBU6Q, STM32U535CCT6, STM32U535CCT6Q, STM32U535CCU6, STM32U535CCU6Q, STM32U535CET6, STM32U535CET6Q, STM32U535CEU6, STM32U535CEU6Q, STM32U535JEY6QTR, STM32U535NCY6QTR, STM32U535NEY6QTR, STM32U535RBI6, STM32U535RBI6Q, STM32U535RBT6, STM32U535RBT6Q, STM32U535RCI6, STM32U535RCI6Q, STM32U535RCT6, STM32U535RCT6Q, STM32U535REI6, STM32U535REI6Q, STM32U535RET6, STM32U535RET6Q, STM32U535VCI6, STM32U535VCI6Q, STM32U535VCT6, STM32U535VCT6Q, STM32U535VEI6, STM32U535VEI6Q, STM32U535VET6, STM32U535VET6Q, STM32U545CET6, STM32U545CET6Q, STM32U545CEU6, STM32U545CEU6Q, STM32U545JEY6QTR, STM32U545NEY6QTR, STM32U545REI6, STM32U545REI6Q, STM32U545RET6, STM32U545RET6Q, STM32U545VEI6, STM32U545VEI6Q, STM32U545VET6, STM32U545VET6Q, STM32U595AIH6, STM32U595AIH6Q, STM32U595AJH6, STM32U595AJH6Q, STM32U595QII6, STM32U595QII6Q, STM32U595QJI6, STM32U595QJI6Q, STM32U595RIT6, STM32U595RIT6Q, STM32U595RJT6, STM32U595RJT6Q, STM32U595VIT6, STM32U595VIT6Q, STM32U595VJT6, STM32U595VJT6Q, STM32U595ZIT6, STM32U595ZIT6Q, STM32U595ZIY6QTR, STM32U595ZJT6, STM32U595ZJT6Q, STM32U595ZJY6QTR, STM32U599BJY6QTR, STM32U599NIH6Q, STM32U599NJH6Q, STM32U599VIT6Q, STM32U599VJT6, STM32U599VJT6Q, STM32U599ZIT6Q, STM32U599ZIY6QTR, STM32U599ZJT6Q, STM32U599ZJY6QTR, STM32U5A5AJH6, STM32U5A5AJH6Q, STM32U5A5QJI6, STM32U5A5QJI6Q, STM32U5A5RJT6, STM32U5A5RJT6Q, STM32U5A5VJT6, STM32U5A5VJT6Q, STM32U5A5ZJT6, STM32U5A5ZJT6Q, STM32U5A5ZJY6QTR, STM32U5A9BJY6QTR, STM32U5A9J-DK, STM32U5A9NJH6Q, STM32U5A9VJT6Q, STM32U5A9ZJT6Q, STM32U5A9ZJY6QTR, STM32WB1MMCH6, STM32WBA52CEU6, STM32WBA52CEU6T, STM32WBA52CGU6, STM32WBA52CGU6T, STM32WL5MOCH6, STM32WL5MOCH6TR]
2023-05-28 02:18:50,308 [INFO] BoardInfo:880 - No configuration file found for board P-NUCLEO-WB55
2023-05-28 02:18:50,308 [INFO] DbBoards:157 - Kit is not supported: P-NUCLEO-WB55
2023-05-28 02:18:50,324 [INFO] BoardInfo:880 - No configuration file found for board STEVAL-BFA001V1B
2023-05-28 02:18:50,324 [INFO] DbBoards:157 - Kit is not supported: STEVAL-BFA001V1B
2023-05-28 02:18:50,324 [INFO] BoardInfo:880 - No configuration file found for board STEVAL-BFA001V2B
2023-05-28 02:18:50,324 [INFO] DbBoards:157 - Kit is not supported: STEVAL-BFA001V2B
2023-05-28 02:18:50,417 [INFO] DbBoards:161 - Found 187 boards, 184 are supported
2023-05-28 02:18:50,433 [INFO] ApiDb:668 - CubeFinder database Data Model version=2.1
2023-05-28 02:18:50,433 [INFO] ApiDb:669 - CubeFinder database Configuration version=3.0.35
2023-05-28 02:18:50,433 [INFO] ApiDb:670 - CubeFinder database generation date=2023-05-12 (1683877179)
2023-05-28 02:18:50,433 [INFO] ApiDb:671 - CubeFinder database FW Pack versions=[FP-ATR-ASTRA1_V2.0.0, FP-SNS-FLIGHT1_V5.0.0, FP-SNS-MOTENV1_V4.3.0, STM32Cube_FW_C0_V1.0.1, STM32Cube_FW_F0_V1.11.4, STM32Cube_FW_F3_V1.11.4, STM32Cube_FW_F4_V1.27.1, STM32Cube_FW_F7_V1.17.0, STM32Cube_FW_G0_V1.6.1, STM32Cube_FW_G4_V1.5.1, STM32Cube_FW_H5_V0.5.1, STM32Cube_FW_H5_V1.0.0, STM32Cube_FW_H7_V1.11.0, STM32Cube_FW_L0_V1.12.2, STM32Cube_FW_L5_V1.5.0, STM32Cube_FW_U5_V1.2.0, STM32Cube_FW_WBA_V1.0.0, STM32Cube_FW_WBA_V1.0.0RC1, STM32Cube_FW_WBA_V1.0.0RC3, STM32Cube_FW_WB_V1.15.0RC1, STM32Cube_FW_WB_V1.16.0, STM32Cube_FW_WB_V1.16.0RC2, STM32Cube_FW_WL_V1.3.0, X-CUBE-ALGOBUILD_V1.3.0, X-CUBE-ALS_V1.0.1, X-CUBE-AZRTOS-F4_V1.1.0, X-CUBE-AZRTOS-F7_V1.1.0, X-CUBE-AZRTOS-G0_V1.1.0, X-CUBE-AZRTOS-G4_V2.0.0, X-CUBE-AZRTOS-H7_V3.1.0, X-CUBE-AZRTOS-L4_V1.0.0, X-CUBE-AZRTOS-L5_V1.1.0, X-CUBE-AZRTOS-WB_V1.1.0, X-CUBE-AZRTOS-WL_V1.0.0, X-CUBE-BLE1_V6.2.4, X-CUBE-BLE2_V3.3.0, X-CUBE-BLEMGR_V2.0.0, X-CUBE-EEPRMA1_V4.1.0, X-CUBE-FREERTOS_V1.0.1, X-CUBE-GNSS1_V6.0.0, X-CUBE-MEMS1_V9.1.0, X-CUBE-MEMS1_V9.4.0, X-CUBE-MEMS1_V9.6.0, X-CUBE-NFC4_V3.0.0, X-CUBE-NFC7_V1.0.0, X-CUBE-SFXS2LP1_V4.0.0, X-CUBE-SUBG2_V5.0.0]
2023-05-28 02:18:51,935 [INFO] ApiDb:240 - Found 297 in-development CPN: [B-G473E-ZEST1S, B-WB1M-WPAN1, B-WL5M-SUBG1, NUCLEO-C031C6, NUCLEO-H503RB, NUCLEO-H563ZI, NUCLEO-U545RE-Q, NUCLEO-U5A5ZJ-Q, NUCLEO-WBA52CG, STEVAL-PROTEUS1, STEVAL-STWINBX1, STM320518-EVAL, STM32C0116-DK, STM32C011D6Y3TR, STM32C011D6Y6TR, STM32C011F4P3, STM32C011F4P6, STM32C011F4U3, STM32C011F4U6TR, STM32C011F6P3, STM32C011F6P6, STM32C011F6U3, STM32C011F6U6TR, STM32C011J4M3, STM32C011J4M6, STM32C011J6M3, STM32C011J6M6, STM32C0316-DK, STM32C031C4T3, STM32C031C4T6, STM32C031C4U3, STM32C031C4U6, STM32C031C6T3, STM32C031C6T6, STM32C031C6U3, STM32C031C6U6, STM32C031F4P3, STM32C031F4P6, STM32C031F6P3, STM32C031F6P6, STM32C031G4U3, STM32C031G4U6, STM32C031G6U3, STM32C031G6U6, STM32C031K4T3, STM32C031K4T6, STM32C031K4U3, STM32C031K4U6, STM32C031K6T3, STM32C031K6T6, STM32C031K6U3, STM32C031K6U6, STM32G071K8TXN, STM32G071K8UXN, STM32G081GBU6N, STM32G081KBT6N, STM32G081KBUXN, STM32G0B1CCT6N, STM32G0B1KCT6, STM32G0B1NEY6TR, STM32G0B1RCT6N, STM32G0C1CCT6, STM32G0C1CCT6N, STM32G0C1CCU6N, STM32G0C1CET6N, STM32G0C1CEU6N, STM32G0C1KCT6, STM32G0C1NEY6TR, STM32G0C1RCI6N, STM32G0C1RCT6N, STM32G0C1REI6N, STM32G0C1RET6N, STM32G0C1VCI6, STM32G0C1VEI6, STM32G471CCT6, STM32G471CCU6, STM32G471CET3, STM32G471CET6, STM32G471CEU3, STM32G471CEU6, STM32G471MCT6, STM32G471MET3, STM32G471MET6, STM32G471MEY6TR, STM32G471QCT6, STM32G471QET3, STM32G471RCT6, STM32G471RET3, STM32G471RET6, STM32G471VCH6, STM32G471VCI6, STM32G471VCT6, STM32G471VEH3, STM32G471VEH6, STM32G471VEI3, STM32G471VEI6, STM32G471VET3, STM32G471VET6, STM32G474CCT6, STM32H503CBT6, STM32H503CBU6, STM32H503EBY6TR, STM32H503KBU6, STM32H503RBT6, STM32H562AGI6, STM32H562AII6, STM32H562IGK6, STM32H562IGT6, STM32H562IIK6, STM32H562IIT6, STM32H562RGT6, STM32H562RGV6, STM32H562RIT6, STM32H562RIV6, STM32H562VGT6, STM32H562VIT6, STM32H562ZGT6, STM32H562ZIT6, STM32H563AGI6, STM32H563AII3Q, STM32H563AII6, STM32H563IGK6, STM32H563IGT6, STM32H563IIK3Q, STM32H563IIK6, STM32H563IIT3Q, STM32H563IIT6, STM32H563MIY3QTR, STM32H563RGT6, STM32H563RGV6, STM32H563RIT6, STM32H563RIV6, STM32H563VGT6, STM32H563VIT3Q, STM32H563VIT6, STM32H563ZGT6, STM32H563ZIT3Q, STM32H563ZIT6, STM32H573AII3Q, STM32H573AII6, STM32H573I-DK, STM32H573IIK3Q, STM32H573IIK6, STM32H573IIT3Q, STM32H573IIT6, STM32H573MIY3QTR, STM32H573RIT6, STM32H573RIV6, STM32H573VIT3Q, STM32H573VIT6, STM32H573ZIT3Q, STM32H573ZIT6, STM32L4R5QGI6STR, STM32MP131AAE3, STM32MP131AAF3, STM32MP131AAG3, STM32MP131CAE3, STM32MP131CAF3, STM32MP131CAG3, STM32MP131DAE7, STM32MP131DAF7, STM32MP131DAG7, STM32MP131FAE7, STM32MP131FAF7, STM32MP131FAG7, STM32MP133AAE3, STM32MP133AAF3, STM32MP133AAG3, STM32MP133CAE3, STM32MP133CAF3, STM32MP133CAG3, STM32MP133DAE7, STM32MP133DAF7, STM32MP133DAG7, STM32MP133FAE7, STM32MP133FAF7, STM32MP133FAG7, STM32MP135AAE3, STM32MP135AAF3, STM32MP135AAG3, STM32MP135CAE3, STM32MP135CAF3, STM32MP135CAG3, STM32MP135DAE7, STM32MP135DAF7, STM32MP135DAG7, STM32MP135F-DK, STM32MP135FAE7, STM32MP135FAF7, STM32MP135FAF7T, STM32MP135FAF7U, STM32MP135FAG7, STM32U535CBT6, STM32U535CBT6Q, STM32U535CBU6, STM32U535CBU6Q, STM32U535CCT6, STM32U535CCT6Q, STM32U535CCU6, STM32U535CCU6Q, STM32U535CET6, STM32U535CET6Q, STM32U535CEU6, STM32U535CEU6Q, STM32U535JEY6QTR, STM32U535NCY6QTR, STM32U535NEY6QTR, STM32U535RBI6, STM32U535RBI6Q, STM32U535RBT6, STM32U535RBT6Q, STM32U535RCI6, STM32U535RCI6Q, STM32U535RCT6, STM32U535RCT6Q, STM32U535REI6, STM32U535REI6Q, STM32U535RET6, STM32U535RET6Q, STM32U535VCI6, STM32U535VCI6Q, STM32U535VCT6, STM32U535VCT6Q, STM32U535VEI6, STM32U535VEI6Q, STM32U535VET6, STM32U535VET6Q, STM32U545CET6, STM32U545CET6Q, STM32U545CEU6, STM32U545CEU6Q, STM32U545JEY6QTR, STM32U545NEY6QTR, STM32U545REI6, STM32U545REI6Q, STM32U545RET6, STM32U545RET6Q, STM32U545VEI6, STM32U545VEI6Q, STM32U545VET6, STM32U545VET6Q, STM32U595AIH6, STM32U595AIH6Q, STM32U595AJH6, STM32U595AJH6Q, STM32U595QII6, STM32U595QII6Q, STM32U595QJI6, STM32U595QJI6Q, STM32U595RIT6, STM32U595RIT6Q, STM32U595RJT6, STM32U595RJT6Q, STM32U595VIT6, STM32U595VIT6Q, STM32U595VJT6, STM32U595VJT6Q, STM32U595ZIT6, STM32U595ZIT6Q, STM32U595ZIY6QTR, STM32U595ZJT6, STM32U595ZJT6Q, STM32U595ZJY6QTR, STM32U599BJY6QTR, STM32U599NIH6Q, STM32U599NJH6Q, STM32U599VIT6Q, STM32U599VJT6, STM32U599VJT6Q, STM32U599ZIT6Q, STM32U599ZIY6QTR, STM32U599ZJT6Q, STM32U599ZJY6QTR, STM32U5A5AJH6, STM32U5A5AJH6Q, STM32U5A5QJI6, STM32U5A5QJI6Q, STM32U5A5RJT6, STM32U5A5RJT6Q, STM32U5A5VJT6, STM32U5A5VJT6Q, STM32U5A5ZJT6, STM32U5A5ZJT6Q, STM32U5A5ZJY6QTR, STM32U5A9BJY6QTR, STM32U5A9J-DK, STM32U5A9NJH6Q, STM32U5A9VJT6Q, STM32U5A9ZJT6Q, STM32U5A9ZJY6QTR, STM32WB1MMCH6, STM32WBA52CEU6, STM32WBA52CEU6T, STM32WBA52CGU6, STM32WBA52CGU6T, STM32WL5MOCH6, STM32WL5MOCH6TR]
2023-05-28 02:18:51,951 [INFO] DbMcus:216 - Found 3775 MCUs, 3775 are supported
2023-05-28 02:18:51,951 [INFO] ApiDb:423 - Load user favorites file C:\Users\mfern/.stm32cubeide/favorites.mcus.txt: 0 item(s)
2023-05-28 02:18:51,951 [INFO] ApiDb:427 - User favorites MCUs=[]
2023-05-28 02:18:51,951 [INFO] DbMcus:222 - Set 0 / 0 favorites MCUs
2023-05-28 02:18:52,251 [INFO] ApiDb:423 - Load user favorites file C:\Users\mfern/.stm32cubeide/favorites.boards.txt: 0 item(s)
2023-05-28 02:18:52,251 [INFO] ApiDb:427 - User favorites Boards=[]
2023-05-28 02:18:52,251 [INFO] DbBoards:190 - Set 0 / 0 favorites Boards
2023-05-28 02:18:52,252 [INFO] McuFinderGlobals:66 - Set McuFinderConnectedMode to false
2023-05-28 02:18:52,258 [INFO] MultiScanPanel:200 - Auto-refresh data requested => check proxy status ongoing
2023-05-28 02:18:52,258 [INFO] MultiScanPanel:204 - Proxy status is invalid
2023-05-28 02:18:52,263 [INFO] FinderPluginLoader:95 - Searching for filters in installed packs
2023-05-28 02:18:53,351 [INFO] DetailPanel:341 - Set advertising image to C:/Users/mfern/STM32Cube/Repository/\en.prom-stm32h5-mcu-finder.jpg
2023-05-28 02:19:56,829 [INFO] MainUpdater:2854 - connection check result : 10
2023-05-28 02:19:56,830 [INFO] MainUpdater:2854 - connection check result : 10
2023-05-28 02:19:56,855 [INFO] MicroXplorer:468 - Change Database Path : 
2023-05-28 02:19:56,855 [INFO] MicroXplorer:498 - Change Database Version : DB.6.0.81
2023-05-28 02:19:56,856 [WARN] ThirdParty:871 - waiting for thirdparty lock release [close project]
2023-05-28 02:19:56,856 [INFO] ThirdParty:873 - entering critical section [close project]
2023-05-28 02:19:56,858 [INFO] ThirdParty:883 - exiting critical section [close project]
2023-05-28 02:19:56,863 [INFO] PinOutPanel:1499 - setPackage(No Configuration,No Configuration)
2023-05-28 02:19:56,875 [INFO] UtilMem:75 - Begin LoadConfig() Used Memory: 323383552 Bytes (610271232)
2023-05-28 02:19:56,879 [INFO] MicroXplorer:468 - Change Database Path : 
2023-05-28 02:19:56,881 [INFO] MicroXplorer:498 - Change Database Version : DB.6.0.81
2023-05-28 02:19:56,882 [INFO] OpenFileManager:308 - Change cursor
2023-05-28 02:19:57,017 [INFO] Mcu:1937 - Initializing MCU STM32F411CEUx STM32F411CEUx 
2023-05-28 02:19:57,020 [INFO] Mcu:1950 - No CPN specified => set CPN to STM32F411CEU6
2023-05-28 02:19:58,765 [INFO] Context:659 - Trying to add GPIOservice into a context  which must be forbidden
2023-05-28 02:19:59,292 [INFO] ImportTextPane:194 - (OptionalMessage_ERROR) Unable to find key (Mcu.ThirdPartyNb) in loaded IOC file
2023-05-28 02:19:59,292 [INFO] ImportTextPane:194 - (OptionalMessage_ERROR) Unable to find key (Mcu.PinsNb) in loaded IOC file
2023-05-28 02:19:59,293 [INFO] ImportTextPane:194 - (OptionalMessage_ERROR) Unable to find key (Mcu.IPNb) in loaded IOC file
2023-05-28 02:19:59,567 [INFO] RtosManager:555 - Registered RTOS mode: class=CMSIS, group=RTOS, mode=CMSIS_V1, owner=FREERTOS
2023-05-28 02:19:59,567 [INFO] RtosManager:555 - Registered RTOS mode: class=CMSIS, group=RTOS2, mode=CMSIS_V2, owner=FREERTOS
2023-05-28 02:19:59,567 [INFO] RtosManager:555 - Registered RTOS mode: class=RTOS, group=Core, mode=CMSIS_V1, owner=FREERTOS
2023-05-28 02:19:59,567 [INFO] RtosManager:555 - Registered RTOS mode: class=RTOS, group=Core, mode=CMSIS_V2, owner=FREERTOS
2023-05-28 02:19:59,568 [WARN] ModelIntegratedComponent:184 - Missing modes for component STMicroelectronics:FreeRTOS:0.0.1:STMicroelectronics:RTOS:FreeRTOS:Core:::10.2.0:
2023-05-28 02:19:59,578 [WARN] ModelIntegratedComponent:182 - Modes not found for component STMicroelectronics:USB_HOST:1.0.0:STMicroelectronics:USB::USB Host:Audio HS::1.0:USB_HOST_1_0_RESTRICTED_HS
2023-05-28 02:19:59,579 [WARN] ModelIntegratedComponent:188 - Modes not found for component STMicroelectronics:USB_HOST:1.0.0:STMicroelectronics:USB::USB Host:Audio HS::1.0:USB_HOST_1_0_RESTRICTED_HS
2023-05-28 02:19:59,579 [WARN] ModelIntegratedComponent:182 - Modes not found for component STMicroelectronics:USB_HOST:1.0.0:STMicroelectronics:USB::USB Host:CDC HS::1.0:USB_HOST_1_0_RESTRICTED_HS
2023-05-28 02:19:59,579 [WARN] ModelIntegratedComponent:188 - Modes not found for component STMicroelectronics:USB_HOST:1.0.0:STMicroelectronics:USB::USB Host:CDC HS::1.0:USB_HOST_1_0_RESTRICTED_HS
2023-05-28 02:19:59,579 [WARN] ModelIntegratedComponent:182 - Modes not found for component STMicroelectronics:USB_HOST:1.0.0:STMicroelectronics:USB::USB Host:MSC HS::1.0:USB_HOST_1_0_RESTRICTED_HS
2023-05-28 02:19:59,579 [WARN] ModelIntegratedComponent:188 - Modes not found for component STMicroelectronics:USB_HOST:1.0.0:STMicroelectronics:USB::USB Host:MSC HS::1.0:USB_HOST_1_0_RESTRICTED_HS
2023-05-28 02:19:59,580 [WARN] ModelIntegratedComponent:182 - Modes not found for component STMicroelectronics:USB_HOST:1.0.0:STMicroelectronics:USB::USB Host:HID HS::1.0:USB_HOST_1_0_RESTRICTED_HS
2023-05-28 02:19:59,580 [WARN] ModelIntegratedComponent:188 - Modes not found for component STMicroelectronics:USB_HOST:1.0.0:STMicroelectronics:USB::USB Host:HID HS::1.0:USB_HOST_1_0_RESTRICTED_HS
2023-05-28 02:19:59,580 [WARN] ModelIntegratedComponent:182 - Modes not found for component STMicroelectronics:USB_HOST:1.0.0:STMicroelectronics:USB::USB Host:MTP HS::1.0:USB_HOST_1_0_RESTRICTED_HS
2023-05-28 02:19:59,580 [WARN] ModelIntegratedComponent:188 - Modes not found for component STMicroelectronics:USB_HOST:1.0.0:STMicroelectronics:USB::USB Host:MTP HS::1.0:USB_HOST_1_0_RESTRICTED_HS
2023-05-28 02:19:59,593 [WARN] ModelIntegratedComponent:63 - No mode defined for component null
2023-05-28 02:19:59,594 [WARN] ModelIntegratedComponent:63 - No mode defined for component null
2023-05-28 02:19:59,594 [WARN] ModelIntegratedComponent:63 - No mode defined for component null
2023-05-28 02:19:59,594 [WARN] ModelIntegratedComponent:63 - No mode defined for component null
2023-05-28 02:19:59,594 [WARN] ModelIntegratedComponent:63 - No mode defined for component null
2023-05-28 02:19:59,594 [WARN] ModelIntegratedComponent:63 - No mode defined for component null
2023-05-28 02:19:59,594 [WARN] ModelIntegratedComponent:63 - No mode defined for component null
2023-05-28 02:19:59,594 [WARN] ModelIntegratedComponent:63 - No mode defined for component null
2023-05-28 02:19:59,594 [WARN] ModelIntegratedComponent:63 - No mode defined for component null
2023-05-28 02:19:59,594 [WARN] ModelIntegratedComponent:63 - No mode defined for component null
2023-05-28 02:19:59,594 [WARN] ModelIntegratedComponent:63 - No mode defined for component null
2023-05-28 02:19:59,594 [WARN] ModelIntegratedComponent:63 - No mode defined for component null
2023-05-28 02:19:59,595 [WARN] ModelIntegratedComponent:63 - No mode defined for component null
2023-05-28 02:19:59,595 [WARN] ModelIntegratedComponent:63 - No mode defined for component null
2023-05-28 02:19:59,595 [WARN] ModelIntegratedComponent:63 - No mode defined for component null
2023-05-28 02:19:59,595 [WARN] ModelIntegratedComponent:63 - No mode defined for component null
2023-05-28 02:19:59,595 [WARN] ModelIntegratedComponent:63 - No mode defined for component null
2023-05-28 02:19:59,595 [WARN] ModelIntegratedComponent:63 - No mode defined for component null
2023-05-28 02:19:59,595 [WARN] ModelIntegratedComponent:63 - No mode defined for component null
2023-05-28 02:19:59,595 [WARN] ModelIntegratedComponent:63 - No mode defined for component null
2023-05-28 02:19:59,595 [WARN] ModelIntegratedComponent:63 - No mode defined for component null
2023-05-28 02:19:59,595 [WARN] ModelIntegratedComponent:63 - No mode defined for component null
2023-05-28 02:19:59,595 [WARN] ModelIntegratedComponent:63 - No mode defined for component null
2023-05-28 02:19:59,595 [WARN] ModelIntegratedComponent:63 - No mode defined for component null
2023-05-28 02:19:59,595 [WARN] ModelIntegratedComponent:63 - No mode defined for component null
2023-05-28 02:19:59,595 [WARN] ModelIntegratedComponent:63 - No mode defined for component null
2023-05-28 02:19:59,595 [WARN] ModelIntegratedComponent:63 - No mode defined for component null
2023-05-28 02:19:59,596 [WARN] ModelIntegratedComponent:63 - No mode defined for component null
2023-05-28 02:19:59,596 [WARN] ModelIntegratedComponent:63 - No mode defined for component null
2023-05-28 02:19:59,596 [WARN] ModelIntegratedComponent:63 - No mode defined for component null
2023-05-28 02:19:59,596 [WARN] ModelIntegratedComponent:63 - No mode defined for component null
2023-05-28 02:19:59,596 [WARN] ModelIntegratedComponent:63 - No mode defined for component null
2023-05-28 02:19:59,596 [WARN] ModelIntegratedComponent:63 - No mode defined for component null
2023-05-28 02:19:59,615 [WARN] ModelIntegratedComponent:182 - Modes not found for component STMicroelectronics:USB_DEVICE:1.0.0:STMicroelectronics:USB::USB Device:Audio HS::1.0:USB_DEVICE_1_0_RESTRICTED_HS
2023-05-28 02:19:59,615 [WARN] ModelIntegratedComponent:188 - Modes not found for component STMicroelectronics:USB_DEVICE:1.0.0:STMicroelectronics:USB::USB Device:Audio HS::1.0:USB_DEVICE_1_0_RESTRICTED_HS
2023-05-28 02:19:59,615 [WARN] ModelIntegratedComponent:182 - Modes not found for component STMicroelectronics:USB_DEVICE:1.0.0:STMicroelectronics:USB::USB Device:CDC HS::1.0:USB_DEVICE_1_0_RESTRICTED_HS
2023-05-28 02:19:59,615 [WARN] ModelIntegratedComponent:188 - Modes not found for component STMicroelectronics:USB_DEVICE:1.0.0:STMicroelectronics:USB::USB Device:CDC HS::1.0:USB_DEVICE_1_0_RESTRICTED_HS
2023-05-28 02:19:59,615 [WARN] ModelIntegratedComponent:182 - Modes not found for component STMicroelectronics:USB_DEVICE:1.0.0:STMicroelectronics:USB::USB Device:DFU HS::1.0:USB_DEVICE_1_0_RESTRICTED_HS
2023-05-28 02:19:59,616 [WARN] ModelIntegratedComponent:188 - Modes not found for component STMicroelectronics:USB_DEVICE:1.0.0:STMicroelectronics:USB::USB Device:DFU HS::1.0:USB_DEVICE_1_0_RESTRICTED_HS
2023-05-28 02:19:59,616 [WARN] ModelIntegratedComponent:182 - Modes not found for component STMicroelectronics:USB_DEVICE:1.0.0:STMicroelectronics:USB::USB Device:HID HS::1.0:USB_DEVICE_1_0_RESTRICTED_HS
2023-05-28 02:19:59,616 [WARN] ModelIntegratedComponent:188 - Modes not found for component STMicroelectronics:USB_DEVICE:1.0.0:STMicroelectronics:USB::USB Device:HID HS::1.0:USB_DEVICE_1_0_RESTRICTED_HS
2023-05-28 02:19:59,616 [WARN] ModelIntegratedComponent:182 - Modes not found for component STMicroelectronics:USB_DEVICE:1.0.0:STMicroelectronics:USB::USB Device:Custom HID HS::1.0:USB_DEVICE_1_0_RESTRICTED_HS
2023-05-28 02:19:59,616 [WARN] ModelIntegratedComponent:188 - Modes not found for component STMicroelectronics:USB_DEVICE:1.0.0:STMicroelectronics:USB::USB Device:Custom HID HS::1.0:USB_DEVICE_1_0_RESTRICTED_HS
2023-05-28 02:19:59,616 [WARN] ModelIntegratedComponent:182 - Modes not found for component STMicroelectronics:USB_DEVICE:1.0.0:STMicroelectronics:USB::USB Device:MSC HS::1.0:USB_DEVICE_1_0_RESTRICTED_HS
2023-05-28 02:19:59,616 [WARN] ModelIntegratedComponent:188 - Modes not found for component STMicroelectronics:USB_DEVICE:1.0.0:STMicroelectronics:USB::USB Device:MSC HS::1.0:USB_DEVICE_1_0_RESTRICTED_HS
2023-05-28 02:19:59,638 [INFO] ThirdPartyModel:298 - Start build external matchings
2023-05-28 02:19:59,978 [INFO] ThirdPartyModel:316 - End build external matchings
2023-05-28 02:20:00,427 [INFO] UtilMem:75 - End LoadConfig() Used Memory: 285065408 Bytes (610271232)
2023-05-28 02:20:00,490 [WARN] ThirdParty:833 - waiting for thirdparty lock release [change project]
2023-05-28 02:20:00,492 [INFO] ThirdParty:835 - entering critical section [change project]
2023-05-28 02:20:00,493 [INFO] ThirdParty:1030 - CMSIS Pack Vendor :STMicroelectronics X-CUBE-ISPU 1.1.0
2023-05-28 02:20:00,493 [INFO] ThirdParty:1030 - CMSIS Pack Vendor :STMicroelectronics X-CUBE-GNSS1 6.0.0
2023-05-28 02:20:00,493 [INFO] ThirdParty:1030 - CMSIS Pack Vendor :STMicroelectronics USB_HOST 2.0.0
2023-05-28 02:20:00,493 [INFO] ThirdParty:1030 - CMSIS Pack Vendor :STMicroelectronics X-CUBE-AZRTOS-F4 1.1.0
2023-05-28 02:20:00,493 [INFO] ThirdParty:1030 - CMSIS Pack Vendor :STMicroelectronics LIBJPEG 8.0.0
2023-05-28 02:20:00,493 [INFO] ThirdParty:1030 - CMSIS Pack Vendor :STMicroelectronics X-CUBE-SMBUS 2.1.0
2023-05-28 02:20:00,493 [INFO] ThirdParty:1030 - CMSIS Pack Vendor :wolfSSL I-CUBE-wolfSSL 5.6.0
2023-05-28 02:20:00,493 [INFO] ThirdParty:1030 - CMSIS Pack Vendor :STMicroelectronics USB_DEVICE 3.0.0
2023-05-28 02:20:00,493 [INFO] ThirdParty:1030 - CMSIS Pack Vendor :STMicroelectronics X-CUBE-AI 8.0.0
2023-05-28 02:20:00,494 [INFO] ThirdParty:1030 - CMSIS Pack Vendor :STMicroelectronics X-CUBE-FREERTOS 1.0.1
2023-05-28 02:20:00,494 [INFO] ThirdParty:1030 - CMSIS Pack Vendor :STMicroelectronics X-CUBE-TOUCHGFX 4.21.3
2023-05-28 02:20:00,494 [INFO] ThirdParty:1030 - CMSIS Pack Vendor :STMicroelectronics X-CUBE-AZRTOS-F7 1.1.0
2023-05-28 02:20:00,494 [INFO] ThirdParty:1030 - CMSIS Pack Vendor :STMicroelectronics X-CUBE-TOUCHGFX 4.21.4
2023-05-28 02:20:00,494 [INFO] ThirdParty:1030 - CMSIS Pack Vendor :STMicroelectronics USB_DEVICE 2.0.0
2023-05-28 02:20:00,495 [INFO] ThirdParty:1030 - CMSIS Pack Vendor :STMicroelectronics X-CUBE-MEMS1 9.6.0
2023-05-28 02:20:00,495 [INFO] ThirdParty:1030 - CMSIS Pack Vendor :STMicroelectronics FP-SNS-MOTENV1 4.3.0
2023-05-28 02:20:00,495 [INFO] ThirdParty:1030 - CMSIS Pack Vendor :STMicroelectronics FP-SNS-FLIGHT1 5.0.0
2023-05-28 02:20:00,495 [INFO] ThirdParty:1030 - CMSIS Pack Vendor :STMicroelectronics X-CUBE-ALGOBUILD 1.3.0
2023-05-28 02:20:00,495 [INFO] ThirdParty:1030 - CMSIS Pack Vendor :STMicroelectronics X-CUBE-BLE1 6.2.4
2023-05-28 02:20:00,495 [INFO] ThirdParty:1030 - CMSIS Pack Vendor :STMicroelectronics X-CUBE-AZRTOS-L5 1.1.0
2023-05-28 02:20:00,495 [INFO] ThirdParty:1030 - CMSIS Pack Vendor :STMicroelectronics FreeRTOS 0.0.1
2023-05-28 02:20:00,495 [INFO] ThirdParty:1030 - CMSIS Pack Vendor :emotas I-CUBE-CANOPEN 1.1.3
2023-05-28 02:20:00,495 [INFO] ThirdParty:1030 - CMSIS Pack Vendor :STMicroelectronics X-CUBE-AZRTOS-G0 1.1.0
2023-05-28 02:20:00,496 [INFO] ThirdParty:1030 - CMSIS Pack Vendor :STMicroelectronics X-CUBE-BLEMGR 2.0.0
2023-05-28 02:20:00,496 [INFO] ThirdParty:1030 - CMSIS Pack Vendor :STMicroelectronics X-CUBE-AI 8.0.1
2023-05-28 02:20:00,496 [INFO] ThirdParty:1030 - CMSIS Pack Vendor :STMicroelectronics X-CUBE-SUBG2 5.0.0
2023-05-28 02:20:00,496 [INFO] ThirdParty:1030 - CMSIS Pack Vendor :STMicroelectronics X-CUBE-NFC4 3.0.0
2023-05-28 02:20:00,496 [INFO] ThirdParty:1030 - CMSIS Pack Vendor :STMicroelectronics STM32_WPAN 1.0.0
2023-05-28 02:20:00,496 [INFO] ThirdParty:1030 - CMSIS Pack Vendor :STMicroelectronics lwIP 2.0.3
2023-05-28 02:20:00,496 [INFO] ThirdParty:1030 - CMSIS Pack Vendor :STMicroelectronics USB_HOST 1.0.0
2023-05-28 02:20:00,496 [INFO] ThirdParty:1030 - CMSIS Pack Vendor :STMicroelectronics X-CUBE-AZRTOS-G4 2.0.0
2023-05-28 02:20:00,496 [INFO] ThirdParty:1030 - CMSIS Pack Vendor :STMicroelectronics PDM2PCM 3.1.0
2023-05-28 02:20:00,496 [INFO] ThirdParty:1030 - CMSIS Pack Vendor :STMicroelectronics X-CUBE-AZRTOS-H7 3.1.0
2023-05-28 02:20:00,496 [INFO] ThirdParty:1030 - CMSIS Pack Vendor :STMicroelectronics X-CUBE-TOF1 3.3.0
2023-05-28 02:20:00,496 [INFO] ThirdParty:1030 - CMSIS Pack Vendor :STMicroelectronics PDM2PCM 3.3.0
2023-05-28 02:20:00,497 [INFO] ThirdParty:1030 - CMSIS Pack Vendor :STMicroelectronics X-CUBE-DISPLAY 3.0.0
2023-05-28 02:20:00,497 [INFO] ThirdParty:1030 - CMSIS Pack Vendor :STMicroelectronics FP-ATR-SIGFOX1 3.2.0
2023-05-28 02:20:00,497 [INFO] ThirdParty:1030 - CMSIS Pack Vendor :STMicroelectronics X-CUBE-AZRTOS-L4 1.0.0
2023-05-28 02:20:00,497 [INFO] ThirdParty:1030 - CMSIS Pack Vendor :STMicroelectronics HAL Drivers 0.0.0
2023-05-28 02:20:00,501 [INFO] ThirdParty:1030 - CMSIS Pack Vendor :STMicroelectronics MBEDTLS 2.16.2
2023-05-28 02:20:00,503 [INFO] ThirdParty:1030 - CMSIS Pack Vendor :STMicroelectronics MBEDTLS 2.14.1
2023-05-28 02:20:00,503 [INFO] ThirdParty:1030 - CMSIS Pack Vendor :STMicroelectronics X-CUBE-NFC7 1.0.0
2023-05-28 02:20:00,503 [INFO] ThirdParty:1030 - CMSIS Pack Vendor :STMicroelectronics X-CUBE-AZRTOS-WL 1.0.0
2023-05-28 02:20:00,503 [INFO] ThirdParty:1030 - CMSIS Pack Vendor :STMicroelectronics X-CUBE-EEPRMA1 4.1.0
2023-05-28 02:20:00,503 [INFO] ThirdParty:1030 - CMSIS Pack Vendor :portGmbH I-Cube-SoM-uGOAL 1.1.0
2023-05-28 02:20:00,503 [INFO] ThirdParty:1030 - CMSIS Pack Vendor :STMicroelectronics X-CUBE-ALS 1.0.1
2023-05-28 02:20:00,503 [INFO] ThirdParty:1030 - CMSIS Pack Vendor :STMicroelectronics ThreadX 1.0.0
2023-05-28 02:20:00,503 [INFO] ThirdParty:1030 - CMSIS Pack Vendor :STMicroelectronics X-CUBE-AZRTOS-WB 1.1.0
2023-05-28 02:20:00,503 [INFO] ThirdParty:1030 - CMSIS Pack Vendor :SEGGER I-CUBE-embOS 1.3.1
2023-05-28 02:20:00,503 [INFO] ThirdParty:1030 - CMSIS Pack Vendor :STMicroelectronics USB_DEVICE 1.0.0
2023-05-28 02:20:00,503 [INFO] ThirdParty:1030 - CMSIS Pack Vendor :STMicroelectronics ThreadX 0.0.2
2023-05-28 02:20:00,503 [INFO] ThirdParty:1030 - CMSIS Pack Vendor :WES I-CUBE-Cesium 1.3.0
2023-05-28 02:20:00,503 [INFO] ThirdParty:1030 - CMSIS Pack Vendor :STMicroelectronics FP-ATR-ASTRA1 2.0.0
2023-05-28 02:20:00,504 [INFO] ThirdParty:1030 - CMSIS Pack Vendor :STMicroelectronics lwIP 2.1.2
2023-05-28 02:20:00,504 [INFO] ThirdParty:1030 - CMSIS Pack Vendor :STMicroelectronics X-CUBE-SFXS2LP1 4.0.0
2023-05-28 02:20:00,504 [INFO] ThirdParty:1030 - CMSIS Pack Vendor :STMicroelectronics X-CUBE-BLE2 3.3.0
2023-05-28 02:20:00,504 [INFO] ThirdParty:1030 - CMSIS Pack Vendor :STMicroelectronics PDM2PCM 3.2.0
2023-05-28 02:20:00,504 [INFO] ThirdParty:841 - exiting critical section [change project]
2023-05-28 02:20:01,041 [INFO] PinOutPanel:1499 - setPackage(No Configuration,No Configuration)
2023-05-28 02:20:01,048 [INFO] PinOutPanel:1499 - setPackage(STM32F411CEUx,UFQFPN48)
2023-05-28 02:20:01,673 [INFO] UtilMem:75 - Before build in PCC Used Memory: 227977888 Bytes (610271232)
2023-05-28 02:20:02,709 [INFO] UtilMem:75 - After build in PCC Used Memory: 421009696 Bytes (610271232)
2023-05-28 02:20:02,744 [INFO] IPUIPlugin:80 - create IPUIPlugin
2023-05-28 02:20:02,745 [INFO] IPUIPlugin:80 - create IPUIPlugin
2023-05-28 02:20:02,745 [INFO] IPUIPlugin:80 - create IPUIPlugin
2023-05-28 02:20:02,745 [INFO] IPUIPlugin:80 - create IPUIPlugin
2023-05-28 02:20:02,746 [INFO] IPUIPlugin:80 - create IPUIPlugin
2023-05-28 02:20:02,746 [INFO] IPUIPlugin:80 - create IPUIPlugin
2023-05-28 02:20:02,746 [INFO] IPUIPlugin:80 - create IPUIPlugin
2023-05-28 02:20:02,746 [INFO] IPUIPlugin:80 - create IPUIPlugin
2023-05-28 02:20:02,746 [INFO] IPUIPlugin:80 - create IPUIPlugin
2023-05-28 02:20:02,746 [INFO] IPUIPlugin:80 - create IPUIPlugin
2023-05-28 02:20:02,746 [INFO] IPUIPlugin:80 - create IPUIPlugin
2023-05-28 02:20:02,747 [INFO] IPUIPlugin:80 - create IPUIPlugin
2023-05-28 02:20:02,747 [INFO] IPUIPlugin:80 - create IPUIPlugin
2023-05-28 02:20:02,747 [INFO] IPUIPlugin:80 - create IPUIPlugin
2023-05-28 02:20:02,747 [INFO] IPUIPlugin:80 - create IPUIPlugin
2023-05-28 02:20:02,747 [INFO] IPUIPlugin:80 - create IPUIPlugin
2023-05-28 02:20:02,748 [INFO] IPUIPlugin:80 - create IPUIPlugin
2023-05-28 02:20:02,748 [INFO] IPUIPlugin:80 - create IPUIPlugin
2023-05-28 02:20:02,748 [INFO] IPUIPlugin:80 - create IPUIPlugin
2023-05-28 02:20:02,748 [INFO] IPUIPlugin:80 - create IPUIPlugin
2023-05-28 02:20:02,749 [INFO] IPUIPlugin:80 - create IPUIPlugin
2023-05-28 02:20:02,749 [INFO] IPUIPlugin:80 - create IPUIPlugin
2023-05-28 02:20:02,749 [INFO] IPUIPlugin:80 - create IPUIPlugin
2023-05-28 02:20:02,750 [INFO] IPUIPlugin:80 - create IPUIPlugin
2023-05-28 02:20:02,750 [INFO] IPUIPlugin:80 - create IPUIPlugin
2023-05-28 02:20:02,750 [INFO] IPUIPlugin:80 - create IPUIPlugin
2023-05-28 02:20:02,750 [INFO] IPUIPlugin:80 - create IPUIPlugin
2023-05-28 02:20:02,750 [INFO] IPUIPlugin:80 - create IPUIPlugin
2023-05-28 02:20:02,751 [INFO] IPUIPlugin:80 - create IPUIPlugin
2023-05-28 02:20:02,751 [INFO] IPUIPlugin:80 - create IPUIPlugin
2023-05-28 02:20:02,751 [INFO] IPUIPlugin:80 - create IPUIPlugin
2023-05-28 02:20:02,752 [INFO] IPUIPlugin:80 - create IPUIPlugin
2023-05-28 02:20:02,752 [INFO] IPUIPlugin:80 - create IPUIPlugin
2023-05-28 02:20:02,753 [INFO] IPUIPlugin:80 - create IPUIPlugin
2023-05-28 02:20:02,753 [INFO] IPUIPlugin:80 - create IPUIPlugin
2023-05-28 02:20:02,753 [INFO] IPUIPlugin:80 - create IPUIPlugin
2023-05-28 02:20:02,753 [INFO] IPUIPlugin:80 - create IPUIPlugin
2023-05-28 02:20:02,754 [INFO] IPUIPlugin:80 - create IPUIPlugin
2023-05-28 02:20:02,754 [INFO] IPUIPlugin:80 - create IPUIPlugin
2023-05-28 02:20:02,754 [INFO] IPUIPlugin:80 - create IPUIPlugin
2023-05-28 02:20:02,755 [INFO] IPUIPlugin:80 - create IPUIPlugin
2023-05-28 02:20:02,755 [INFO] IPUIPlugin:80 - create IPUIPlugin
2023-05-28 02:20:02,756 [INFO] IPUIPlugin:80 - create IPUIPlugin
2023-05-28 02:20:02,849 [INFO] ApiDbMcu:507 - Load IP Config File for PDM2PCM
2023-05-28 02:20:03,196 [INFO] CADModel:165 - CPN selected for project levelSTM32F411CEU6
2023-05-28 02:20:03,196 [INFO] CADModel:114 - Register for checkConnection events
2023-05-28 02:20:03,253 [INFO] OpenFileManager:328 - Restore cursor
2023-05-28 02:20:04,436 [INFO] UtilMem:75 - End SaveConfig() Used Memory: 301153280 Bytes (610271232)
2023-05-28 02:20:04,527 [INFO] UtilMem:75 - End SaveConfig() Used Memory: 315835392 Bytes (610271232)
2023-05-28 02:20:05,416 [INFO] BlockDiagram:2759 - set Specific Code input for plugin: NVIC
2023-05-28 02:20:05,417 [INFO] BlockDiagram:2759 - set Specific Code input for plugin: RCC
2023-05-28 02:20:05,419 [INFO] CodeGenerator:793 - code generatio: config db path: C:\ST\STM32CubeIDE_1.12.1\STM32CubeIDE\plugins\com.st.stm32cube.common.mx_6.8.1.202304191431\\db\
2023-05-28 02:20:05,886 [INFO] CodeEngine:255 - oldGeneratedFile, C:\Users\mfern\STM32CubeIDE\workspace_1.12.1\servoMotores_Pruebas\MXTmpFiles\license.tmp_save
2023-05-28 02:20:06,319 [INFO] CodeEngine:279 - Generated code: C:\Users\mfern\STM32CubeIDE\workspace_1.12.1\servoMotores_Pruebas\MXTmpFiles\license.tmp
2023-05-28 02:20:06,334 [INFO] CodeEngine:255 - oldGeneratedFile, C:\Users\mfern\STM32CubeIDE\workspace_1.12.1\servoMotores_Pruebas\Core\Src\stm32f4xx_it.c_save
2023-05-28 02:20:06,470 [INFO] CodeEngine:279 - Generated code: C:\Users\mfern\STM32CubeIDE\workspace_1.12.1\servoMotores_Pruebas\Core\Src\stm32f4xx_it.c
2023-05-28 02:20:06,475 [INFO] CodeEngine:255 - oldGeneratedFile, C:\Users\mfern\STM32CubeIDE\workspace_1.12.1\servoMotores_Pruebas\Core\Inc\stm32f4xx_it.h_save
2023-05-28 02:20:06,559 [INFO] CodeEngine:279 - Generated code: C:\Users\mfern\STM32CubeIDE\workspace_1.12.1\servoMotores_Pruebas\Core\Inc\stm32f4xx_it.h
2023-05-28 02:20:06,624 [INFO] CodeEngine:255 - oldGeneratedFile, C:\Users\mfern\STM32CubeIDE\workspace_1.12.1\servoMotores_Pruebas\Core\Src\stm32f4xx_hal_msp.c_save
2023-05-28 02:20:06,732 [INFO] CodeEngine:279 - Generated code: C:\Users\mfern\STM32CubeIDE\workspace_1.12.1\servoMotores_Pruebas\Core\Src\stm32f4xx_hal_msp.c
2023-05-28 02:20:06,736 [INFO] CodeEngine:255 - oldGeneratedFile, C:\Users\mfern\STM32CubeIDE\workspace_1.12.1\servoMotores_Pruebas\MXTmpFiles\system.tmp_save
2023-05-28 02:20:06,806 [INFO] CodeEngine:279 - Generated code: C:\Users\mfern\STM32CubeIDE\workspace_1.12.1\servoMotores_Pruebas\MXTmpFiles\system.tmp
2023-05-28 02:20:06,814 [INFO] CodeEngine:311 - oldGeneratedFile, C:\Users\mfern\STM32CubeIDE\workspace_1.12.1\servoMotores_Pruebas\Core\Inc\stm32f4xx_hal_conf.h_save
2023-05-28 02:20:06,898 [INFO] CodeEngine:335 - Generated code: C:\Users\mfern\STM32CubeIDE\workspace_1.12.1\servoMotores_Pruebas\Core\Inc\stm32f4xx_hal_conf.h
2023-05-28 02:20:06,946 [INFO] CodeEngine:255 - oldGeneratedFile, C:\Users\mfern\STM32CubeIDE\workspace_1.12.1\servoMotores_Pruebas\Core\Inc\main.h_save
2023-05-28 02:20:07,044 [INFO] CodeEngine:279 - Generated code: C:\Users\mfern\STM32CubeIDE\workspace_1.12.1\servoMotores_Pruebas\Core\Inc\main.h
2023-05-28 02:20:07,049 [INFO] CodeEngine:255 - oldGeneratedFile, C:\Users\mfern\STM32CubeIDE\workspace_1.12.1\servoMotores_Pruebas\Core\Src\main.c_save
2023-05-28 02:20:07,155 [INFO] CodeEngine:279 - Generated code: C:\Users\mfern\STM32CubeIDE\workspace_1.12.1\servoMotores_Pruebas\Core\Src\main.c
2023-05-28 02:20:07,796 [INFO] ProjectBuilder:2996 - Time for Copy HAL[1] : 135mS.
2023-05-28 02:20:07,811 [INFO] ProjectBuilder:4304 - Project Generator version: 3.19.2
2023-05-28 02:20:08,314 [INFO] ConfigFileManager:1483 - The Die is : DIE431
2023-05-28 02:20:08,322 [INFO] ApiDbMcu:507 - Load IP Config File for FATFS
2023-05-28 02:20:08,327 [INFO] ApiDbMcu:507 - Load IP Config File for FREERTOS
2023-05-28 02:20:08,329 [INFO] ApiDbMcu:507 - Load IP Config File for LIBJPEG
2023-05-28 02:20:08,339 [INFO] ApiDbMcu:507 - Load IP Config File for MBEDTLS
2023-05-28 02:20:08,349 [INFO] ApiDbMcu:507 - Load IP Config File for USB_DEVICE
2023-05-28 02:20:08,354 [INFO] ApiDbMcu:507 - Load IP Config File for USB_HOST
2023-05-28 02:20:09,303 [INFO] LogOutputStream:77 - [STDOUT_REDIRECT] 
2023-05-28 02:20:15,453 [INFO] ProjectBuilder:4505 - Time for Generating toolchain IDE Files: 7642mS.
2023-05-28 02:20:15,456 [INFO] ProjectBuilder:2867 - Time for Copy CMSIS : 1mS.
2023-05-28 02:20:15,460 [INFO] ProjectBuilder:2867 - Time for Copy CMSIS : 0mS.
2023-05-28 02:20:16,424 [INFO] McuFinderGlobals:66 - Set McuFinderConnectedMode to true
2023-05-28 02:20:16,428 [INFO] ApiDb:448 - Save user favorites file C:\Users\mfern/.stm32cubeide/favorites.mcus.txt: 0 item(s)
2023-05-28 02:20:16,429 [INFO] ApiDb:452 - User favorites MCUs=[]
2023-05-28 02:21:46,983 [INFO] NvicIntPanel:101 - NVIC parent = com.st.microxplorer.plugins.ip.nvic.MultiNvicIntPanel[,0,0,509x236,layout=javax.swing.BoxLayout,alignmentX=0.0,alignmentY=0.0,border=,flags=9,maximumSize=,minimumSize=,preferredSize=]
2023-05-28 02:27:34,254 [INFO] NvicIntPanel:101 - NVIC parent = com.st.microxplorer.plugins.ip.nvic.MultiNvicIntPanel[,0,0,0x0,invalid,layout=javax.swing.BoxLayout,alignmentX=0.0,alignmentY=0.0,border=,flags=9,maximumSize=,minimumSize=,preferredSize=]
2023-05-28 02:28:09,639 [INFO] NvicIntPanel:101 - NVIC parent = com.st.microxplorer.plugins.ip.nvic.MultiNvicIntPanel[,0,0,0x0,invalid,layout=javax.swing.BoxLayout,alignmentX=0.0,alignmentY=0.0,border=,flags=9,maximumSize=,minimumSize=,preferredSize=]
2023-05-28 02:28:39,178 [INFO] UtilMem:75 - End SaveConfig() Used Memory: 248122944 Bytes (640679936)
2023-05-28 02:28:39,991 [INFO] UtilMem:75 - End SaveConfig() Used Memory: 313163760 Bytes (640679936)
2023-05-28 02:28:40,369 [INFO] BlockDiagram:2759 - set Specific Code input for plugin: NVIC
2023-05-28 02:28:40,369 [INFO] BlockDiagram:2759 - set Specific Code input for plugin: TIM1_8
2023-05-28 02:28:40,371 [INFO] BlockDiagram:2759 - set Specific Code input for plugin: SYS
2023-05-28 02:28:40,371 [INFO] BlockDiagram:2759 - set Specific Code input for plugin: GPIO
2023-05-28 02:28:40,372 [INFO] BlockDiagram:2759 - set Specific Code input for plugin: RCC
2023-05-28 02:28:40,373 [INFO] CodeGenerator:793 - code generatio: config db path: C:\ST\STM32CubeIDE_1.12.1\STM32CubeIDE\plugins\com.st.stm32cube.common.mx_6.8.1.202304191431\\db\
2023-05-28 02:28:40,487 [INFO] CodeEngine:255 - oldGeneratedFile, C:\Users\mfern\STM32CubeIDE\workspace_1.12.1\servoMotores_Pruebas\MXTmpFiles\license.tmp_save
2023-05-28 02:28:40,544 [INFO] CodeEngine:279 - Generated code: C:\Users\mfern\STM32CubeIDE\workspace_1.12.1\servoMotores_Pruebas\MXTmpFiles\license.tmp
2023-05-28 02:28:40,568 [INFO] CodeEngine:255 - oldGeneratedFile, C:\Users\mfern\STM32CubeIDE\workspace_1.12.1\servoMotores_Pruebas\MXTmpFiles\gpio.tmp_save
2023-05-28 02:28:40,644 [INFO] CodeEngine:279 - Generated code: C:\Users\mfern\STM32CubeIDE\workspace_1.12.1\servoMotores_Pruebas\MXTmpFiles\gpio.tmp
2023-05-28 02:28:40,691 [INFO] CodeEngine:255 - oldGeneratedFile, C:\Users\mfern\STM32CubeIDE\workspace_1.12.1\servoMotores_Pruebas\Core\Src\stm32f4xx_it.c_save
2023-05-28 02:28:40,767 [INFO] CodeEngine:279 - Generated code: C:\Users\mfern\STM32CubeIDE\workspace_1.12.1\servoMotores_Pruebas\Core\Src\stm32f4xx_it.c
2023-05-28 02:28:40,773 [INFO] CodeEngine:255 - oldGeneratedFile, C:\Users\mfern\STM32CubeIDE\workspace_1.12.1\servoMotores_Pruebas\Core\Inc\stm32f4xx_it.h_save
2023-05-28 02:28:40,838 [INFO] CodeEngine:279 - Generated code: C:\Users\mfern\STM32CubeIDE\workspace_1.12.1\servoMotores_Pruebas\Core\Inc\stm32f4xx_it.h
2023-05-28 02:28:40,850 [INFO] CodeEngine:255 - oldGeneratedFile, C:\Users\mfern\STM32CubeIDE\workspace_1.12.1\servoMotores_Pruebas\Core\Src\stm32f4xx_hal_msp.c_save
2023-05-28 02:28:40,940 [INFO] CodeEngine:279 - Generated code: C:\Users\mfern\STM32CubeIDE\workspace_1.12.1\servoMotores_Pruebas\Core\Src\stm32f4xx_hal_msp.c
2023-05-28 02:28:40,943 [INFO] CodeEngine:255 - oldGeneratedFile, C:\Users\mfern\STM32CubeIDE\workspace_1.12.1\servoMotores_Pruebas\MXTmpFiles\system.tmp_save
2023-05-28 02:28:41,000 [INFO] CodeEngine:279 - Generated code: C:\Users\mfern\STM32CubeIDE\workspace_1.12.1\servoMotores_Pruebas\MXTmpFiles\system.tmp
2023-05-28 02:28:41,007 [INFO] CodeEngine:311 - oldGeneratedFile, C:\Users\mfern\STM32CubeIDE\workspace_1.12.1\servoMotores_Pruebas\Core\Inc\stm32f4xx_hal_conf.h_save
2023-05-28 02:28:41,069 [INFO] CodeEngine:335 - Generated code: C:\Users\mfern\STM32CubeIDE\workspace_1.12.1\servoMotores_Pruebas\Core\Inc\stm32f4xx_hal_conf.h
2023-05-28 02:28:41,085 [WARN] IPConfigManager:3431 - IP not found : TIM
2023-05-28 02:28:41,086 [WARN] CodeGenerator:3754 - IP not found : null
2023-05-28 02:28:41,091 [INFO] CodeEngine:255 - oldGeneratedFile, C:\Users\mfern\STM32CubeIDE\workspace_1.12.1\servoMotores_Pruebas\Core\Inc\main.h_save
2023-05-28 02:28:41,147 [INFO] CodeEngine:279 - Generated code: C:\Users\mfern\STM32CubeIDE\workspace_1.12.1\servoMotores_Pruebas\Core\Inc\main.h
2023-05-28 02:28:41,152 [INFO] CodeEngine:255 - oldGeneratedFile, C:\Users\mfern\STM32CubeIDE\workspace_1.12.1\servoMotores_Pruebas\Core\Src\main.c_save
2023-05-28 02:28:41,330 [INFO] CodeEngine:279 - Generated code: C:\Users\mfern\STM32CubeIDE\workspace_1.12.1\servoMotores_Pruebas\Core\Src\main.c
2023-05-28 02:28:41,757 [INFO] ProjectBuilder:2996 - Time for Copy HAL[1] : 124mS.
2023-05-28 02:28:41,759 [INFO] ProjectBuilder:4304 - Project Generator version: 3.19.2
2023-05-28 02:28:41,989 [INFO] ConfigFileManager:1483 - The Die is : DIE431
2023-05-28 02:28:43,194 [INFO] ProjectBuilder:4505 - Time for Generating toolchain IDE Files: 1435mS.
2023-05-28 02:28:43,195 [INFO] ProjectBuilder:2867 - Time for Copy CMSIS : 1mS.
2023-05-28 02:28:43,196 [INFO] ProjectBuilder:2867 - Time for Copy CMSIS : 0mS.
2023-05-28 02:29:50,509 [INFO] UtilMem:75 - End SaveConfig() Used Memory: 447341440 Bytes (640679936)
2023-05-28 02:29:50,938 [INFO] UtilMem:75 - End SaveConfig() Used Memory: 474072064 Bytes (640679936)
2023-05-28 02:29:51,298 [INFO] BlockDiagram:2759 - set Specific Code input for plugin: NVIC
2023-05-28 02:29:51,298 [INFO] BlockDiagram:2759 - set Specific Code input for plugin: TIM1_8
2023-05-28 02:29:51,298 [INFO] BlockDiagram:2759 - set Specific Code input for plugin: SYS
2023-05-28 02:29:51,299 [INFO] BlockDiagram:2759 - set Specific Code input for plugin: GPIO
2023-05-28 02:29:51,299 [INFO] BlockDiagram:2759 - set Specific Code input for plugin: RCC
2023-05-28 02:29:51,299 [INFO] CodeGenerator:793 - code generatio: config db path: C:\ST\STM32CubeIDE_1.12.1\STM32CubeIDE\plugins\com.st.stm32cube.common.mx_6.8.1.202304191431\\db\
2023-05-28 02:29:51,450 [INFO] CodeEngine:255 - oldGeneratedFile, C:\Users\mfern\STM32CubeIDE\workspace_1.12.1\servoMotores_Pruebas\MXTmpFiles\license.tmp_save
2023-05-28 02:29:51,519 [INFO] CodeEngine:279 - Generated code: C:\Users\mfern\STM32CubeIDE\workspace_1.12.1\servoMotores_Pruebas\MXTmpFiles\license.tmp
2023-05-28 02:29:51,534 [INFO] CodeEngine:255 - oldGeneratedFile, C:\Users\mfern\STM32CubeIDE\workspace_1.12.1\servoMotores_Pruebas\MXTmpFiles\gpio.tmp_save
2023-05-28 02:29:51,587 [INFO] CodeEngine:279 - Generated code: C:\Users\mfern\STM32CubeIDE\workspace_1.12.1\servoMotores_Pruebas\MXTmpFiles\gpio.tmp
2023-05-28 02:29:51,636 [INFO] CodeEngine:255 - oldGeneratedFile, C:\Users\mfern\STM32CubeIDE\workspace_1.12.1\servoMotores_Pruebas\Core\Src\stm32f4xx_it.c_save
2023-05-28 02:29:51,698 [INFO] CodeEngine:279 - Generated code: C:\Users\mfern\STM32CubeIDE\workspace_1.12.1\servoMotores_Pruebas\Core\Src\stm32f4xx_it.c
2023-05-28 02:29:51,703 [INFO] CodeEngine:255 - oldGeneratedFile, C:\Users\mfern\STM32CubeIDE\workspace_1.12.1\servoMotores_Pruebas\Core\Inc\stm32f4xx_it.h_save
2023-05-28 02:29:51,755 [INFO] CodeEngine:279 - Generated code: C:\Users\mfern\STM32CubeIDE\workspace_1.12.1\servoMotores_Pruebas\Core\Inc\stm32f4xx_it.h
2023-05-28 02:29:51,762 [INFO] CodeEngine:255 - oldGeneratedFile, C:\Users\mfern\STM32CubeIDE\workspace_1.12.1\servoMotores_Pruebas\Core\Src\stm32f4xx_hal_msp.c_save
2023-05-28 02:29:51,834 [INFO] CodeEngine:279 - Generated code: C:\Users\mfern\STM32CubeIDE\workspace_1.12.1\servoMotores_Pruebas\Core\Src\stm32f4xx_hal_msp.c
2023-05-28 02:29:51,837 [INFO] CodeEngine:255 - oldGeneratedFile, C:\Users\mfern\STM32CubeIDE\workspace_1.12.1\servoMotores_Pruebas\MXTmpFiles\system.tmp_save
2023-05-28 02:29:51,880 [INFO] CodeEngine:279 - Generated code: C:\Users\mfern\STM32CubeIDE\workspace_1.12.1\servoMotores_Pruebas\MXTmpFiles\system.tmp
2023-05-28 02:29:51,886 [INFO] CodeEngine:311 - oldGeneratedFile, C:\Users\mfern\STM32CubeIDE\workspace_1.12.1\servoMotores_Pruebas\Core\Inc\stm32f4xx_hal_conf.h_save
2023-05-28 02:29:52,023 [INFO] CodeEngine:335 - Generated code: C:\Users\mfern\STM32CubeIDE\workspace_1.12.1\servoMotores_Pruebas\Core\Inc\stm32f4xx_hal_conf.h
2023-05-28 02:29:52,040 [WARN] IPConfigManager:3431 - IP not found : TIM
2023-05-28 02:29:52,040 [WARN] CodeGenerator:3754 - IP not found : null
2023-05-28 02:29:52,047 [INFO] CodeEngine:255 - oldGeneratedFile, C:\Users\mfern\STM32CubeIDE\workspace_1.12.1\servoMotores_Pruebas\Core\Inc\main.h_save
2023-05-28 02:29:52,102 [INFO] CodeEngine:279 - Generated code: C:\Users\mfern\STM32CubeIDE\workspace_1.12.1\servoMotores_Pruebas\Core\Inc\main.h
2023-05-28 02:29:52,107 [INFO] CodeEngine:255 - oldGeneratedFile, C:\Users\mfern\STM32CubeIDE\workspace_1.12.1\servoMotores_Pruebas\Core\Src\main.c_save
2023-05-28 02:29:52,177 [INFO] CodeEngine:279 - Generated code: C:\Users\mfern\STM32CubeIDE\workspace_1.12.1\servoMotores_Pruebas\Core\Src\main.c
2023-05-28 02:29:52,726 [INFO] ProjectBuilder:2996 - Time for Copy HAL[1] : 153mS.
2023-05-28 02:29:52,728 [INFO] ProjectBuilder:4304 - Project Generator version: 3.19.2
2023-05-28 02:29:52,931 [INFO] ConfigFileManager:1483 - The Die is : DIE431
2023-05-28 02:29:54,055 [INFO] ProjectBuilder:4505 - Time for Generating toolchain IDE Files: 1326mS.
2023-05-28 02:29:54,056 [INFO] ProjectBuilder:2867 - Time for Copy CMSIS : 1mS.
2023-05-28 02:29:54,059 [INFO] ProjectBuilder:2867 - Time for Copy CMSIS : 0mS.
