2023-05-19 00:52:20,746 [INFO] MainUpdater:2854 - connection check result : 10
2023-05-19 00:52:20,809 [INFO] MainUpdater:2854 - connection check result : 10
2023-05-19 00:52:21,054 [INFO] MicroXplorer:468 - Change Database Path : 
2023-05-19 00:52:21,055 [INFO] MicroXplorer:498 - Change Database Version : DB.6.0.81
2023-05-19 00:52:21,235 [WARN] ThirdParty:871 - waiting for thirdparty lock release [close project]
2023-05-19 00:52:21,236 [INFO] ThirdParty:873 - entering critical section [close project]
2023-05-19 00:52:21,238 [INFO] ThirdParty:883 - exiting critical section [close project]
2023-05-19 00:52:21,243 [INFO] PinOutPanel:1499 - setPackage(No Configuration,No Configuration)
2023-05-19 00:52:21,299 [WARN] IpParametersView:150 - Warning: This peripheral hasn't parameters
2023-05-19 00:52:21,330 [WARN] MainPanel:257 - <html><b><center>Warning: This peripheral has no parameters to be configured<br></b></html>
2023-05-19 00:52:21,346 [INFO] UtilMem:75 - Begin LoadConfig() Used Memory: 267805704 Bytes (793772032)
2023-05-19 00:52:21,348 [INFO] MicroXplorer:468 - Change Database Path : 
2023-05-19 00:52:21,348 [INFO] MicroXplorer:498 - Change Database Version : DB.6.0.81
2023-05-19 00:52:21,348 [INFO] OpenFileManager:308 - Change cursor
2023-05-19 00:52:21,397 [INFO] RulesReader:64 - Compatibility file has been processed (293 Rules)
2023-05-19 00:52:21,408 [INFO] Mcu:1937 - Initializing MCU STM32F411C(C-E)Ux STM32F411CEUx STM32F411CEU6
2023-05-19 00:52:22,903 [INFO] Context:659 - Trying to add GPIOservice into a context  which must be forbidden
2023-05-19 00:52:23,534 [INFO] RtosManager:555 - Registered RTOS mode: class=CMSIS, group=RTOS, mode=CMSIS_V1, owner=FREERTOS
2023-05-19 00:52:23,534 [INFO] RtosManager:555 - Registered RTOS mode: class=CMSIS, group=RTOS2, mode=CMSIS_V2, owner=FREERTOS
2023-05-19 00:52:23,534 [INFO] RtosManager:555 - Registered RTOS mode: class=RTOS, group=Core, mode=CMSIS_V1, owner=FREERTOS
2023-05-19 00:52:23,534 [INFO] RtosManager:555 - Registered RTOS mode: class=RTOS, group=Core, mode=CMSIS_V2, owner=FREERTOS
2023-05-19 00:52:23,535 [WARN] ModelIntegratedComponent:184 - Missing modes for component STMicroelectronics:FreeRTOS:0.0.1:STMicroelectronics:RTOS:FreeRTOS:Core:::10.2.0:
2023-05-19 00:52:23,541 [WARN] ModelIntegratedComponent:182 - Modes not found for component STMicroelectronics:USB_HOST:1.0.0:STMicroelectronics:USB::USB Host:Audio HS::1.0:USB_HOST_1_0_RESTRICTED_HS
2023-05-19 00:52:23,541 [WARN] ModelIntegratedComponent:188 - Modes not found for component STMicroelectronics:USB_HOST:1.0.0:STMicroelectronics:USB::USB Host:Audio HS::1.0:USB_HOST_1_0_RESTRICTED_HS
2023-05-19 00:52:23,542 [WARN] ModelIntegratedComponent:182 - Modes not found for component STMicroelectronics:USB_HOST:1.0.0:STMicroelectronics:USB::USB Host:CDC HS::1.0:USB_HOST_1_0_RESTRICTED_HS
2023-05-19 00:52:23,542 [WARN] ModelIntegratedComponent:188 - Modes not found for component STMicroelectronics:USB_HOST:1.0.0:STMicroelectronics:USB::USB Host:CDC HS::1.0:USB_HOST_1_0_RESTRICTED_HS
2023-05-19 00:52:23,542 [WARN] ModelIntegratedComponent:182 - Modes not found for component STMicroelectronics:USB_HOST:1.0.0:STMicroelectronics:USB::USB Host:MSC HS::1.0:USB_HOST_1_0_RESTRICTED_HS
2023-05-19 00:52:23,542 [WARN] ModelIntegratedComponent:188 - Modes not found for component STMicroelectronics:USB_HOST:1.0.0:STMicroelectronics:USB::USB Host:MSC HS::1.0:USB_HOST_1_0_RESTRICTED_HS
2023-05-19 00:52:23,542 [WARN] ModelIntegratedComponent:182 - Modes not found for component STMicroelectronics:USB_HOST:1.0.0:STMicroelectronics:USB::USB Host:HID HS::1.0:USB_HOST_1_0_RESTRICTED_HS
2023-05-19 00:52:23,542 [WARN] ModelIntegratedComponent:188 - Modes not found for component STMicroelectronics:USB_HOST:1.0.0:STMicroelectronics:USB::USB Host:HID HS::1.0:USB_HOST_1_0_RESTRICTED_HS
2023-05-19 00:52:23,542 [WARN] ModelIntegratedComponent:182 - Modes not found for component STMicroelectronics:USB_HOST:1.0.0:STMicroelectronics:USB::USB Host:MTP HS::1.0:USB_HOST_1_0_RESTRICTED_HS
2023-05-19 00:52:23,542 [WARN] ModelIntegratedComponent:188 - Modes not found for component STMicroelectronics:USB_HOST:1.0.0:STMicroelectronics:USB::USB Host:MTP HS::1.0:USB_HOST_1_0_RESTRICTED_HS
2023-05-19 00:52:23,555 [WARN] ModelIntegratedComponent:63 - No mode defined for component null
2023-05-19 00:52:23,555 [WARN] ModelIntegratedComponent:63 - No mode defined for component null
2023-05-19 00:52:23,555 [WARN] ModelIntegratedComponent:63 - No mode defined for component null
2023-05-19 00:52:23,555 [WARN] ModelIntegratedComponent:63 - No mode defined for component null
2023-05-19 00:52:23,555 [WARN] ModelIntegratedComponent:63 - No mode defined for component null
2023-05-19 00:52:23,555 [WARN] ModelIntegratedComponent:63 - No mode defined for component null
2023-05-19 00:52:23,555 [WARN] ModelIntegratedComponent:63 - No mode defined for component null
2023-05-19 00:52:23,555 [WARN] ModelIntegratedComponent:63 - No mode defined for component null
2023-05-19 00:52:23,555 [WARN] ModelIntegratedComponent:63 - No mode defined for component null
2023-05-19 00:52:23,555 [WARN] ModelIntegratedComponent:63 - No mode defined for component null
2023-05-19 00:52:23,555 [WARN] ModelIntegratedComponent:63 - No mode defined for component null
2023-05-19 00:52:23,555 [WARN] ModelIntegratedComponent:63 - No mode defined for component null
2023-05-19 00:52:23,555 [WARN] ModelIntegratedComponent:63 - No mode defined for component null
2023-05-19 00:52:23,555 [WARN] ModelIntegratedComponent:63 - No mode defined for component null
2023-05-19 00:52:23,555 [WARN] ModelIntegratedComponent:63 - No mode defined for component null
2023-05-19 00:52:23,555 [WARN] ModelIntegratedComponent:63 - No mode defined for component null
2023-05-19 00:52:23,555 [WARN] ModelIntegratedComponent:63 - No mode defined for component null
2023-05-19 00:52:23,555 [WARN] ModelIntegratedComponent:63 - No mode defined for component null
2023-05-19 00:52:23,555 [WARN] ModelIntegratedComponent:63 - No mode defined for component null
2023-05-19 00:52:23,555 [WARN] ModelIntegratedComponent:63 - No mode defined for component null
2023-05-19 00:52:23,556 [WARN] ModelIntegratedComponent:63 - No mode defined for component null
2023-05-19 00:52:23,556 [WARN] ModelIntegratedComponent:63 - No mode defined for component null
2023-05-19 00:52:23,556 [WARN] ModelIntegratedComponent:63 - No mode defined for component null
2023-05-19 00:52:23,556 [WARN] ModelIntegratedComponent:63 - No mode defined for component null
2023-05-19 00:52:23,556 [WARN] ModelIntegratedComponent:63 - No mode defined for component null
2023-05-19 00:52:23,557 [WARN] ModelIntegratedComponent:63 - No mode defined for component null
2023-05-19 00:52:23,557 [WARN] ModelIntegratedComponent:63 - No mode defined for component null
2023-05-19 00:52:23,557 [WARN] ModelIntegratedComponent:63 - No mode defined for component null
2023-05-19 00:52:23,557 [WARN] ModelIntegratedComponent:63 - No mode defined for component null
2023-05-19 00:52:23,557 [WARN] ModelIntegratedComponent:63 - No mode defined for component null
2023-05-19 00:52:23,557 [WARN] ModelIntegratedComponent:63 - No mode defined for component null
2023-05-19 00:52:23,557 [WARN] ModelIntegratedComponent:63 - No mode defined for component null
2023-05-19 00:52:23,558 [WARN] ModelIntegratedComponent:63 - No mode defined for component null
2023-05-19 00:52:23,564 [WARN] ModelIntegratedComponent:182 - Modes not found for component STMicroelectronics:USB_DEVICE:1.0.0:STMicroelectronics:USB::USB Device:Audio HS::1.0:USB_DEVICE_1_0_RESTRICTED_HS
2023-05-19 00:52:23,564 [WARN] ModelIntegratedComponent:188 - Modes not found for component STMicroelectronics:USB_DEVICE:1.0.0:STMicroelectronics:USB::USB Device:Audio HS::1.0:USB_DEVICE_1_0_RESTRICTED_HS
2023-05-19 00:52:23,564 [WARN] ModelIntegratedComponent:182 - Modes not found for component STMicroelectronics:USB_DEVICE:1.0.0:STMicroelectronics:USB::USB Device:CDC HS::1.0:USB_DEVICE_1_0_RESTRICTED_HS
2023-05-19 00:52:23,564 [WARN] ModelIntegratedComponent:188 - Modes not found for component STMicroelectronics:USB_DEVICE:1.0.0:STMicroelectronics:USB::USB Device:CDC HS::1.0:USB_DEVICE_1_0_RESTRICTED_HS
2023-05-19 00:52:23,564 [WARN] ModelIntegratedComponent:182 - Modes not found for component STMicroelectronics:USB_DEVICE:1.0.0:STMicroelectronics:USB::USB Device:DFU HS::1.0:USB_DEVICE_1_0_RESTRICTED_HS
2023-05-19 00:52:23,564 [WARN] ModelIntegratedComponent:188 - Modes not found for component STMicroelectronics:USB_DEVICE:1.0.0:STMicroelectronics:USB::USB Device:DFU HS::1.0:USB_DEVICE_1_0_RESTRICTED_HS
2023-05-19 00:52:23,564 [WARN] ModelIntegratedComponent:182 - Modes not found for component STMicroelectronics:USB_DEVICE:1.0.0:STMicroelectronics:USB::USB Device:HID HS::1.0:USB_DEVICE_1_0_RESTRICTED_HS
2023-05-19 00:52:23,564 [WARN] ModelIntegratedComponent:188 - Modes not found for component STMicroelectronics:USB_DEVICE:1.0.0:STMicroelectronics:USB::USB Device:HID HS::1.0:USB_DEVICE_1_0_RESTRICTED_HS
2023-05-19 00:52:23,565 [WARN] ModelIntegratedComponent:182 - Modes not found for component STMicroelectronics:USB_DEVICE:1.0.0:STMicroelectronics:USB::USB Device:Custom HID HS::1.0:USB_DEVICE_1_0_RESTRICTED_HS
2023-05-19 00:52:23,565 [WARN] ModelIntegratedComponent:188 - Modes not found for component STMicroelectronics:USB_DEVICE:1.0.0:STMicroelectronics:USB::USB Device:Custom HID HS::1.0:USB_DEVICE_1_0_RESTRICTED_HS
2023-05-19 00:52:23,565 [WARN] ModelIntegratedComponent:182 - Modes not found for component STMicroelectronics:USB_DEVICE:1.0.0:STMicroelectronics:USB::USB Device:MSC HS::1.0:USB_DEVICE_1_0_RESTRICTED_HS
2023-05-19 00:52:23,565 [WARN] ModelIntegratedComponent:188 - Modes not found for component STMicroelectronics:USB_DEVICE:1.0.0:STMicroelectronics:USB::USB Device:MSC HS::1.0:USB_DEVICE_1_0_RESTRICTED_HS
2023-05-19 00:52:23,575 [INFO] ThirdPartyModel:298 - Start build external matchings
2023-05-19 00:52:23,947 [INFO] ThirdPartyModel:316 - End build external matchings
2023-05-19 00:52:24,330 [INFO] UtilMem:75 - End LoadConfig() Used Memory: 349305616 Bytes (793772032)
2023-05-19 00:52:24,402 [WARN] ThirdParty:833 - waiting for thirdparty lock release [change project]
2023-05-19 00:52:24,402 [INFO] ThirdParty:835 - entering critical section [change project]
2023-05-19 00:52:24,402 [INFO] ThirdParty:1030 - CMSIS Pack Vendor :STMicroelectronics X-CUBE-ISPU 1.1.0
2023-05-19 00:52:24,402 [INFO] ThirdParty:1030 - CMSIS Pack Vendor :STMicroelectronics X-CUBE-GNSS1 6.0.0
2023-05-19 00:52:24,403 [INFO] ThirdParty:1030 - CMSIS Pack Vendor :STMicroelectronics USB_HOST 2.0.0
2023-05-19 00:52:24,403 [INFO] ThirdParty:1030 - CMSIS Pack Vendor :STMicroelectronics X-CUBE-AZRTOS-F4 1.1.0
2023-05-19 00:52:24,403 [INFO] ThirdParty:1030 - CMSIS Pack Vendor :STMicroelectronics LIBJPEG 8.0.0
2023-05-19 00:52:24,403 [INFO] ThirdParty:1030 - CMSIS Pack Vendor :STMicroelectronics X-CUBE-SMBUS 2.1.0
2023-05-19 00:52:24,403 [INFO] ThirdParty:1030 - CMSIS Pack Vendor :wolfSSL I-CUBE-wolfSSL 5.6.0
2023-05-19 00:52:24,404 [INFO] ThirdParty:1030 - CMSIS Pack Vendor :STMicroelectronics USB_DEVICE 3.0.0
2023-05-19 00:52:24,404 [INFO] ThirdParty:1030 - CMSIS Pack Vendor :STMicroelectronics X-CUBE-AI 8.0.0
2023-05-19 00:52:24,404 [INFO] ThirdParty:1030 - CMSIS Pack Vendor :STMicroelectronics X-CUBE-FREERTOS 1.0.1
2023-05-19 00:52:24,404 [INFO] ThirdParty:1030 - CMSIS Pack Vendor :STMicroelectronics X-CUBE-TOUCHGFX 4.21.3
2023-05-19 00:52:24,404 [INFO] ThirdParty:1030 - CMSIS Pack Vendor :STMicroelectronics X-CUBE-AZRTOS-F7 1.1.0
2023-05-19 00:52:24,404 [INFO] ThirdParty:1030 - CMSIS Pack Vendor :STMicroelectronics X-CUBE-TOUCHGFX 4.21.4
2023-05-19 00:52:24,404 [INFO] ThirdParty:1030 - CMSIS Pack Vendor :STMicroelectronics USB_DEVICE 2.0.0
2023-05-19 00:52:24,405 [INFO] ThirdParty:1030 - CMSIS Pack Vendor :STMicroelectronics X-CUBE-MEMS1 9.6.0
2023-05-19 00:52:24,405 [INFO] ThirdParty:1030 - CMSIS Pack Vendor :STMicroelectronics FP-SNS-MOTENV1 4.3.0
2023-05-19 00:52:24,405 [INFO] ThirdParty:1030 - CMSIS Pack Vendor :STMicroelectronics FP-SNS-FLIGHT1 5.0.0
2023-05-19 00:52:24,405 [INFO] ThirdParty:1030 - CMSIS Pack Vendor :STMicroelectronics X-CUBE-ALGOBUILD 1.3.0
2023-05-19 00:52:24,405 [INFO] ThirdParty:1030 - CMSIS Pack Vendor :STMicroelectronics X-CUBE-BLE1 6.2.4
2023-05-19 00:52:24,405 [INFO] ThirdParty:1030 - CMSIS Pack Vendor :STMicroelectronics X-CUBE-AZRTOS-L5 1.1.0
2023-05-19 00:52:24,405 [INFO] ThirdParty:1030 - CMSIS Pack Vendor :STMicroelectronics FreeRTOS 0.0.1
2023-05-19 00:52:24,405 [INFO] ThirdParty:1030 - CMSIS Pack Vendor :emotas I-CUBE-CANOPEN 1.1.3
2023-05-19 00:52:24,405 [INFO] ThirdParty:1030 - CMSIS Pack Vendor :STMicroelectronics X-CUBE-AZRTOS-G0 1.1.0
2023-05-19 00:52:24,405 [INFO] ThirdParty:1030 - CMSIS Pack Vendor :STMicroelectronics X-CUBE-BLEMGR 2.0.0
2023-05-19 00:52:24,405 [INFO] ThirdParty:1030 - CMSIS Pack Vendor :STMicroelectronics X-CUBE-AI 8.0.1
2023-05-19 00:52:24,405 [INFO] ThirdParty:1030 - CMSIS Pack Vendor :STMicroelectronics X-CUBE-SUBG2 5.0.0
2023-05-19 00:52:24,405 [INFO] ThirdParty:1030 - CMSIS Pack Vendor :STMicroelectronics X-CUBE-NFC4 3.0.0
2023-05-19 00:52:24,405 [INFO] ThirdParty:1030 - CMSIS Pack Vendor :STMicroelectronics STM32_WPAN 1.0.0
2023-05-19 00:52:24,405 [INFO] ThirdParty:1030 - CMSIS Pack Vendor :STMicroelectronics lwIP 2.0.3
2023-05-19 00:52:24,405 [INFO] ThirdParty:1030 - CMSIS Pack Vendor :STMicroelectronics USB_HOST 1.0.0
2023-05-19 00:52:24,405 [INFO] ThirdParty:1030 - CMSIS Pack Vendor :STMicroelectronics X-CUBE-AZRTOS-G4 2.0.0
2023-05-19 00:52:24,405 [INFO] ThirdParty:1030 - CMSIS Pack Vendor :STMicroelectronics PDM2PCM 3.1.0
2023-05-19 00:52:24,405 [INFO] ThirdParty:1030 - CMSIS Pack Vendor :STMicroelectronics X-CUBE-AZRTOS-H7 3.1.0
2023-05-19 00:52:24,405 [INFO] ThirdParty:1030 - CMSIS Pack Vendor :STMicroelectronics X-CUBE-TOF1 3.3.0
2023-05-19 00:52:24,405 [INFO] ThirdParty:1030 - CMSIS Pack Vendor :STMicroelectronics PDM2PCM 3.3.0
2023-05-19 00:52:24,405 [INFO] ThirdParty:1030 - CMSIS Pack Vendor :STMicroelectronics X-CUBE-DISPLAY 3.0.0
2023-05-19 00:52:24,405 [INFO] ThirdParty:1030 - CMSIS Pack Vendor :STMicroelectronics FP-ATR-SIGFOX1 3.2.0
2023-05-19 00:52:24,405 [INFO] ThirdParty:1030 - CMSIS Pack Vendor :STMicroelectronics X-CUBE-AZRTOS-L4 1.0.0
2023-05-19 00:52:24,405 [INFO] ThirdParty:1030 - CMSIS Pack Vendor :STMicroelectronics HAL Drivers 0.0.0
2023-05-19 00:52:24,406 [INFO] ThirdParty:1030 - CMSIS Pack Vendor :STMicroelectronics MBEDTLS 2.16.2
2023-05-19 00:52:24,406 [INFO] ThirdParty:1030 - CMSIS Pack Vendor :STMicroelectronics MBEDTLS 2.14.1
2023-05-19 00:52:24,406 [INFO] ThirdParty:1030 - CMSIS Pack Vendor :STMicroelectronics X-CUBE-NFC7 1.0.0
2023-05-19 00:52:24,406 [INFO] ThirdParty:1030 - CMSIS Pack Vendor :STMicroelectronics X-CUBE-AZRTOS-WL 1.0.0
2023-05-19 00:52:24,406 [INFO] ThirdParty:1030 - CMSIS Pack Vendor :STMicroelectronics X-CUBE-EEPRMA1 4.1.0
2023-05-19 00:52:24,406 [INFO] ThirdParty:1030 - CMSIS Pack Vendor :portGmbH I-Cube-SoM-uGOAL 1.1.0
2023-05-19 00:52:24,406 [INFO] ThirdParty:1030 - CMSIS Pack Vendor :STMicroelectronics X-CUBE-ALS 1.0.1
2023-05-19 00:52:24,406 [INFO] ThirdParty:1030 - CMSIS Pack Vendor :STMicroelectronics ThreadX 1.0.0
2023-05-19 00:52:24,406 [INFO] ThirdParty:1030 - CMSIS Pack Vendor :STMicroelectronics X-CUBE-AZRTOS-WB 1.1.0
2023-05-19 00:52:24,406 [INFO] ThirdParty:1030 - CMSIS Pack Vendor :SEGGER I-CUBE-embOS 1.3.1
2023-05-19 00:52:24,406 [INFO] ThirdParty:1030 - CMSIS Pack Vendor :STMicroelectronics USB_DEVICE 1.0.0
2023-05-19 00:52:24,406 [INFO] ThirdParty:1030 - CMSIS Pack Vendor :STMicroelectronics ThreadX 0.0.2
2023-05-19 00:52:24,406 [INFO] ThirdParty:1030 - CMSIS Pack Vendor :WES I-CUBE-Cesium 1.3.0
2023-05-19 00:52:24,406 [INFO] ThirdParty:1030 - CMSIS Pack Vendor :STMicroelectronics FP-ATR-ASTRA1 2.0.0
2023-05-19 00:52:24,406 [INFO] ThirdParty:1030 - CMSIS Pack Vendor :STMicroelectronics lwIP 2.1.2
2023-05-19 00:52:24,406 [INFO] ThirdParty:1030 - CMSIS Pack Vendor :STMicroelectronics X-CUBE-SFXS2LP1 4.0.0
2023-05-19 00:52:24,406 [INFO] ThirdParty:1030 - CMSIS Pack Vendor :STMicroelectronics X-CUBE-BLE2 3.3.0
2023-05-19 00:52:24,407 [INFO] ThirdParty:1030 - CMSIS Pack Vendor :STMicroelectronics PDM2PCM 3.2.0
2023-05-19 00:52:24,407 [INFO] ThirdParty:841 - exiting critical section [change project]
2023-05-19 00:52:24,714 [INFO] PinOutPanel:1499 - setPackage(No Configuration,No Configuration)
2023-05-19 00:52:24,720 [INFO] PinOutPanel:1499 - setPackage(STM32F411CEUx,UFQFPN48)
2023-05-19 00:52:25,154 [INFO] UtilMem:75 - Before build in PCC Used Memory: 469360184 Bytes (793772032)
2023-05-19 00:52:25,554 [INFO] UtilMem:75 - After build in PCC Used Memory: 513400376 Bytes (793772032)
2023-05-19 00:52:25,586 [INFO] IPUIPlugin:80 - create IPUIPlugin
2023-05-19 00:52:25,587 [INFO] IPUIPlugin:80 - create IPUIPlugin
2023-05-19 00:52:25,587 [INFO] IPUIPlugin:80 - create IPUIPlugin
2023-05-19 00:52:25,587 [INFO] IPUIPlugin:80 - create IPUIPlugin
2023-05-19 00:52:25,588 [INFO] IPUIPlugin:80 - create IPUIPlugin
2023-05-19 00:52:25,588 [INFO] IPUIPlugin:80 - create IPUIPlugin
2023-05-19 00:52:25,589 [INFO] IPUIPlugin:80 - create IPUIPlugin
2023-05-19 00:52:25,589 [INFO] IPUIPlugin:80 - create IPUIPlugin
2023-05-19 00:52:25,590 [INFO] IPUIPlugin:80 - create IPUIPlugin
2023-05-19 00:52:25,590 [INFO] IPUIPlugin:80 - create IPUIPlugin
2023-05-19 00:52:25,590 [INFO] IPUIPlugin:80 - create IPUIPlugin
2023-05-19 00:52:25,590 [INFO] IPUIPlugin:80 - create IPUIPlugin
2023-05-19 00:52:25,590 [INFO] IPUIPlugin:80 - create IPUIPlugin
2023-05-19 00:52:25,590 [INFO] IPUIPlugin:80 - create IPUIPlugin
2023-05-19 00:52:25,591 [INFO] IPUIPlugin:80 - create IPUIPlugin
2023-05-19 00:52:25,591 [INFO] IPUIPlugin:80 - create IPUIPlugin
2023-05-19 00:52:25,591 [INFO] IPUIPlugin:80 - create IPUIPlugin
2023-05-19 00:52:25,592 [INFO] IPUIPlugin:80 - create IPUIPlugin
2023-05-19 00:52:25,592 [INFO] IPUIPlugin:80 - create IPUIPlugin
2023-05-19 00:52:25,592 [INFO] IPUIPlugin:80 - create IPUIPlugin
2023-05-19 00:52:25,593 [INFO] IPUIPlugin:80 - create IPUIPlugin
2023-05-19 00:52:25,593 [INFO] IPUIPlugin:80 - create IPUIPlugin
2023-05-19 00:52:25,593 [INFO] IPUIPlugin:80 - create IPUIPlugin
2023-05-19 00:52:25,594 [INFO] IPUIPlugin:80 - create IPUIPlugin
2023-05-19 00:52:25,594 [INFO] IPUIPlugin:80 - create IPUIPlugin
2023-05-19 00:52:25,594 [INFO] IPUIPlugin:80 - create IPUIPlugin
2023-05-19 00:52:25,595 [INFO] IPUIPlugin:80 - create IPUIPlugin
2023-05-19 00:52:25,595 [INFO] IPUIPlugin:80 - create IPUIPlugin
2023-05-19 00:52:25,596 [INFO] IPUIPlugin:80 - create IPUIPlugin
2023-05-19 00:52:25,596 [INFO] IPUIPlugin:80 - create IPUIPlugin
2023-05-19 00:52:25,596 [INFO] IPUIPlugin:80 - create IPUIPlugin
2023-05-19 00:52:25,597 [INFO] IPUIPlugin:80 - create IPUIPlugin
2023-05-19 00:52:25,597 [INFO] IPUIPlugin:80 - create IPUIPlugin
2023-05-19 00:52:25,597 [INFO] IPUIPlugin:80 - create IPUIPlugin
2023-05-19 00:52:25,598 [INFO] IPUIPlugin:80 - create IPUIPlugin
2023-05-19 00:52:25,598 [INFO] IPUIPlugin:80 - create IPUIPlugin
2023-05-19 00:52:25,598 [INFO] IPUIPlugin:80 - create IPUIPlugin
2023-05-19 00:52:25,599 [INFO] IPUIPlugin:80 - create IPUIPlugin
2023-05-19 00:52:25,600 [INFO] IPUIPlugin:80 - create IPUIPlugin
2023-05-19 00:52:25,600 [INFO] IPUIPlugin:80 - create IPUIPlugin
2023-05-19 00:52:25,601 [INFO] IPUIPlugin:80 - create IPUIPlugin
2023-05-19 00:52:25,601 [INFO] IPUIPlugin:80 - create IPUIPlugin
2023-05-19 00:52:25,602 [INFO] IPUIPlugin:80 - create IPUIPlugin
2023-05-19 00:52:25,626 [INFO] ApiDbMcu:507 - Load IP Config File for PDM2PCM
2023-05-19 00:52:25,667 [INFO] CADModel:165 - CPN selected for project levelSTM32F411CEU6
2023-05-19 00:52:25,668 [INFO] CADModel:114 - Register for checkConnection events
2023-05-19 00:52:25,755 [INFO] OpenFileManager:328 - Restore cursor
2023-05-19 03:54:00,092 [INFO] MainUpdater:2854 - connection check result : 10
2023-05-19 03:54:00,097 [INFO] MainUpdater:2854 - connection check result : 10
2023-05-19 03:54:00,251 [INFO] MicroXplorer:468 - Change Database Path : 
2023-05-19 03:54:00,251 [INFO] MicroXplorer:498 - Change Database Version : DB.6.0.81
2023-05-19 03:54:00,366 [WARN] ThirdParty:871 - waiting for thirdparty lock release [close project]
2023-05-19 03:54:00,367 [INFO] ThirdParty:873 - entering critical section [close project]
2023-05-19 03:54:00,369 [INFO] ThirdParty:883 - exiting critical section [close project]
2023-05-19 03:54:00,378 [INFO] PinOutPanel:1499 - setPackage(No Configuration,No Configuration)
2023-05-19 03:54:00,413 [WARN] IpParametersView:150 - Warning: This peripheral hasn't parameters
2023-05-19 03:54:00,436 [WARN] MainPanel:257 - <html><b><center>Warning: This peripheral has no parameters to be configured<br></b></html>
2023-05-19 03:54:00,454 [INFO] UtilMem:75 - Begin LoadConfig() Used Memory: 680915216 Bytes (793772032)
2023-05-19 03:54:00,456 [INFO] MicroXplorer:468 - Change Database Path : 
2023-05-19 03:54:00,456 [INFO] MicroXplorer:498 - Change Database Version : DB.6.0.81
2023-05-19 03:54:00,456 [INFO] OpenFileManager:308 - Change cursor
2023-05-19 03:54:00,489 [INFO] Mcu:1937 - Initializing MCU STM32F411C(C-E)Ux STM32F411CEUx STM32F411CEU6
2023-05-19 03:54:01,180 [INFO] Context:659 - Trying to add GPIOservice into a context  which must be forbidden
2023-05-19 03:54:01,456 [INFO] RtosManager:555 - Registered RTOS mode: class=CMSIS, group=RTOS, mode=CMSIS_V1, owner=FREERTOS
2023-05-19 03:54:01,456 [INFO] RtosManager:555 - Registered RTOS mode: class=CMSIS, group=RTOS2, mode=CMSIS_V2, owner=FREERTOS
2023-05-19 03:54:01,457 [INFO] RtosManager:555 - Registered RTOS mode: class=RTOS, group=Core, mode=CMSIS_V1, owner=FREERTOS
2023-05-19 03:54:01,457 [INFO] RtosManager:555 - Registered RTOS mode: class=RTOS, group=Core, mode=CMSIS_V2, owner=FREERTOS
2023-05-19 03:54:01,457 [WARN] ModelIntegratedComponent:184 - Missing modes for component STMicroelectronics:FreeRTOS:0.0.1:STMicroelectronics:RTOS:FreeRTOS:Core:::10.2.0:
2023-05-19 03:54:01,460 [WARN] ModelIntegratedComponent:182 - Modes not found for component STMicroelectronics:USB_HOST:1.0.0:STMicroelectronics:USB::USB Host:Audio HS::1.0:USB_HOST_1_0_RESTRICTED_HS
2023-05-19 03:54:01,460 [WARN] ModelIntegratedComponent:188 - Modes not found for component STMicroelectronics:USB_HOST:1.0.0:STMicroelectronics:USB::USB Host:Audio HS::1.0:USB_HOST_1_0_RESTRICTED_HS
2023-05-19 03:54:01,460 [WARN] ModelIntegratedComponent:182 - Modes not found for component STMicroelectronics:USB_HOST:1.0.0:STMicroelectronics:USB::USB Host:CDC HS::1.0:USB_HOST_1_0_RESTRICTED_HS
2023-05-19 03:54:01,460 [WARN] ModelIntegratedComponent:188 - Modes not found for component STMicroelectronics:USB_HOST:1.0.0:STMicroelectronics:USB::USB Host:CDC HS::1.0:USB_HOST_1_0_RESTRICTED_HS
2023-05-19 03:54:01,460 [WARN] ModelIntegratedComponent:182 - Modes not found for component STMicroelectronics:USB_HOST:1.0.0:STMicroelectronics:USB::USB Host:MSC HS::1.0:USB_HOST_1_0_RESTRICTED_HS
2023-05-19 03:54:01,460 [WARN] ModelIntegratedComponent:188 - Modes not found for component STMicroelectronics:USB_HOST:1.0.0:STMicroelectronics:USB::USB Host:MSC HS::1.0:USB_HOST_1_0_RESTRICTED_HS
2023-05-19 03:54:01,460 [WARN] ModelIntegratedComponent:182 - Modes not found for component STMicroelectronics:USB_HOST:1.0.0:STMicroelectronics:USB::USB Host:HID HS::1.0:USB_HOST_1_0_RESTRICTED_HS
2023-05-19 03:54:01,460 [WARN] ModelIntegratedComponent:188 - Modes not found for component STMicroelectronics:USB_HOST:1.0.0:STMicroelectronics:USB::USB Host:HID HS::1.0:USB_HOST_1_0_RESTRICTED_HS
2023-05-19 03:54:01,460 [WARN] ModelIntegratedComponent:182 - Modes not found for component STMicroelectronics:USB_HOST:1.0.0:STMicroelectronics:USB::USB Host:MTP HS::1.0:USB_HOST_1_0_RESTRICTED_HS
2023-05-19 03:54:01,460 [WARN] ModelIntegratedComponent:188 - Modes not found for component STMicroelectronics:USB_HOST:1.0.0:STMicroelectronics:USB::USB Host:MTP HS::1.0:USB_HOST_1_0_RESTRICTED_HS
2023-05-19 03:54:01,467 [WARN] ModelIntegratedComponent:63 - No mode defined for component null
2023-05-19 03:54:01,467 [WARN] ModelIntegratedComponent:63 - No mode defined for component null
2023-05-19 03:54:01,467 [WARN] ModelIntegratedComponent:63 - No mode defined for component null
2023-05-19 03:54:01,467 [WARN] ModelIntegratedComponent:63 - No mode defined for component null
2023-05-19 03:54:01,467 [WARN] ModelIntegratedComponent:63 - No mode defined for component null
2023-05-19 03:54:01,467 [WARN] ModelIntegratedComponent:63 - No mode defined for component null
2023-05-19 03:54:01,467 [WARN] ModelIntegratedComponent:63 - No mode defined for component null
2023-05-19 03:54:01,467 [WARN] ModelIntegratedComponent:63 - No mode defined for component null
2023-05-19 03:54:01,467 [WARN] ModelIntegratedComponent:63 - No mode defined for component null
2023-05-19 03:54:01,467 [WARN] ModelIntegratedComponent:63 - No mode defined for component null
2023-05-19 03:54:01,467 [WARN] ModelIntegratedComponent:63 - No mode defined for component null
2023-05-19 03:54:01,467 [WARN] ModelIntegratedComponent:63 - No mode defined for component null
2023-05-19 03:54:01,467 [WARN] ModelIntegratedComponent:63 - No mode defined for component null
2023-05-19 03:54:01,467 [WARN] ModelIntegratedComponent:63 - No mode defined for component null
2023-05-19 03:54:01,467 [WARN] ModelIntegratedComponent:63 - No mode defined for component null
2023-05-19 03:54:01,467 [WARN] ModelIntegratedComponent:63 - No mode defined for component null
2023-05-19 03:54:01,467 [WARN] ModelIntegratedComponent:63 - No mode defined for component null
2023-05-19 03:54:01,467 [WARN] ModelIntegratedComponent:63 - No mode defined for component null
2023-05-19 03:54:01,467 [WARN] ModelIntegratedComponent:63 - No mode defined for component null
2023-05-19 03:54:01,467 [WARN] ModelIntegratedComponent:63 - No mode defined for component null
2023-05-19 03:54:01,467 [WARN] ModelIntegratedComponent:63 - No mode defined for component null
2023-05-19 03:54:01,467 [WARN] ModelIntegratedComponent:63 - No mode defined for component null
2023-05-19 03:54:01,467 [WARN] ModelIntegratedComponent:63 - No mode defined for component null
2023-05-19 03:54:01,467 [WARN] ModelIntegratedComponent:63 - No mode defined for component null
2023-05-19 03:54:01,467 [WARN] ModelIntegratedComponent:63 - No mode defined for component null
2023-05-19 03:54:01,467 [WARN] ModelIntegratedComponent:63 - No mode defined for component null
2023-05-19 03:54:01,467 [WARN] ModelIntegratedComponent:63 - No mode defined for component null
2023-05-19 03:54:01,467 [WARN] ModelIntegratedComponent:63 - No mode defined for component null
2023-05-19 03:54:01,467 [WARN] ModelIntegratedComponent:63 - No mode defined for component null
2023-05-19 03:54:01,467 [WARN] ModelIntegratedComponent:63 - No mode defined for component null
2023-05-19 03:54:01,467 [WARN] ModelIntegratedComponent:63 - No mode defined for component null
2023-05-19 03:54:01,467 [WARN] ModelIntegratedComponent:63 - No mode defined for component null
2023-05-19 03:54:01,467 [WARN] ModelIntegratedComponent:63 - No mode defined for component null
2023-05-19 03:54:01,472 [WARN] ModelIntegratedComponent:182 - Modes not found for component STMicroelectronics:USB_DEVICE:1.0.0:STMicroelectronics:USB::USB Device:Audio HS::1.0:USB_DEVICE_1_0_RESTRICTED_HS
2023-05-19 03:54:01,472 [WARN] ModelIntegratedComponent:188 - Modes not found for component STMicroelectronics:USB_DEVICE:1.0.0:STMicroelectronics:USB::USB Device:Audio HS::1.0:USB_DEVICE_1_0_RESTRICTED_HS
2023-05-19 03:54:01,472 [WARN] ModelIntegratedComponent:182 - Modes not found for component STMicroelectronics:USB_DEVICE:1.0.0:STMicroelectronics:USB::USB Device:CDC HS::1.0:USB_DEVICE_1_0_RESTRICTED_HS
2023-05-19 03:54:01,472 [WARN] ModelIntegratedComponent:188 - Modes not found for component STMicroelectronics:USB_DEVICE:1.0.0:STMicroelectronics:USB::USB Device:CDC HS::1.0:USB_DEVICE_1_0_RESTRICTED_HS
2023-05-19 03:54:01,472 [WARN] ModelIntegratedComponent:182 - Modes not found for component STMicroelectronics:USB_DEVICE:1.0.0:STMicroelectronics:USB::USB Device:DFU HS::1.0:USB_DEVICE_1_0_RESTRICTED_HS
2023-05-19 03:54:01,472 [WARN] ModelIntegratedComponent:188 - Modes not found for component STMicroelectronics:USB_DEVICE:1.0.0:STMicroelectronics:USB::USB Device:DFU HS::1.0:USB_DEVICE_1_0_RESTRICTED_HS
2023-05-19 03:54:01,472 [WARN] ModelIntegratedComponent:182 - Modes not found for component STMicroelectronics:USB_DEVICE:1.0.0:STMicroelectronics:USB::USB Device:HID HS::1.0:USB_DEVICE_1_0_RESTRICTED_HS
2023-05-19 03:54:01,472 [WARN] ModelIntegratedComponent:188 - Modes not found for component STMicroelectronics:USB_DEVICE:1.0.0:STMicroelectronics:USB::USB Device:HID HS::1.0:USB_DEVICE_1_0_RESTRICTED_HS
2023-05-19 03:54:01,472 [WARN] ModelIntegratedComponent:182 - Modes not found for component STMicroelectronics:USB_DEVICE:1.0.0:STMicroelectronics:USB::USB Device:Custom HID HS::1.0:USB_DEVICE_1_0_RESTRICTED_HS
2023-05-19 03:54:01,472 [WARN] ModelIntegratedComponent:188 - Modes not found for component STMicroelectronics:USB_DEVICE:1.0.0:STMicroelectronics:USB::USB Device:Custom HID HS::1.0:USB_DEVICE_1_0_RESTRICTED_HS
2023-05-19 03:54:01,472 [WARN] ModelIntegratedComponent:182 - Modes not found for component STMicroelectronics:USB_DEVICE:1.0.0:STMicroelectronics:USB::USB Device:MSC HS::1.0:USB_DEVICE_1_0_RESTRICTED_HS
2023-05-19 03:54:01,472 [WARN] ModelIntegratedComponent:188 - Modes not found for component STMicroelectronics:USB_DEVICE:1.0.0:STMicroelectronics:USB::USB Device:MSC HS::1.0:USB_DEVICE_1_0_RESTRICTED_HS
2023-05-19 03:54:01,476 [INFO] ThirdPartyModel:298 - Start build external matchings
2023-05-19 03:54:01,657 [INFO] ThirdPartyModel:316 - End build external matchings
2023-05-19 03:54:01,668 [INFO] ImportTextPane:194 - (OptionalMessage_ERROR) IP (RCC) : Parameter (RTCHSEDivFreq_Value) has invalid value (12500000)
2023-05-19 03:54:01,832 [INFO] UtilMem:75 - End LoadConfig() Used Memory: 509810784 Bytes (793772032)
2023-05-19 03:54:01,870 [WARN] ThirdParty:833 - waiting for thirdparty lock release [change project]
2023-05-19 03:54:01,870 [INFO] ThirdParty:835 - entering critical section [change project]
2023-05-19 03:54:01,870 [INFO] ThirdParty:1030 - CMSIS Pack Vendor :STMicroelectronics X-CUBE-ISPU 1.1.0
2023-05-19 03:54:01,870 [INFO] ThirdParty:1030 - CMSIS Pack Vendor :STMicroelectronics X-CUBE-GNSS1 6.0.0
2023-05-19 03:54:01,870 [INFO] ThirdParty:1030 - CMSIS Pack Vendor :STMicroelectronics USB_HOST 2.0.0
2023-05-19 03:54:01,870 [INFO] ThirdParty:1030 - CMSIS Pack Vendor :STMicroelectronics X-CUBE-AZRTOS-F4 1.1.0
2023-05-19 03:54:01,870 [INFO] ThirdParty:1030 - CMSIS Pack Vendor :STMicroelectronics LIBJPEG 8.0.0
2023-05-19 03:54:01,870 [INFO] ThirdParty:1030 - CMSIS Pack Vendor :STMicroelectronics X-CUBE-SMBUS 2.1.0
2023-05-19 03:54:01,870 [INFO] ThirdParty:1030 - CMSIS Pack Vendor :wolfSSL I-CUBE-wolfSSL 5.6.0
2023-05-19 03:54:01,870 [INFO] ThirdParty:1030 - CMSIS Pack Vendor :STMicroelectronics USB_DEVICE 3.0.0
2023-05-19 03:54:01,870 [INFO] ThirdParty:1030 - CMSIS Pack Vendor :STMicroelectronics X-CUBE-AI 8.0.0
2023-05-19 03:54:01,870 [INFO] ThirdParty:1030 - CMSIS Pack Vendor :STMicroelectronics X-CUBE-FREERTOS 1.0.1
2023-05-19 03:54:01,870 [INFO] ThirdParty:1030 - CMSIS Pack Vendor :STMicroelectronics X-CUBE-TOUCHGFX 4.21.3
2023-05-19 03:54:01,870 [INFO] ThirdParty:1030 - CMSIS Pack Vendor :STMicroelectronics X-CUBE-AZRTOS-F7 1.1.0
2023-05-19 03:54:01,870 [INFO] ThirdParty:1030 - CMSIS Pack Vendor :STMicroelectronics X-CUBE-TOUCHGFX 4.21.4
2023-05-19 03:54:01,870 [INFO] ThirdParty:1030 - CMSIS Pack Vendor :STMicroelectronics USB_DEVICE 2.0.0
2023-05-19 03:54:01,870 [INFO] ThirdParty:1030 - CMSIS Pack Vendor :STMicroelectronics X-CUBE-MEMS1 9.6.0
2023-05-19 03:54:01,870 [INFO] ThirdParty:1030 - CMSIS Pack Vendor :STMicroelectronics FP-SNS-MOTENV1 4.3.0
2023-05-19 03:54:01,870 [INFO] ThirdParty:1030 - CMSIS Pack Vendor :STMicroelectronics FP-SNS-FLIGHT1 5.0.0
2023-05-19 03:54:01,870 [INFO] ThirdParty:1030 - CMSIS Pack Vendor :STMicroelectronics X-CUBE-ALGOBUILD 1.3.0
2023-05-19 03:54:01,870 [INFO] ThirdParty:1030 - CMSIS Pack Vendor :STMicroelectronics X-CUBE-BLE1 6.2.4
2023-05-19 03:54:01,870 [INFO] ThirdParty:1030 - CMSIS Pack Vendor :STMicroelectronics X-CUBE-AZRTOS-L5 1.1.0
2023-05-19 03:54:01,870 [INFO] ThirdParty:1030 - CMSIS Pack Vendor :STMicroelectronics FreeRTOS 0.0.1
2023-05-19 03:54:01,870 [INFO] ThirdParty:1030 - CMSIS Pack Vendor :emotas I-CUBE-CANOPEN 1.1.3
2023-05-19 03:54:01,870 [INFO] ThirdParty:1030 - CMSIS Pack Vendor :STMicroelectronics X-CUBE-AZRTOS-G0 1.1.0
2023-05-19 03:54:01,870 [INFO] ThirdParty:1030 - CMSIS Pack Vendor :STMicroelectronics X-CUBE-BLEMGR 2.0.0
2023-05-19 03:54:01,870 [INFO] ThirdParty:1030 - CMSIS Pack Vendor :STMicroelectronics X-CUBE-AI 8.0.1
2023-05-19 03:54:01,870 [INFO] ThirdParty:1030 - CMSIS Pack Vendor :STMicroelectronics X-CUBE-SUBG2 5.0.0
2023-05-19 03:54:01,870 [INFO] ThirdParty:1030 - CMSIS Pack Vendor :STMicroelectronics X-CUBE-NFC4 3.0.0
2023-05-19 03:54:01,870 [INFO] ThirdParty:1030 - CMSIS Pack Vendor :STMicroelectronics STM32_WPAN 1.0.0
2023-05-19 03:54:01,870 [INFO] ThirdParty:1030 - CMSIS Pack Vendor :STMicroelectronics lwIP 2.0.3
2023-05-19 03:54:01,870 [INFO] ThirdParty:1030 - CMSIS Pack Vendor :STMicroelectronics USB_HOST 1.0.0
2023-05-19 03:54:01,870 [INFO] ThirdParty:1030 - CMSIS Pack Vendor :STMicroelectronics X-CUBE-AZRTOS-G4 2.0.0
2023-05-19 03:54:01,870 [INFO] ThirdParty:1030 - CMSIS Pack Vendor :STMicroelectronics PDM2PCM 3.1.0
2023-05-19 03:54:01,871 [INFO] ThirdParty:1030 - CMSIS Pack Vendor :STMicroelectronics X-CUBE-AZRTOS-H7 3.1.0
2023-05-19 03:54:01,871 [INFO] ThirdParty:1030 - CMSIS Pack Vendor :STMicroelectronics X-CUBE-TOF1 3.3.0
2023-05-19 03:54:01,871 [INFO] ThirdParty:1030 - CMSIS Pack Vendor :STMicroelectronics PDM2PCM 3.3.0
2023-05-19 03:54:01,871 [INFO] ThirdParty:1030 - CMSIS Pack Vendor :STMicroelectronics X-CUBE-DISPLAY 3.0.0
2023-05-19 03:54:01,871 [INFO] ThirdParty:1030 - CMSIS Pack Vendor :STMicroelectronics FP-ATR-SIGFOX1 3.2.0
2023-05-19 03:54:01,871 [INFO] ThirdParty:1030 - CMSIS Pack Vendor :STMicroelectronics X-CUBE-AZRTOS-L4 1.0.0
2023-05-19 03:54:01,871 [INFO] ThirdParty:1030 - CMSIS Pack Vendor :STMicroelectronics HAL Drivers 0.0.0
2023-05-19 03:54:01,871 [INFO] ThirdParty:1030 - CMSIS Pack Vendor :STMicroelectronics MBEDTLS 2.16.2
2023-05-19 03:54:01,871 [INFO] ThirdParty:1030 - CMSIS Pack Vendor :STMicroelectronics MBEDTLS 2.14.1
2023-05-19 03:54:01,871 [INFO] ThirdParty:1030 - CMSIS Pack Vendor :STMicroelectronics X-CUBE-NFC7 1.0.0
2023-05-19 03:54:01,871 [INFO] ThirdParty:1030 - CMSIS Pack Vendor :STMicroelectronics X-CUBE-AZRTOS-WL 1.0.0
2023-05-19 03:54:01,871 [INFO] ThirdParty:1030 - CMSIS Pack Vendor :STMicroelectronics X-CUBE-EEPRMA1 4.1.0
2023-05-19 03:54:01,871 [INFO] ThirdParty:1030 - CMSIS Pack Vendor :portGmbH I-Cube-SoM-uGOAL 1.1.0
2023-05-19 03:54:01,871 [INFO] ThirdParty:1030 - CMSIS Pack Vendor :STMicroelectronics X-CUBE-ALS 1.0.1
2023-05-19 03:54:01,871 [INFO] ThirdParty:1030 - CMSIS Pack Vendor :STMicroelectronics ThreadX 1.0.0
2023-05-19 03:54:01,871 [INFO] ThirdParty:1030 - CMSIS Pack Vendor :STMicroelectronics X-CUBE-AZRTOS-WB 1.1.0
2023-05-19 03:54:01,871 [INFO] ThirdParty:1030 - CMSIS Pack Vendor :SEGGER I-CUBE-embOS 1.3.1
2023-05-19 03:54:01,871 [INFO] ThirdParty:1030 - CMSIS Pack Vendor :STMicroelectronics USB_DEVICE 1.0.0
2023-05-19 03:54:01,871 [INFO] ThirdParty:1030 - CMSIS Pack Vendor :STMicroelectronics ThreadX 0.0.2
2023-05-19 03:54:01,871 [INFO] ThirdParty:1030 - CMSIS Pack Vendor :WES I-CUBE-Cesium 1.3.0
2023-05-19 03:54:01,871 [INFO] ThirdParty:1030 - CMSIS Pack Vendor :STMicroelectronics FP-ATR-ASTRA1 2.0.0
2023-05-19 03:54:01,871 [INFO] ThirdParty:1030 - CMSIS Pack Vendor :STMicroelectronics lwIP 2.1.2
2023-05-19 03:54:01,871 [INFO] ThirdParty:1030 - CMSIS Pack Vendor :STMicroelectronics X-CUBE-SFXS2LP1 4.0.0
2023-05-19 03:54:01,871 [INFO] ThirdParty:1030 - CMSIS Pack Vendor :STMicroelectronics X-CUBE-BLE2 3.3.0
2023-05-19 03:54:01,871 [INFO] ThirdParty:1030 - CMSIS Pack Vendor :STMicroelectronics PDM2PCM 3.2.0
2023-05-19 03:54:01,871 [INFO] ThirdParty:841 - exiting critical section [change project]
2023-05-19 03:54:02,023 [INFO] PinOutPanel:1499 - setPackage(No Configuration,No Configuration)
2023-05-19 03:54:02,025 [INFO] PinOutPanel:1499 - setPackage(STM32F411CEUx,UFQFPN48)
2023-05-19 03:54:02,205 [INFO] UtilMem:75 - Before build in PCC Used Memory: 656287600 Bytes (793772032)
2023-05-19 03:54:02,415 [INFO] UtilMem:75 - After build in PCC Used Memory: 292429936 Bytes (793772032)
2023-05-19 03:54:02,436 [INFO] IPUIPlugin:80 - create IPUIPlugin
2023-05-19 03:54:02,437 [INFO] IPUIPlugin:80 - create IPUIPlugin
2023-05-19 03:54:02,437 [INFO] IPUIPlugin:80 - create IPUIPlugin
2023-05-19 03:54:02,438 [INFO] IPUIPlugin:80 - create IPUIPlugin
2023-05-19 03:54:02,438 [INFO] IPUIPlugin:80 - create IPUIPlugin
2023-05-19 03:54:02,438 [INFO] IPUIPlugin:80 - create IPUIPlugin
2023-05-19 03:54:02,438 [INFO] IPUIPlugin:80 - create IPUIPlugin
2023-05-19 03:54:02,439 [INFO] IPUIPlugin:80 - create IPUIPlugin
2023-05-19 03:54:02,439 [INFO] IPUIPlugin:80 - create IPUIPlugin
2023-05-19 03:54:02,439 [INFO] IPUIPlugin:80 - create IPUIPlugin
2023-05-19 03:54:02,439 [INFO] IPUIPlugin:80 - create IPUIPlugin
2023-05-19 03:54:02,442 [INFO] IPUIPlugin:80 - create IPUIPlugin
2023-05-19 03:54:02,442 [INFO] IPUIPlugin:80 - create IPUIPlugin
2023-05-19 03:54:02,442 [INFO] IPUIPlugin:80 - create IPUIPlugin
2023-05-19 03:54:02,442 [INFO] IPUIPlugin:80 - create IPUIPlugin
2023-05-19 03:54:02,442 [INFO] IPUIPlugin:80 - create IPUIPlugin
2023-05-19 03:54:02,442 [INFO] IPUIPlugin:80 - create IPUIPlugin
2023-05-19 03:54:02,443 [INFO] IPUIPlugin:80 - create IPUIPlugin
2023-05-19 03:54:02,443 [INFO] IPUIPlugin:80 - create IPUIPlugin
2023-05-19 03:54:02,443 [INFO] IPUIPlugin:80 - create IPUIPlugin
2023-05-19 03:54:02,443 [INFO] IPUIPlugin:80 - create IPUIPlugin
2023-05-19 03:54:02,443 [INFO] IPUIPlugin:80 - create IPUIPlugin
2023-05-19 03:54:02,443 [INFO] IPUIPlugin:80 - create IPUIPlugin
2023-05-19 03:54:02,443 [INFO] IPUIPlugin:80 - create IPUIPlugin
2023-05-19 03:54:02,443 [INFO] IPUIPlugin:80 - create IPUIPlugin
2023-05-19 03:54:02,444 [INFO] IPUIPlugin:80 - create IPUIPlugin
2023-05-19 03:54:02,444 [INFO] IPUIPlugin:80 - create IPUIPlugin
2023-05-19 03:54:02,444 [INFO] IPUIPlugin:80 - create IPUIPlugin
2023-05-19 03:54:02,444 [INFO] IPUIPlugin:80 - create IPUIPlugin
2023-05-19 03:54:02,444 [INFO] IPUIPlugin:80 - create IPUIPlugin
2023-05-19 03:54:02,444 [INFO] IPUIPlugin:80 - create IPUIPlugin
2023-05-19 03:54:02,444 [INFO] IPUIPlugin:80 - create IPUIPlugin
2023-05-19 03:54:02,445 [INFO] IPUIPlugin:80 - create IPUIPlugin
2023-05-19 03:54:02,445 [INFO] IPUIPlugin:80 - create IPUIPlugin
2023-05-19 03:54:02,445 [INFO] IPUIPlugin:80 - create IPUIPlugin
2023-05-19 03:54:02,445 [INFO] IPUIPlugin:80 - create IPUIPlugin
2023-05-19 03:54:02,445 [INFO] IPUIPlugin:80 - create IPUIPlugin
2023-05-19 03:54:02,445 [INFO] IPUIPlugin:80 - create IPUIPlugin
2023-05-19 03:54:02,445 [INFO] IPUIPlugin:80 - create IPUIPlugin
2023-05-19 03:54:02,445 [INFO] IPUIPlugin:80 - create IPUIPlugin
2023-05-19 03:54:02,446 [INFO] IPUIPlugin:80 - create IPUIPlugin
2023-05-19 03:54:02,446 [INFO] IPUIPlugin:80 - create IPUIPlugin
2023-05-19 03:54:02,446 [INFO] IPUIPlugin:80 - create IPUIPlugin
2023-05-19 03:54:02,456 [INFO] ApiDbMcu:507 - Load IP Config File for PDM2PCM
2023-05-19 03:54:02,502 [INFO] CADModel:165 - CPN selected for project levelSTM32F411CEU6
2023-05-19 03:54:02,502 [INFO] CADModel:114 - Register for checkConnection events
2023-05-19 03:54:02,546 [INFO] OpenFileManager:328 - Restore cursor
2023-05-19 03:55:55,380 [INFO] UtilMem:75 - End SaveConfig() Used Memory: 703286832 Bytes (793772032)
2023-05-19 03:55:55,860 [INFO] UtilMem:75 - End SaveConfig() Used Memory: 318496000 Bytes (793772032)
2023-05-19 03:55:56,090 [INFO] BlockDiagram:2759 - set Specific Code input for plugin: NVIC
2023-05-19 03:55:56,091 [INFO] BlockDiagram:2759 - set Specific Code input for plugin: USART
2023-05-19 03:55:56,091 [INFO] BlockDiagram:2759 - set Specific Code input for plugin: TIM1_8
2023-05-19 03:55:56,091 [INFO] BlockDiagram:2759 - set Specific Code input for plugin: SYS
2023-05-19 03:55:56,091 [INFO] BlockDiagram:2759 - set Specific Code input for plugin: GPIO
2023-05-19 03:55:56,091 [INFO] BlockDiagram:2759 - set Specific Code input for plugin: ADC
2023-05-19 03:55:56,091 [INFO] BlockDiagram:2759 - set Specific Code input for plugin: RCC
2023-05-19 03:55:56,095 [INFO] CodeGenerator:793 - code generatio: config db path: C:\ST\STM32CubeIDE_1.12.1\STM32CubeIDE\plugins\com.st.stm32cube.common.mx_6.8.1.202304191431\\db\
2023-05-19 03:55:56,248 [INFO] CodeEngine:255 - oldGeneratedFile, C:\Users\mfern\STM32CubeIDE\workspace_1.12.1\servoMotores\MXTmpFiles\license.tmp_save
2023-05-19 03:55:56,352 [INFO] CodeEngine:279 - Generated code: C:\Users\mfern\STM32CubeIDE\workspace_1.12.1\servoMotores\MXTmpFiles\license.tmp
2023-05-19 03:55:56,383 [INFO] CodeEngine:255 - oldGeneratedFile, C:\Users\mfern\STM32CubeIDE\workspace_1.12.1\servoMotores\MXTmpFiles\gpio.tmp_save
2023-05-19 03:55:56,445 [INFO] CodeEngine:279 - Generated code: C:\Users\mfern\STM32CubeIDE\workspace_1.12.1\servoMotores\MXTmpFiles\gpio.tmp
2023-05-19 03:55:56,533 [INFO] CodeEngine:255 - oldGeneratedFile, C:\Users\mfern\STM32CubeIDE\workspace_1.12.1\servoMotores\Core\Src\stm32f4xx_it.c_save
2023-05-19 03:55:56,651 [INFO] CodeEngine:279 - Generated code: C:\Users\mfern\STM32CubeIDE\workspace_1.12.1\servoMotores\Core\Src\stm32f4xx_it.c
2023-05-19 03:55:56,656 [INFO] CodeEngine:255 - oldGeneratedFile, C:\Users\mfern\STM32CubeIDE\workspace_1.12.1\servoMotores\Core\Inc\stm32f4xx_it.h_save
2023-05-19 03:55:56,801 [INFO] CodeEngine:279 - Generated code: C:\Users\mfern\STM32CubeIDE\workspace_1.12.1\servoMotores\Core\Inc\stm32f4xx_it.h
2023-05-19 03:55:56,809 [INFO] CodeEngine:255 - oldGeneratedFile, C:\Users\mfern\STM32CubeIDE\workspace_1.12.1\servoMotores\Core\Src\stm32f4xx_hal_msp.c_save
2023-05-19 03:55:56,886 [INFO] CodeEngine:279 - Generated code: C:\Users\mfern\STM32CubeIDE\workspace_1.12.1\servoMotores\Core\Src\stm32f4xx_hal_msp.c
2023-05-19 03:55:56,888 [INFO] CodeEngine:255 - oldGeneratedFile, C:\Users\mfern\STM32CubeIDE\workspace_1.12.1\servoMotores\MXTmpFiles\system.tmp_save
2023-05-19 03:55:56,931 [INFO] CodeEngine:279 - Generated code: C:\Users\mfern\STM32CubeIDE\workspace_1.12.1\servoMotores\MXTmpFiles\system.tmp
2023-05-19 03:55:56,937 [INFO] CodeEngine:311 - oldGeneratedFile, C:\Users\mfern\STM32CubeIDE\workspace_1.12.1\servoMotores\Core\Inc\stm32f4xx_hal_conf.h_save
2023-05-19 03:55:56,988 [INFO] CodeEngine:335 - Generated code: C:\Users\mfern\STM32CubeIDE\workspace_1.12.1\servoMotores\Core\Inc\stm32f4xx_hal_conf.h
2023-05-19 03:55:56,999 [WARN] IPConfigManager:3431 - IP not found : TIM
2023-05-19 03:55:57,000 [WARN] CodeGenerator:3754 - IP not found : null
2023-05-19 03:55:57,007 [INFO] CodeEngine:255 - oldGeneratedFile, C:\Users\mfern\STM32CubeIDE\workspace_1.12.1\servoMotores\Core\Inc\main.h_save
2023-05-19 03:55:57,067 [INFO] CodeEngine:279 - Generated code: C:\Users\mfern\STM32CubeIDE\workspace_1.12.1\servoMotores\Core\Inc\main.h
2023-05-19 03:55:57,073 [INFO] CodeEngine:255 - oldGeneratedFile, C:\Users\mfern\STM32CubeIDE\workspace_1.12.1\servoMotores\Core\Src\main.c_save
2023-05-19 03:55:57,155 [INFO] CodeEngine:279 - Generated code: C:\Users\mfern\STM32CubeIDE\workspace_1.12.1\servoMotores\Core\Src\main.c
2023-05-19 03:55:57,628 [INFO] ProjectBuilder:2996 - Time for Copy HAL[1] : 174mS.
2023-05-19 03:55:57,634 [INFO] ProjectBuilder:4304 - Project Generator version: 3.19.2
2023-05-19 03:55:57,918 [INFO] ConfigFileManager:1483 - The Die is : DIE431
2023-05-19 03:55:57,921 [INFO] ApiDbMcu:507 - Load IP Config File for FATFS
2023-05-19 03:55:57,925 [INFO] ApiDbMcu:507 - Load IP Config File for FREERTOS
2023-05-19 03:55:57,926 [INFO] ApiDbMcu:507 - Load IP Config File for LIBJPEG
2023-05-19 03:55:57,929 [INFO] ApiDbMcu:507 - Load IP Config File for MBEDTLS
2023-05-19 03:55:57,934 [INFO] ApiDbMcu:507 - Load IP Config File for USB_DEVICE
2023-05-19 03:55:57,936 [INFO] ApiDbMcu:507 - Load IP Config File for USB_HOST
2023-05-19 03:55:59,384 [INFO] ProjectBuilder:4505 - Time for Generating toolchain IDE Files: 1751mS.
2023-05-19 03:55:59,385 [INFO] ProjectBuilder:2867 - Time for Copy CMSIS : 0mS.
2023-05-19 03:55:59,387 [INFO] ProjectBuilder:2867 - Time for Copy CMSIS : 0mS.
